<?xml version="1.0" encoding="UTF-8"?>
<coverage generated="1734533679105" clover="3.2.0">
  <project timestamp="1734533679105" name="All files">
    <metrics statements="131" coveredstatements="83" conditionals="54" coveredconditionals="40" methods="67" coveredmethods="41" elements="252" coveredelements="164" complexity="0" loc="131" ncloc="131" packages="3" files="11" classes="11"/>
    <package name="src">
      <metrics statements="6" coveredstatements="6" conditionals="3" coveredconditionals="3" methods="2" coveredmethods="2"/>
      <file name="App.tsx" path="C:/Users/z8r90/Desktop/projects/TypeScript/GraphicMemo/Frontend/src/App.tsx">
        <metrics statements="5" coveredstatements="5" conditionals="3" coveredconditionals="3" methods="2" coveredmethods="2"/>
        <line num="1" count="120" type="cond" truecount="3" falsecount="0"/>
        <line num="8" count="42" type="stmt"/>
        <line num="37" count="42" type="stmt"/>
        <line num="38" count="15" type="stmt"/>
        <line num="40" count="15" type="stmt"/>
      </file>
      <file name="main.tsx" path="C:/Users/z8r90/Desktop/projects/TypeScript/GraphicMemo/Frontend/src/main.tsx">
        <metrics statements="1" coveredstatements="1" conditionals="0" coveredconditionals="0" methods="0" coveredmethods="0"/>
        <line num="6" count="15" type="stmt"/>
      </file>
    </package>
    <package name="src.components">
      <metrics statements="98" coveredstatements="69" conditionals="41" coveredconditionals="30" methods="52" coveredmethods="36"/>
      <file name="AddComic.tsx" path="C:/Users/z8r90/Desktop/projects/TypeScript/GraphicMemo/Frontend/src/components/AddComic.tsx">
        <metrics statements="35" coveredstatements="33" conditionals="7" coveredconditionals="7" methods="17" coveredmethods="16"/>
        <line num="1" count="135" type="cond" truecount="3" falsecount="0"/>
        <line num="6" count="2574" type="stmt"/>
        <line num="7" count="2574" type="stmt"/>
        <line num="8" count="2574" type="stmt"/>
        <line num="9" count="2574" type="stmt"/>
        <line num="10" count="2574" type="stmt"/>
        <line num="11" count="2574" type="stmt"/>
        <line num="12" count="2574" type="stmt"/>
        <line num="13" count="2574" type="stmt"/>
        <line num="14" count="2574" type="stmt"/>
        <line num="15" count="2574" type="stmt"/>
        <line num="17" count="2574" type="stmt"/>
        <line num="18" count="3" type="stmt"/>
        <line num="32" count="3" type="stmt"/>
        <line num="33" count="3" type="stmt"/>
        <line num="34" count="3" type="stmt"/>
        <line num="35" count="3" type="stmt"/>
        <line num="36" count="3" type="stmt"/>
        <line num="39" count="3" type="stmt"/>
        <line num="41" count="3" type="stmt"/>
        <line num="42" count="0" type="stmt"/>
        <line num="45" count="0" type="stmt"/>
        <line num="49" count="2574" type="stmt"/>
        <line num="53" count="6" type="stmt"/>
        <line num="85" count="114" type="stmt"/>
        <line num="94" count="852" type="stmt"/>
        <line num="103" count="3" type="stmt"/>
        <line num="112" count="18" type="stmt"/>
        <line num="121" count="36" type="stmt"/>
        <line num="130" count="6" type="stmt"/>
        <line num="139" count="12" type="stmt"/>
        <line num="148" count="219" type="stmt"/>
        <line num="157" count="3" type="stmt"/>
        <line num="164" count="3" type="stmt"/>
        <line num="175" count="15" type="stmt"/>
      </file>
      <file name="AllComicView.tsx" path="C:/Users/z8r90/Desktop/projects/TypeScript/GraphicMemo/Frontend/src/components/AllComicView.tsx">
        <metrics statements="10" coveredstatements="10" conditionals="7" coveredconditionals="6" methods="6" coveredmethods="6"/>
        <line num="1" count="120" type="cond" truecount="4" falsecount="1"/>
        <line num="9" count="84" type="stmt"/>
        <line num="10" count="84" type="stmt"/>
        <line num="12" count="72" type="stmt"/>
        <line num="13" count="30" type="stmt"/>
        <line num="14" count="24" type="stmt"/>
        <line num="15" count="24" type="stmt"/>
        <line num="18" count="72" type="stmt"/>
        <line num="34" count="112" type="stmt"/>
        <line num="70" count="15" type="stmt"/>
      </file>
      <file name="Footer.tsx" path="C:/Users/z8r90/Desktop/projects/TypeScript/GraphicMemo/Frontend/src/components/Footer.tsx">
        <metrics statements="3" coveredstatements="3" conditionals="3" coveredconditionals="3" methods="1" coveredmethods="1"/>
        <line num="1" count="120" type="cond" truecount="3" falsecount="0"/>
        <line num="2" count="30" type="stmt"/>
        <line num="12" count="15" type="stmt"/>
      </file>
      <file name="LatestReviews.tsx" path="C:/Users/z8r90/Desktop/projects/TypeScript/GraphicMemo/Frontend/src/components/LatestReviews.tsx">
        <metrics statements="10" coveredstatements="10" conditionals="5" coveredconditionals="4" methods="6" coveredmethods="6"/>
        <line num="1" count="120" type="cond" truecount="4" falsecount="1"/>
        <line num="5" count="96" type="stmt"/>
        <line num="6" count="96" type="stmt"/>
        <line num="7" count="84" type="stmt"/>
        <line num="8" count="30" type="stmt"/>
        <line num="9" count="24" type="stmt"/>
        <line num="10" count="24" type="stmt"/>
        <line num="12" count="84" type="stmt"/>
        <line num="19" count="144" type="stmt"/>
        <line num="30" count="15" type="stmt"/>
      </file>
      <file name="ListAllTable.tsx" path="C:/Users/z8r90/Desktop/projects/TypeScript/GraphicMemo/Frontend/src/components/ListAllTable.tsx">
        <metrics statements="5" coveredstatements="5" conditionals="3" coveredconditionals="3" methods="3" coveredmethods="3"/>
        <line num="1" count="120" type="cond" truecount="3" falsecount="0"/>
        <line num="8" count="15" type="stmt"/>
        <line num="9" count="72" type="stmt"/>
        <line num="16" count="112" type="stmt"/>
        <line num="26" count="15" type="stmt"/>
      </file>
      <file name="NavBar.tsx" path="C:/Users/z8r90/Desktop/projects/TypeScript/GraphicMemo/Frontend/src/components/NavBar.tsx">
        <metrics statements="6" coveredstatements="5" conditionals="5" coveredconditionals="4" methods="4" coveredmethods="3"/>
        <line num="1" count="120" type="cond" truecount="4" falsecount="1"/>
        <line num="5" count="30" type="stmt"/>
        <line num="6" count="30" type="stmt"/>
        <line num="7" count="30" type="stmt"/>
        <line num="14" count="0" type="stmt"/>
        <line num="25" count="15" type="stmt"/>
      </file>
      <file name="PostReviewComponent.tsx" path="C:/Users/z8r90/Desktop/projects/TypeScript/GraphicMemo/Frontend/src/components/PostReviewComponent.tsx">
        <metrics statements="29" coveredstatements="3" conditionals="11" coveredconditionals="3" methods="15" coveredmethods="1"/>
        <line num="1" count="135" type="cond" truecount="3" falsecount="0"/>
        <line num="10" count="25" type="stmt"/>
        <line num="11" count="0" type="stmt"/>
        <line num="13" count="0" type="stmt"/>
        <line num="14" count="0" type="stmt"/>
        <line num="15" count="0" type="stmt"/>
        <line num="16" count="0" type="stmt"/>
        <line num="18" count="0" type="stmt"/>
        <line num="19" count="0" type="stmt"/>
        <line num="20" count="0" type="stmt"/>
        <line num="30" count="0" type="stmt"/>
        <line num="31" count="0" type="stmt"/>
        <line num="32" count="0" type="stmt"/>
        <line num="33" count="0" type="stmt"/>
        <line num="34" count="0" type="stmt"/>
        <line num="35" count="0" type="stmt"/>
        <line num="36" count="0" type="stmt"/>
        <line num="37" count="0" type="stmt"/>
        <line num="39" count="0" type="stmt"/>
        <line num="40" count="0" type="stmt"/>
        <line num="42" count="0" type="stmt"/>
        <line num="45" count="0" type="stmt"/>
        <line num="48" count="0" type="stmt"/>
        <line num="50" count="0" type="stmt"/>
        <line num="74" count="0" type="stmt"/>
        <line num="82" count="0" type="stmt"/>
        <line num="84" count="0" type="stmt"/>
        <line num="98" count="0" type="stmt"/>
        <line num="113" count="5" type="stmt"/>
      </file>
    </package>
    <package name="src.pages">
      <metrics statements="27" coveredstatements="8" conditionals="10" coveredconditionals="7" methods="13" coveredmethods="3"/>
      <file name="Home.tsx" path="C:/Users/z8r90/Desktop/projects/TypeScript/GraphicMemo/Frontend/src/pages/Home.tsx">
        <metrics statements="4" coveredstatements="4" conditionals="3" coveredconditionals="3" methods="2" coveredmethods="2"/>
        <line num="1" count="120" type="cond" truecount="3" falsecount="0"/>
        <line num="5" count="15" type="stmt"/>
        <line num="6" count="42" type="stmt"/>
        <line num="11" count="15" type="stmt"/>
      </file>
      <file name="SingleComic.tsx" path="C:/Users/z8r90/Desktop/projects/TypeScript/GraphicMemo/Frontend/src/pages/SingleComic.tsx">
        <metrics statements="23" coveredstatements="4" conditionals="7" coveredconditionals="4" methods="11" coveredmethods="1"/>
        <line num="1" count="120" type="cond" truecount="4" falsecount="1"/>
        <line num="9" count="15" type="stmt"/>
        <line num="10" count="0" type="stmt"/>
        <line num="11" count="15" type="stmt"/>
        <line num="13" count="0" type="stmt"/>
        <line num="14" count="0" type="stmt"/>
        <line num="15" count="0" type="stmt"/>
        <line num="16" count="0" type="stmt"/>
        <line num="19" count="0" type="stmt"/>
        <line num="20" count="0" type="stmt"/>
        <line num="27" count="0" type="stmt"/>
        <line num="30" count="0" type="stmt"/>
        <line num="31" count="0" type="stmt"/>
        <line num="38" count="0" type="stmt"/>
        <line num="39" count="0" type="stmt"/>
        <line num="42" count="0" type="stmt"/>
        <line num="43" count="0" type="stmt"/>
        <line num="46" count="0" type="stmt"/>
        <line num="50" count="0" type="stmt"/>
        <line num="63" count="0" type="stmt"/>
        <line num="103" count="0" type="stmt"/>
        <line num="108" count="0" type="stmt"/>
        <line num="130" count="15" type="stmt"/>
      </file>
    </package>
  </project>
</coverage>
