{"C:/Users/z8r90/Desktop/projects/TypeScript/GraphicMemo/Frontend/src/App.tsx": {"path":"C:/Users/z8r90/Desktop/projects/TypeScript/GraphicMemo/Frontend/src/App.tsx","statementMap":{"0":{"start":{"line":1,"column":31},"end":{"line":1,"column":null}},"1":{"start":{"line":9,"column":17},"end":{"line":38,"column":null}},"2":{"start":{"line":39,"column":2},"end":{"line":39,"column":null}},"3":{"start":{"line":40,"column":1},"end":{"line":8,"column":15}},"4":{"start":{"line":42,"column":19},"end":{"line":42,"column":null}}},"fnMap":{"0":{"name":"(anonymous_0)","decl":{"start":{"line":1,"column":31},"end":{"line":1,"column":null}},"loc":{"start":{"line":1,"column":31},"end":{"line":1,"column":null}}},"1":{"name":"App","decl":{"start":{"line":8,"column":9},"end":{"line":8,"column":15}},"loc":{"start":{"line":8,"column":15},"end":{"line":40,"column":1}}}},"branchMap":{"0":{"loc":{"start":{"line":1,"column":31},"end":{"line":1,"column":null}},"type":"binary-expr","locations":[{"start":{"line":1,"column":31},"end":{"line":1,"column":null}},{"start":{"line":1,"column":31},"end":{"line":1,"column":null}}]},"1":{"loc":{"start":{"line":1,"column":31},"end":{"line":1,"column":null}},"type":"if","locations":[{"start":{"line":1,"column":31},"end":{"line":1,"column":null}}]}},"s":{"0":48,"1":17,"2":17,"3":6,"4":6},"f":{"0":6,"1":17},"b":{"0":[12,6],"1":[6]}}
,"C:/Users/z8r90/Desktop/projects/TypeScript/GraphicMemo/Frontend/src/main.tsx": {"path":"C:/Users/z8r90/Desktop/projects/TypeScript/GraphicMemo/Frontend/src/main.tsx","statementMap":{"0":{"start":{"line":6,"column":0},"end":{"line":10,"column":null}}},"fnMap":{},"branchMap":{},"s":{"0":6},"f":{},"b":{}}
,"C:/Users/z8r90/Desktop/projects/TypeScript/GraphicMemo/Frontend/src/components/AddComic.tsx": {"path":"C:/Users/z8r90/Desktop/projects/TypeScript/GraphicMemo/Frontend/src/components/AddComic.tsx","statementMap":{"0":{"start":{"line":1,"column":32},"end":{"line":1,"column":null}},"1":{"start":{"line":6,"column":35},"end":{"line":6,"column":null}},"2":{"start":{"line":7,"column":36},"end":{"line":7,"column":null}},"3":{"start":{"line":8,"column":28},"end":{"line":8,"column":null}},"4":{"start":{"line":9,"column":40},"end":{"line":9,"column":null}},"5":{"start":{"line":10,"column":28},"end":{"line":10,"column":null}},"6":{"start":{"line":11,"column":36},"end":{"line":11,"column":null}},"7":{"start":{"line":12,"column":30},"end":{"line":12,"column":null}},"8":{"start":{"line":13,"column":34},"end":{"line":13,"column":null}},"9":{"start":{"line":14,"column":38},"end":{"line":14,"column":null}},"10":{"start":{"line":15,"column":36},"end":{"line":15,"column":null}},"11":{"start":{"line":17,"column":20},"end":{"line":47,"column":null}},"12":{"start":{"line":18,"column":24},"end":{"line":31,"column":null}},"13":{"start":{"line":32,"column":4},"end":{"line":46,"column":null}},"14":{"start":{"line":33,"column":6},"end":{"line":35,"column":null}},"15":{"start":{"line":34,"column":28},"end":{"line":34,"column":43}},"16":{"start":{"line":35,"column":24},"end":{"line":35,"column":41}},"17":{"start":{"line":36,"column":6},"end":{"line":38,"column":null}},"18":{"start":{"line":39,"column":6},"end":{"line":39,"column":null}},"19":{"start":{"line":41,"column":6},"end":{"line":43,"column":null}},"20":{"start":{"line":42,"column":8},"end":{"line":42,"column":null}},"21":{"start":{"line":45,"column":6},"end":{"line":45,"column":null}},"22":{"start":{"line":49,"column":2},"end":{"line":173,"column":null}},"23":{"start":{"line":53,"column":23},"end":{"line":53,"column":null}},"24":{"start":{"line":85,"column":35},"end":{"line":85,"column":60}},"25":{"start":{"line":94,"column":35},"end":{"line":94,"column":66}},"26":{"start":{"line":103,"column":35},"end":{"line":103,"column":70}},"27":{"start":{"line":112,"column":35},"end":{"line":112,"column":64}},"28":{"start":{"line":121,"column":35},"end":{"line":121,"column":61}},"29":{"start":{"line":130,"column":35},"end":{"line":130,"column":64}},"30":{"start":{"line":139,"column":35},"end":{"line":139,"column":63}},"31":{"start":{"line":148,"column":35},"end":{"line":148,"column":65}},"32":{"start":{"line":157,"column":33},"end":{"line":157,"column":53}},"33":{"start":{"line":164,"column":33},"end":{"line":164,"column":45}},"34":{"start":{"line":175,"column":1},"end":{"line":6,"column":35}},"35":{"start":{"line":6,"column":32},"end":{"line":null,"column":-1}},"36":{"start":{"line":6,"column":32},"end":{"line":6,"column":35}}},"fnMap":{"0":{"name":"(anonymous_0)","decl":{"start":{"line":1,"column":32},"end":{"line":1,"column":null}},"loc":{"start":{"line":1,"column":32},"end":{"line":1,"column":null}}},"1":{"name":"AddComic","decl":{"start":{"line":6,"column":24},"end":{"line":6,"column":32}},"loc":{"start":{"line":6,"column":35},"end":{"line":175,"column":1}}},"2":{"name":"(anonymous_2)","decl":{"start":{"line":17,"column":20},"end":{"line":17,"column":32}},"loc":{"start":{"line":17,"column":32},"end":{"line":47,"column":null}}},"3":{"name":"(anonymous_3)","decl":{"start":{"line":34,"column":14},"end":{"line":34,"column":15}},"loc":{"start":{"line":34,"column":28},"end":{"line":34,"column":43}}},"4":{"name":"(anonymous_4)","decl":{"start":{"line":35,"column":14},"end":{"line":35,"column":15}},"loc":{"start":{"line":35,"column":24},"end":{"line":35,"column":41}}},"5":{"name":"(anonymous_5)","decl":{"start":{"line":41,"column":17},"end":{"line":41,"column":23}},"loc":{"start":{"line":41,"column":23},"end":{"line":43,"column":9}}},"6":{"name":"(anonymous_6)","decl":{"start":{"line":53,"column":17},"end":{"line":53,"column":23}},"loc":{"start":{"line":53,"column":23},"end":{"line":53,"column":null}}},"7":{"name":"(anonymous_7)","decl":{"start":{"line":85,"column":28},"end":{"line":85,"column":29}},"loc":{"start":{"line":85,"column":35},"end":{"line":85,"column":60}}},"8":{"name":"(anonymous_8)","decl":{"start":{"line":94,"column":28},"end":{"line":94,"column":29}},"loc":{"start":{"line":94,"column":35},"end":{"line":94,"column":66}}},"9":{"name":"(anonymous_9)","decl":{"start":{"line":103,"column":28},"end":{"line":103,"column":29}},"loc":{"start":{"line":103,"column":35},"end":{"line":103,"column":70}}},"10":{"name":"(anonymous_10)","decl":{"start":{"line":112,"column":28},"end":{"line":112,"column":29}},"loc":{"start":{"line":112,"column":35},"end":{"line":112,"column":64}}},"11":{"name":"(anonymous_11)","decl":{"start":{"line":121,"column":28},"end":{"line":121,"column":29}},"loc":{"start":{"line":121,"column":35},"end":{"line":121,"column":61}}},"12":{"name":"(anonymous_12)","decl":{"start":{"line":130,"column":28},"end":{"line":130,"column":29}},"loc":{"start":{"line":130,"column":35},"end":{"line":130,"column":64}}},"13":{"name":"(anonymous_13)","decl":{"start":{"line":139,"column":28},"end":{"line":139,"column":29}},"loc":{"start":{"line":139,"column":35},"end":{"line":139,"column":63}}},"14":{"name":"(anonymous_14)","decl":{"start":{"line":148,"column":28},"end":{"line":148,"column":29}},"loc":{"start":{"line":148,"column":35},"end":{"line":148,"column":65}}},"15":{"name":"(anonymous_15)","decl":{"start":{"line":157,"column":27},"end":{"line":157,"column":33}},"loc":{"start":{"line":157,"column":33},"end":{"line":157,"column":53}}},"16":{"name":"(anonymous_16)","decl":{"start":{"line":164,"column":27},"end":{"line":164,"column":33}},"loc":{"start":{"line":164,"column":33},"end":{"line":164,"column":45}}}},"branchMap":{"0":{"loc":{"start":{"line":1,"column":32},"end":{"line":1,"column":null}},"type":"binary-expr","locations":[{"start":{"line":1,"column":32},"end":{"line":1,"column":null}},{"start":{"line":1,"column":32},"end":{"line":1,"column":null}}]},"1":{"loc":{"start":{"line":1,"column":32},"end":{"line":1,"column":null}},"type":"if","locations":[{"start":{"line":1,"column":32},"end":{"line":1,"column":null}}]},"2":{"loc":{"start":{"line":59,"column":7},"end":{"line":171,"column":null}},"type":"binary-expr","locations":[{"start":{"line":59,"column":7},"end":{"line":59,"column":null}},{"start":{"line":60,"column":8},"end":{"line":171,"column":null}}]},"3":{"loc":{"start":{"line":71,"column":17},"end":{"line":74,"column":null}},"type":"cond-expr","locations":[{"start":{"line":72,"column":18},"end":{"line":72,"column":null}},{"start":{"line":74,"column":18},"end":{"line":74,"column":null}}]}},"s":{"0":54,"1":1704,"2":1704,"3":1704,"4":1704,"5":1704,"6":1704,"7":1704,"8":1704,"9":1704,"10":1704,"11":1704,"12":2,"13":2,"14":2,"15":2,"16":2,"17":2,"18":2,"19":2,"20":0,"21":0,"22":1704,"23":3,"24":76,"25":568,"26":2,"27":12,"28":24,"29":4,"30":8,"31":146,"32":1,"33":2,"34":6,"35":6,"36":6},"f":{"0":6,"1":1704,"2":2,"3":2,"4":2,"5":0,"6":3,"7":76,"8":568,"9":2,"10":12,"11":24,"12":4,"13":8,"14":146,"15":1,"16":2},"b":{"0":[12,6],"1":[6],"2":[1704,1686],"3":[292,1394]}}
,"C:/Users/z8r90/Desktop/projects/TypeScript/GraphicMemo/Frontend/src/components/AllComicView.tsx": {"path":"C:/Users/z8r90/Desktop/projects/TypeScript/GraphicMemo/Frontend/src/components/AllComicView.tsx","statementMap":{"0":{"start":{"line":1,"column":36},"end":{"line":1,"column":null}},"1":{"start":{"line":1,"column":43},"end":{"line":1,"column":null}},"2":{"start":{"line":9,"column":39},"end":{"line":9,"column":null}},"3":{"start":{"line":10,"column":36},"end":{"line":10,"column":null}},"4":{"start":{"line":12,"column":2},"end":{"line":16,"column":null}},"5":{"start":{"line":13,"column":4},"end":{"line":15,"column":null}},"6":{"start":{"line":14,"column":25},"end":{"line":14,"column":39}},"7":{"start":{"line":15,"column":22},"end":{"line":15,"column":40}},"8":{"start":{"line":18,"column":2},"end":{"line":71,"column":null}},"9":{"start":{"line":31,"column":16},"end":{"line":55,"column":null}},"10":{"start":{"line":73,"column":1},"end":{"line":9,"column":39}},"11":{"start":{"line":9,"column":36},"end":{"line":null,"column":-1}},"12":{"start":{"line":9,"column":36},"end":{"line":9,"column":39}}},"fnMap":{"0":{"name":"(anonymous_0)","decl":{"start":{"line":1,"column":43},"end":{"line":1,"column":null}},"loc":{"start":{"line":1,"column":43},"end":{"line":1,"column":null}}},"1":{"name":"AllComicView","decl":{"start":{"line":9,"column":24},"end":{"line":9,"column":36}},"loc":{"start":{"line":9,"column":39},"end":{"line":73,"column":1}}},"2":{"name":"(anonymous_2)","decl":{"start":{"line":12,"column":12},"end":{"line":12,"column":18}},"loc":{"start":{"line":12,"column":18},"end":{"line":16,"column":5}}},"3":{"name":"(anonymous_3)","decl":{"start":{"line":14,"column":12},"end":{"line":14,"column":13}},"loc":{"start":{"line":14,"column":25},"end":{"line":14,"column":39}}},"4":{"name":"(anonymous_4)","decl":{"start":{"line":15,"column":12},"end":{"line":15,"column":13}},"loc":{"start":{"line":15,"column":22},"end":{"line":15,"column":40}}},"5":{"name":"(anonymous_5)","decl":{"start":{"line":30,"column":45},"end":{"line":30,"column":46}},"loc":{"start":{"line":31,"column":16},"end":{"line":55,"column":null}}}},"branchMap":{"0":{"loc":{"start":{"line":1,"column":36},"end":{"line":1,"column":null}},"type":"binary-expr","locations":[{"start":{"line":1,"column":36},"end":{"line":1,"column":null}},{"start":{"line":1,"column":43},"end":{"line":1,"column":null}}]},"1":{"loc":{"start":{"line":1,"column":43},"end":{"line":1,"column":null}},"type":"if","locations":[{"start":{"line":1,"column":43},"end":{"line":1,"column":null}}]},"2":{"loc":{"start":{"line":1,"column":43},"end":{"line":1,"column":null}},"type":"binary-expr","locations":[{"start":{"line":1,"column":43},"end":{"line":1,"column":null}},{"start":{"line":1,"column":43},"end":{"line":1,"column":null}}]},"3":{"loc":{"start":{"line":29,"column":13},"end":{"line":58,"column":null}},"type":"cond-expr","locations":[{"start":{"line":30,"column":14},"end":{"line":56,"column":null}},{"start":{"line":58,"column":14},"end":{"line":58,"column":null}}]},"4":{"loc":{"start":{"line":45,"column":19},"end":{"line":52,"column":null}},"type":"cond-expr","locations":[{"start":{"line":46,"column":20},"end":{"line":48,"column":null}},{"start":{"line":50,"column":20},"end":{"line":52,"column":null}}]}},"s":{"0":6,"1":48,"2":31,"3":31,"4":26,"5":12,"6":10,"7":10,"8":26,"9":28,"10":6,"11":6,"12":6},"f":{"0":6,"1":31,"2":12,"3":10,"4":10,"5":28},"b":{"0":[6,0],"1":[6],"2":[6,6],"3":[14,12],"4":[28,0]}}
,"C:/Users/z8r90/Desktop/projects/TypeScript/GraphicMemo/Frontend/src/components/Footer.tsx": {"path":"C:/Users/z8r90/Desktop/projects/TypeScript/GraphicMemo/Frontend/src/components/Footer.tsx","statementMap":{"0":{"start":{"line":1,"column":33},"end":{"line":1,"column":null}},"1":{"start":{"line":2,"column":2},"end":{"line":10,"column":null}},"2":{"start":{"line":12,"column":1},"end":{"line":1,"column":30}},"3":{"start":{"line":1,"column":30},"end":{"line":1,"column":33}}},"fnMap":{"0":{"name":"(anonymous_0)","decl":{"start":{"line":1,"column":33},"end":{"line":1,"column":null}},"loc":{"start":{"line":1,"column":33},"end":{"line":1,"column":null}}}},"branchMap":{"0":{"loc":{"start":{"line":1,"column":33},"end":{"line":1,"column":null}},"type":"binary-expr","locations":[{"start":{"line":1,"column":33},"end":{"line":1,"column":null}},{"start":{"line":1,"column":33},"end":{"line":1,"column":null}}]},"1":{"loc":{"start":{"line":1,"column":33},"end":{"line":1,"column":null}},"type":"if","locations":[{"start":{"line":1,"column":33},"end":{"line":1,"column":null}}]}},"s":{"0":48,"1":12,"2":6,"3":6},"f":{"0":18},"b":{"0":[12,6],"1":[6]}}
,"C:/Users/z8r90/Desktop/projects/TypeScript/GraphicMemo/Frontend/src/components/LatestReviews.tsx": {"path":"C:/Users/z8r90/Desktop/projects/TypeScript/GraphicMemo/Frontend/src/components/LatestReviews.tsx","statementMap":{"0":{"start":{"line":1,"column":36},"end":{"line":1,"column":null}},"1":{"start":{"line":1,"column":43},"end":{"line":1,"column":null}},"2":{"start":{"line":5,"column":40},"end":{"line":5,"column":null}},"3":{"start":{"line":6,"column":32},"end":{"line":6,"column":null}},"4":{"start":{"line":7,"column":2},"end":{"line":11,"column":null}},"5":{"start":{"line":8,"column":4},"end":{"line":10,"column":null}},"6":{"start":{"line":9,"column":26},"end":{"line":9,"column":41}},"7":{"start":{"line":10,"column":22},"end":{"line":10,"column":48}},"8":{"start":{"line":12,"column":2},"end":{"line":28,"column":null}},"9":{"start":{"line":19,"column":10},"end":{"line":24,"column":null}},"10":{"start":{"line":30,"column":1},"end":{"line":5,"column":40}},"11":{"start":{"line":5,"column":37},"end":{"line":null,"column":-1}},"12":{"start":{"line":5,"column":37},"end":{"line":5,"column":40}}},"fnMap":{"0":{"name":"(anonymous_0)","decl":{"start":{"line":1,"column":43},"end":{"line":1,"column":null}},"loc":{"start":{"line":1,"column":43},"end":{"line":1,"column":null}}},"1":{"name":"LatestReviews","decl":{"start":{"line":5,"column":24},"end":{"line":5,"column":37}},"loc":{"start":{"line":5,"column":40},"end":{"line":30,"column":1}}},"2":{"name":"(anonymous_2)","decl":{"start":{"line":7,"column":12},"end":{"line":7,"column":18}},"loc":{"start":{"line":7,"column":18},"end":{"line":11,"column":5}}},"3":{"name":"(anonymous_3)","decl":{"start":{"line":9,"column":12},"end":{"line":9,"column":13}},"loc":{"start":{"line":9,"column":26},"end":{"line":9,"column":41}}},"4":{"name":"(anonymous_4)","decl":{"start":{"line":10,"column":12},"end":{"line":10,"column":13}},"loc":{"start":{"line":10,"column":22},"end":{"line":10,"column":48}}},"5":{"name":"(anonymous_5)","decl":{"start":{"line":18,"column":33},"end":{"line":18,"column":34}},"loc":{"start":{"line":19,"column":10},"end":{"line":24,"column":null}}}},"branchMap":{"0":{"loc":{"start":{"line":1,"column":36},"end":{"line":1,"column":null}},"type":"binary-expr","locations":[{"start":{"line":1,"column":36},"end":{"line":1,"column":null}},{"start":{"line":1,"column":43},"end":{"line":1,"column":null}}]},"1":{"loc":{"start":{"line":1,"column":43},"end":{"line":1,"column":null}},"type":"if","locations":[{"start":{"line":1,"column":43},"end":{"line":1,"column":null}}]},"2":{"loc":{"start":{"line":1,"column":43},"end":{"line":1,"column":null}},"type":"binary-expr","locations":[{"start":{"line":1,"column":43},"end":{"line":1,"column":null}},{"start":{"line":1,"column":43},"end":{"line":1,"column":null}}]}},"s":{"0":6,"1":48,"2":39,"3":39,"4":34,"5":12,"6":10,"7":10,"8":34,"9":66,"10":6,"11":6,"12":6},"f":{"0":6,"1":39,"2":12,"3":10,"4":10,"5":66},"b":{"0":[6,0],"1":[6],"2":[6,6]}}
,"C:/Users/z8r90/Desktop/projects/TypeScript/GraphicMemo/Frontend/src/components/ListAllTable.tsx": {"path":"C:/Users/z8r90/Desktop/projects/TypeScript/GraphicMemo/Frontend/src/components/ListAllTable.tsx","statementMap":{"0":{"start":{"line":1,"column":39},"end":{"line":1,"column":null}},"1":{"start":{"line":9,"column":2},"end":{"line":24,"column":null}},"2":{"start":{"line":16,"column":10},"end":{"line":21,"column":null}},"3":{"start":{"line":26,"column":1},"end":{"line":8,"column":36}},"4":{"start":{"line":8,"column":36},"end":{"line":8,"column":37}}},"fnMap":{"0":{"name":"(anonymous_0)","decl":{"start":{"line":1,"column":39},"end":{"line":1,"column":null}},"loc":{"start":{"line":1,"column":39},"end":{"line":1,"column":null}}},"1":{"name":"ListAllTable","decl":{"start":{"line":8,"column":24},"end":{"line":8,"column":36}},"loc":{"start":{"line":8,"column":66},"end":{"line":26,"column":1}}},"2":{"name":"(anonymous_2)","decl":{"start":{"line":15,"column":23},"end":{"line":15,"column":24}},"loc":{"start":{"line":16,"column":10},"end":{"line":21,"column":null}}}},"branchMap":{"0":{"loc":{"start":{"line":1,"column":39},"end":{"line":1,"column":null}},"type":"binary-expr","locations":[{"start":{"line":1,"column":39},"end":{"line":1,"column":null}},{"start":{"line":1,"column":39},"end":{"line":1,"column":null}}]},"1":{"loc":{"start":{"line":1,"column":39},"end":{"line":1,"column":null}},"type":"if","locations":[{"start":{"line":1,"column":39},"end":{"line":1,"column":null}}]}},"s":{"0":48,"1":26,"2":28,"3":6,"4":6},"f":{"0":6,"1":26,"2":28},"b":{"0":[12,6],"1":[6]}}
,"C:/Users/z8r90/Desktop/projects/TypeScript/GraphicMemo/Frontend/src/components/NavBar.tsx": {"path":"C:/Users/z8r90/Desktop/projects/TypeScript/GraphicMemo/Frontend/src/components/NavBar.tsx","statementMap":{"0":{"start":{"line":1,"column":21},"end":{"line":1,"column":null}},"1":{"start":{"line":1,"column":45},"end":{"line":1,"column":null}},"2":{"start":{"line":6,"column":33},"end":{"line":6,"column":null}},"3":{"start":{"line":7,"column":19},"end":{"line":7,"column":null}},"4":{"start":{"line":8,"column":2},"end":{"line":28,"column":null}},"5":{"start":{"line":15,"column":30},"end":{"line":15,"column":45}},"6":{"start":{"line":21,"column":27},"end":{"line":21,"column":null}},"7":{"start":{"line":30,"column":1},"end":{"line":7,"column":31}},"8":{"start":{"line":6,"column":30},"end":{"line":7,"column":31}},"9":{"start":{"line":7,"column":30},"end":{"line":6,"column":30}},"10":{"start":{"line":6,"column":30},"end":{"line":6,"column":33}}},"fnMap":{"0":{"name":"(anonymous_0)","decl":{"start":{"line":1,"column":45},"end":{"line":1,"column":null}},"loc":{"start":{"line":1,"column":45},"end":{"line":1,"column":null}}},"1":{"name":"NavBar","decl":{"start":{"line":6,"column":24},"end":{"line":6,"column":30}},"loc":{"start":{"line":6,"column":33},"end":{"line":30,"column":1}}},"2":{"name":"(anonymous_2)","decl":{"start":{"line":15,"column":24},"end":{"line":15,"column":30}},"loc":{"start":{"line":15,"column":30},"end":{"line":15,"column":45}}},"3":{"name":"(anonymous_3)","decl":{"start":{"line":21,"column":21},"end":{"line":21,"column":27}},"loc":{"start":{"line":21,"column":27},"end":{"line":21,"column":null}}},"4":{"name":"(anonymous_4)","decl":{"start":{"line":6,"column":30},"end":{"line":6,"column":33}},"loc":{"start":{"line":6,"column":30},"end":{"line":7,"column":31}}}},"branchMap":{"0":{"loc":{"start":{"line":1,"column":21},"end":{"line":1,"column":null}},"type":"binary-expr","locations":[{"start":{"line":1,"column":21},"end":{"line":1,"column":null}},{"start":{"line":1,"column":45},"end":{"line":1,"column":null}}]},"1":{"loc":{"start":{"line":1,"column":45},"end":{"line":1,"column":null}},"type":"if","locations":[{"start":{"line":1,"column":45},"end":{"line":1,"column":null}}]},"2":{"loc":{"start":{"line":1,"column":45},"end":{"line":1,"column":null}},"type":"binary-expr","locations":[{"start":{"line":1,"column":45},"end":{"line":1,"column":null}},{"start":{"line":1,"column":45},"end":{"line":1,"column":null}}]}},"s":{"0":6,"1":48,"2":12,"3":12,"4":12,"5":0,"6":0,"7":6,"8":6,"9":6,"10":6},"f":{"0":6,"1":12,"2":0,"3":0,"4":6},"b":{"0":[6,0],"1":[6],"2":[6,6]}}
,"C:/Users/z8r90/Desktop/projects/TypeScript/GraphicMemo/Frontend/src/components/PostReviewComponent.tsx": {"path":"C:/Users/z8r90/Desktop/projects/TypeScript/GraphicMemo/Frontend/src/components/PostReviewComponent.tsx","statementMap":{"0":{"start":{"line":1,"column":32},"end":{"line":1,"column":null}},"1":{"start":{"line":10,"column":76},"end":{"line":10,"column":null}},"2":{"start":{"line":11,"column":30},"end":{"line":11,"column":null}},"3":{"start":{"line":13,"column":32},"end":{"line":13,"column":null}},"4":{"start":{"line":14,"column":32},"end":{"line":14,"column":null}},"5":{"start":{"line":15,"column":36},"end":{"line":15,"column":null}},"6":{"start":{"line":16,"column":42},"end":{"line":16,"column":null}},"7":{"start":{"line":18,"column":29},"end":{"line":42,"column":null}},"8":{"start":{"line":19,"column":4},"end":{"line":19,"column":null}},"9":{"start":{"line":20,"column":4},"end":{"line":41,"column":null}},"10":{"start":{"line":21,"column":6},"end":{"line":30,"column":null}},"11":{"start":{"line":31,"column":6},"end":{"line":31,"column":null}},"12":{"start":{"line":32,"column":6},"end":{"line":32,"column":null}},"13":{"start":{"line":33,"column":6},"end":{"line":35,"column":null}},"14":{"start":{"line":34,"column":8},"end":{"line":34,"column":null}},"15":{"start":{"line":36,"column":6},"end":{"line":38,"column":null}},"16":{"start":{"line":37,"column":8},"end":{"line":37,"column":null}},"17":{"start":{"line":40,"column":6},"end":{"line":40,"column":null}},"18":{"start":{"line":44,"column":2},"end":{"line":113,"column":null}},"19":{"start":{"line":50,"column":25},"end":{"line":50,"column":null}},"20":{"start":{"line":76,"column":35},"end":{"line":76,"column":62}},"21":{"start":{"line":84,"column":35},"end":{"line":84,"column":null}},"22":{"start":{"line":100,"column":35},"end":{"line":100,"column":62}},"23":{"start":{"line":115,"column":1},"end":{"line":10,"column":44}},"24":{"start":{"line":10,"column":43},"end":{"line":null,"column":-1}},"25":{"start":{"line":10,"column":43},"end":{"line":10,"column":44}}},"fnMap":{"0":{"name":"(anonymous_0)","decl":{"start":{"line":1,"column":32},"end":{"line":1,"column":null}},"loc":{"start":{"line":1,"column":32},"end":{"line":1,"column":null}}},"1":{"name":"PostReviewComponent","decl":{"start":{"line":10,"column":24},"end":{"line":10,"column":43}},"loc":{"start":{"line":10,"column":76},"end":{"line":115,"column":1}}},"2":{"name":"(anonymous_2)","decl":{"start":{"line":18,"column":29},"end":{"line":18,"column":36}},"loc":{"start":{"line":18,"column":76},"end":{"line":42,"column":null}}},"3":{"name":"(anonymous_3)","decl":{"start":{"line":33,"column":17},"end":{"line":33,"column":23}},"loc":{"start":{"line":33,"column":23},"end":{"line":35,"column":9}}},"4":{"name":"(anonymous_4)","decl":{"start":{"line":36,"column":17},"end":{"line":36,"column":23}},"loc":{"start":{"line":36,"column":23},"end":{"line":38,"column":9}}},"5":{"name":"(anonymous_5)","decl":{"start":{"line":50,"column":19},"end":{"line":50,"column":25}},"loc":{"start":{"line":50,"column":25},"end":{"line":50,"column":null}}},"6":{"name":"(anonymous_6)","decl":{"start":{"line":76,"column":28},"end":{"line":76,"column":29}},"loc":{"start":{"line":76,"column":35},"end":{"line":76,"column":62}}},"7":{"name":"(anonymous_7)","decl":{"start":{"line":84,"column":28},"end":{"line":84,"column":29}},"loc":{"start":{"line":84,"column":35},"end":{"line":84,"column":null}}},"8":{"name":"(anonymous_8)","decl":{"start":{"line":100,"column":28},"end":{"line":100,"column":29}},"loc":{"start":{"line":100,"column":35},"end":{"line":100,"column":62}}}},"branchMap":{"0":{"loc":{"start":{"line":1,"column":32},"end":{"line":1,"column":null}},"type":"binary-expr","locations":[{"start":{"line":1,"column":32},"end":{"line":1,"column":null}},{"start":{"line":1,"column":32},"end":{"line":1,"column":null}}]},"1":{"loc":{"start":{"line":1,"column":32},"end":{"line":1,"column":null}},"type":"if","locations":[{"start":{"line":1,"column":32},"end":{"line":1,"column":null}}]},"2":{"loc":{"start":{"line":60,"column":12},"end":{"line":60,"column":63}},"type":"cond-expr","locations":[{"start":{"line":60,"column":21},"end":{"line":60,"column":38}},{"start":{"line":60,"column":38},"end":{"line":60,"column":63}}]},"3":{"loc":{"start":{"line":63,"column":11},"end":{"line":109,"column":null}},"type":"cond-expr","locations":[{"start":{"line":64,"column":12},"end":{"line":66,"column":null}},{"start":{"line":68,"column":12},"end":{"line":109,"column":null}}]}},"s":{"0":54,"1":0,"2":0,"3":0,"4":0,"5":0,"6":0,"7":0,"8":0,"9":0,"10":0,"11":0,"12":0,"13":0,"14":0,"15":0,"16":0,"17":0,"18":0,"19":0,"20":0,"21":0,"22":0,"23":6,"24":6,"25":6},"f":{"0":6,"1":0,"2":0,"3":0,"4":0,"5":0,"6":0,"7":0,"8":0},"b":{"0":[12,6],"1":[6],"2":[0,0],"3":[0,0]}}
,"C:/Users/z8r90/Desktop/projects/TypeScript/GraphicMemo/Frontend/src/pages/Home.tsx": {"path":"C:/Users/z8r90/Desktop/projects/TypeScript/GraphicMemo/Frontend/src/pages/Home.tsx","statementMap":{"0":{"start":{"line":1,"column":53},"end":{"line":1,"column":null}},"1":{"start":{"line":6,"column":2},"end":{"line":9,"column":null}},"2":{"start":{"line":11,"column":1},"end":{"line":5,"column":28}},"3":{"start":{"line":5,"column":28},"end":{"line":5,"column":31}}},"fnMap":{"0":{"name":"(anonymous_0)","decl":{"start":{"line":1,"column":53},"end":{"line":1,"column":null}},"loc":{"start":{"line":1,"column":53},"end":{"line":1,"column":null}}},"1":{"name":"Home","decl":{"start":{"line":5,"column":24},"end":{"line":5,"column":28}},"loc":{"start":{"line":5,"column":31},"end":{"line":11,"column":1}}}},"branchMap":{"0":{"loc":{"start":{"line":1,"column":53},"end":{"line":1,"column":null}},"type":"binary-expr","locations":[{"start":{"line":1,"column":53},"end":{"line":1,"column":null}},{"start":{"line":1,"column":53},"end":{"line":1,"column":null}}]},"1":{"loc":{"start":{"line":1,"column":53},"end":{"line":1,"column":null}},"type":"if","locations":[{"start":{"line":1,"column":53},"end":{"line":1,"column":null}}]}},"s":{"0":48,"1":17,"2":6,"3":6},"f":{"0":6,"1":17},"b":{"0":[12,6],"1":[6]}}
,"C:/Users/z8r90/Desktop/projects/TypeScript/GraphicMemo/Frontend/src/pages/ManageComics.tsx": {"path":"C:/Users/z8r90/Desktop/projects/TypeScript/GraphicMemo/Frontend/src/pages/ManageComics.tsx","statementMap":{"0":{"start":{"line":1,"column":25},"end":{"line":1,"column":null}},"1":{"start":{"line":1,"column":63},"end":{"line":1,"column":null}},"2":{"start":{"line":6,"column":39},"end":{"line":6,"column":null}},"3":{"start":{"line":7,"column":36},"end":{"line":7,"column":null}},"4":{"start":{"line":9,"column":22},"end":{"line":13,"column":null}},"5":{"start":{"line":10,"column":4},"end":{"line":12,"column":null}},"6":{"start":{"line":11,"column":26},"end":{"line":11,"column":41}},"7":{"start":{"line":12,"column":22},"end":{"line":12,"column":40}},"8":{"start":{"line":15,"column":22},"end":{"line":24,"column":null}},"9":{"start":{"line":16,"column":4},"end":{"line":22,"column":null}},"10":{"start":{"line":23,"column":4},"end":{"line":23,"column":null}},"11":{"start":{"line":26,"column":2},"end":{"line":28,"column":null}},"12":{"start":{"line":27,"column":4},"end":{"line":27,"column":null}},"13":{"start":{"line":30,"column":2},"end":{"line":45,"column":null}},"14":{"start":{"line":36,"column":12},"end":{"line":41,"column":null}},"15":{"start":{"line":38,"column":35},"end":{"line":38,"column":null}},"16":{"start":{"line":47,"column":1},"end":{"line":6,"column":39}},"17":{"start":{"line":6,"column":36},"end":{"line":null,"column":-1}},"18":{"start":{"line":6,"column":36},"end":{"line":6,"column":39}},"19":{"start":{"line":36,"column":12},"end":{"line":36,"column":13}}},"fnMap":{"0":{"name":"(anonymous_0)","decl":{"start":{"line":1,"column":63},"end":{"line":1,"column":null}},"loc":{"start":{"line":1,"column":63},"end":{"line":1,"column":null}}},"1":{"name":"ManageComics","decl":{"start":{"line":6,"column":24},"end":{"line":6,"column":36}},"loc":{"start":{"line":6,"column":39},"end":{"line":47,"column":1}}},"2":{"name":"(anonymous_2)","decl":{"start":{"line":9,"column":22},"end":{"line":9,"column":34}},"loc":{"start":{"line":9,"column":34},"end":{"line":13,"column":null}}},"3":{"name":"(anonymous_3)","decl":{"start":{"line":11,"column":12},"end":{"line":11,"column":13}},"loc":{"start":{"line":11,"column":26},"end":{"line":11,"column":41}}},"4":{"name":"(anonymous_4)","decl":{"start":{"line":12,"column":12},"end":{"line":12,"column":13}},"loc":{"start":{"line":12,"column":22},"end":{"line":12,"column":40}}},"5":{"name":"(anonymous_5)","decl":{"start":{"line":15,"column":22},"end":{"line":15,"column":29}},"loc":{"start":{"line":15,"column":44},"end":{"line":24,"column":null}}},"6":{"name":"(anonymous_6)","decl":{"start":{"line":26,"column":12},"end":{"line":26,"column":18}},"loc":{"start":{"line":26,"column":18},"end":{"line":28,"column":5}}},"7":{"name":"(anonymous_7)","decl":{"start":{"line":35,"column":25},"end":{"line":35,"column":26}},"loc":{"start":{"line":36,"column":12},"end":{"line":41,"column":null}}},"8":{"name":"(anonymous_8)","decl":{"start":{"line":38,"column":29},"end":{"line":38,"column":35}},"loc":{"start":{"line":38,"column":35},"end":{"line":38,"column":null}}},"9":{"name":"(anonymous_8)","decl":{"start":{"line":36,"column":12},"end":{"line":36,"column":13}},"loc":{"start":{"line":36,"column":12},"end":{"line":36,"column":13}}}},"branchMap":{"0":{"loc":{"start":{"line":1,"column":25},"end":{"line":1,"column":null}},"type":"binary-expr","locations":[{"start":{"line":1,"column":25},"end":{"line":1,"column":null}},{"start":{"line":1,"column":63},"end":{"line":1,"column":null}}]},"1":{"loc":{"start":{"line":1,"column":63},"end":{"line":1,"column":null}},"type":"if","locations":[{"start":{"line":1,"column":63},"end":{"line":1,"column":null}}]},"2":{"loc":{"start":{"line":1,"column":63},"end":{"line":1,"column":null}},"type":"binary-expr","locations":[{"start":{"line":1,"column":63},"end":{"line":1,"column":null}},{"start":{"line":1,"column":63},"end":{"line":1,"column":null}}]}},"s":{"0":6,"1":48,"2":0,"3":0,"4":0,"5":0,"6":0,"7":0,"8":0,"9":0,"10":0,"11":0,"12":0,"13":0,"14":0,"15":0,"16":1,"17":1,"18":1,"19":0},"f":{"0":6,"1":0,"2":0,"3":0,"4":0,"5":0,"6":0,"7":0,"8":0,"9":0},"b":{"0":[6,0],"1":[6],"2":[6,6]}}
,"C:/Users/z8r90/Desktop/projects/TypeScript/GraphicMemo/Frontend/src/pages/SingleComic.tsx": {"path":"C:/Users/z8r90/Desktop/projects/TypeScript/GraphicMemo/Frontend/src/pages/SingleComic.tsx","statementMap":{"0":{"start":{"line":1,"column":36},"end":{"line":1,"column":null}},"1":{"start":{"line":1,"column":43},"end":{"line":1,"column":null}},"2":{"start":{"line":9,"column":38},"end":{"line":9,"column":null}},"3":{"start":{"line":10,"column":28},"end":{"line":10,"column":null}},"4":{"start":{"line":11,"column":17},"end":{"line":11,"column":null}},"5":{"start":{"line":13,"column":22},"end":{"line":17,"column":null}},"6":{"start":{"line":14,"column":21},"end":{"line":14,"column":null}},"7":{"start":{"line":15,"column":35},"end":{"line":15,"column":null}},"8":{"start":{"line":16,"column":4},"end":{"line":16,"column":null}},"9":{"start":{"line":19,"column":30},"end":{"line":28,"column":null}},"10":{"start":{"line":20,"column":4},"end":{"line":26,"column":null}},"11":{"start":{"line":27,"column":4},"end":{"line":27,"column":null}},"12":{"start":{"line":30,"column":31},"end":{"line":40,"column":null}},"13":{"start":{"line":31,"column":4},"end":{"line":37,"column":null}},"14":{"start":{"line":38,"column":4},"end":{"line":38,"column":null}},"15":{"start":{"line":39,"column":4},"end":{"line":39,"column":null}},"16":{"start":{"line":42,"column":2},"end":{"line":44,"column":null}},"17":{"start":{"line":43,"column":4},"end":{"line":43,"column":null}},"18":{"start":{"line":46,"column":2},"end":{"line":128,"column":null}},"19":{"start":{"line":50,"column":10},"end":{"line":94,"column":null}},"20":{"start":{"line":63,"column":36},"end":{"line":63,"column":null}},"21":{"start":{"line":103,"column":16},"end":{"line":122,"column":null}},"22":{"start":{"line":108,"column":37},"end":{"line":108,"column":null}},"23":{"start":{"line":130,"column":1},"end":{"line":11,"column":35}},"24":{"start":{"line":9,"column":35},"end":{"line":11,"column":35}},"25":{"start":{"line":11,"column":26},"end":{"line":9,"column":35}},"26":{"start":{"line":9,"column":35},"end":{"line":9,"column":38}},"27":{"start":{"line":19,"column":30},"end":{"line":33,"column":null}},"28":{"start":{"line":27,"column":4},"end":{"line":27,"column":20}},"29":{"start":{"line":28,"column":2},"end":{"line":33,"column":15}},"30":{"start":{"line":34,"column":27},"end":{"line":37,"column":null}},"31":{"start":{"line":35,"column":19},"end":{"line":36,"column":null}},"32":{"start":{"line":38,"column":4},"end":{"line":100,"column":11}},"33":{"start":{"line":39,"column":18},"end":{"line":90,"column":19}},"34":{"start":{"line":58,"column":12},"end":{"line":104,"column":19}},"35":{"start":{"line":97,"column":11},"end":{"line":97,"column":null}},"36":{"start":{"line":100,"column":10},"end":{"line":96,"column":9}},"37":{"start":{"line":124,"column":10},"end":{"line":96,"column":9}},"38":{"start":{"line":96,"column":8},"end":{"line":96,"column":9}},"39":{"start":{"line":96,"column":8},"end":{"line":125,"column":null}},"40":{"start":{"line":125,"column":8},"end":{"line":126,"column":9}},"41":{"start":{"line":126,"column":8},"end":{"line":126,"column":9}},"42":{"start":{"line":126,"column":8},"end":{"line":130,"column":null}},"43":{"start":{"line":126,"column":62},"end":{"line":130,"column":1}},"44":{"start":{"line":48,"column":6},"end":{"line":48,"column":7}},"45":{"start":{"line":48,"column":6},"end":{"line":47,"column":5}},"46":{"start":{"line":47,"column":4},"end":{"line":47,"column":5}}},"fnMap":{"0":{"name":"(anonymous_0)","decl":{"start":{"line":1,"column":43},"end":{"line":1,"column":null}},"loc":{"start":{"line":1,"column":43},"end":{"line":1,"column":null}}},"1":{"name":"SingleComic","decl":{"start":{"line":9,"column":24},"end":{"line":9,"column":35}},"loc":{"start":{"line":9,"column":38},"end":{"line":130,"column":1}}},"2":{"name":"(anonymous_2)","decl":{"start":{"line":13,"column":22},"end":{"line":13,"column":29}},"loc":{"start":{"line":13,"column":56},"end":{"line":17,"column":null}}},"3":{"name":"(anonymous_3)","decl":{"start":{"line":19,"column":30},"end":{"line":19,"column":37}},"loc":{"start":{"line":19,"column":58},"end":{"line":28,"column":null}}},"4":{"name":"(anonymous_4)","decl":{"start":{"line":30,"column":31},"end":{"line":30,"column":38}},"loc":{"start":{"line":30,"column":56},"end":{"line":40,"column":null}}},"5":{"name":"(anonymous_5)","decl":{"start":{"line":42,"column":12},"end":{"line":42,"column":18}},"loc":{"start":{"line":42,"column":18},"end":{"line":44,"column":5}}},"6":{"name":"(anonymous_6)","decl":{"start":{"line":49,"column":19},"end":{"line":49,"column":20}},"loc":{"start":{"line":50,"column":10},"end":{"line":94,"column":null}}},"7":{"name":"(anonymous_7)","decl":{"start":{"line":63,"column":30},"end":{"line":63,"column":36}},"loc":{"start":{"line":63,"column":36},"end":{"line":63,"column":null}}},"8":{"name":"(anonymous_8)","decl":{"start":{"line":102,"column":35},"end":{"line":102,"column":36}},"loc":{"start":{"line":103,"column":16},"end":{"line":122,"column":null}}},"9":{"name":"(anonymous_9)","decl":{"start":{"line":108,"column":31},"end":{"line":108,"column":37}},"loc":{"start":{"line":108,"column":37},"end":{"line":108,"column":null}}},"10":{"name":"(anonymous_10)","decl":{"start":{"line":9,"column":35},"end":{"line":9,"column":38}},"loc":{"start":{"line":9,"column":35},"end":{"line":11,"column":35}}},"11":{"name":"(anonymous_4)","decl":{"start":{"line":35,"column":8},"end":{"line":35,"column":19}},"loc":{"start":{"line":35,"column":8},"end":{"line":36,"column":null}}},"12":{"name":"(anonymous_5)","decl":{"start":{"line":39,"column":18},"end":{"line":39,"column":19}},"loc":{"start":{"line":39,"column":18},"end":{"line":90,"column":19}}},"13":{"name":"(anonymous_6)","decl":{"start":{"line":58,"column":12},"end":{"line":58,"column":13}},"loc":{"start":{"line":58,"column":12},"end":{"line":104,"column":19}}},"14":{"name":"(anonymous_7)","decl":{"start":{"line":97,"column":10},"end":{"line":97,"column":11}},"loc":{"start":{"line":97,"column":11},"end":{"line":97,"column":null}}},"15":{"name":"(anonymous_8)","decl":{"start":{"line":124,"column":10},"end":{"line":124,"column":null}},"loc":{"start":{"line":124,"column":10},"end":{"line":96,"column":9}}},"16":{"name":"(anonymous_9)","decl":{"start":{"line":48,"column":6},"end":{"line":48,"column":7}},"loc":{"start":{"line":48,"column":6},"end":{"line":130,"column":1}}}},"branchMap":{"0":{"loc":{"start":{"line":1,"column":36},"end":{"line":1,"column":null}},"type":"binary-expr","locations":[{"start":{"line":1,"column":36},"end":{"line":1,"column":null}},{"start":{"line":1,"column":43},"end":{"line":1,"column":null}}]},"1":{"loc":{"start":{"line":1,"column":43},"end":{"line":1,"column":null}},"type":"if","locations":[{"start":{"line":1,"column":43},"end":{"line":1,"column":null}}]},"2":{"loc":{"start":{"line":1,"column":43},"end":{"line":1,"column":null}},"type":"binary-expr","locations":[{"start":{"line":1,"column":43},"end":{"line":1,"column":null}},{"start":{"line":1,"column":43},"end":{"line":1,"column":null}}]},"3":{"loc":{"start":{"line":101,"column":13},"end":{"line":123,"column":null}},"type":"binary-expr","locations":[{"start":{"line":101,"column":13},"end":{"line":101,"column":null}},{"start":{"line":102,"column":14},"end":{"line":123,"column":null}}]},"4":{"loc":{"start":{"line":58,"column":12},"end":{"line":104,"column":19}},"type":"binary-expr","locations":[{"start":{"line":58,"column":12},"end":{"line":58,"column":13}},{"start":{"line":58,"column":12},"end":{"line":104,"column":19}}]},"5":{"loc":{"start":{"line":125,"column":8},"end":{"line":126,"column":9}},"type":"if","locations":[{"start":{"line":125,"column":8},"end":{"line":126,"column":9}}]},"6":{"loc":{"start":{"line":126,"column":8},"end":{"line":126,"column":29}},"type":"binary-expr","locations":[{"start":{"line":126,"column":8},"end":{"line":126,"column":9}},{"start":{"line":126,"column":8},"end":{"line":126,"column":29}}]},"7":{"loc":{"start":{"line":126,"column":8},"end":{"line":130,"column":null}},"type":"if","locations":[{"start":{"line":126,"column":8},"end":{"line":130,"column":null}}]},"8":{"loc":{"start":{"line":126,"column":8},"end":{"line":126,"column":null}},"type":"binary-expr","locations":[{"start":{"line":126,"column":8},"end":{"line":126,"column":null}},{"start":{"line":126,"column":62},"end":{"line":126,"column":null}}]},"9":{"loc":{"start":{"line":48,"column":6},"end":{"line":47,"column":5}},"type":"if","locations":[{"start":{"line":48,"column":6},"end":{"line":47,"column":5}}]},"10":{"loc":{"start":{"line":47,"column":4},"end":{"line":47,"column":5}},"type":"if","locations":[{"start":{"line":47,"column":4},"end":{"line":47,"column":5}}]}},"s":{"0":6,"1":48,"2":0,"3":0,"4":0,"5":0,"6":0,"7":0,"8":0,"9":0,"10":0,"11":0,"12":0,"13":0,"14":0,"15":0,"16":0,"17":0,"18":0,"19":0,"20":0,"21":0,"22":0,"23":1,"24":0,"25":1,"26":1,"27":0,"28":0,"29":0,"30":0,"31":0,"32":0,"33":0,"34":0,"35":0,"36":5,"37":0,"38":5,"39":5,"40":5,"41":10,"42":5,"43":5,"44":5,"45":5,"46":0},"f":{"0":6,"1":0,"2":0,"3":0,"4":0,"5":0,"6":0,"7":0,"8":0,"9":0,"10":0,"11":0,"12":0,"13":0,"14":0,"15":0,"16":5},"b":{"0":[6,0],"1":[6],"2":[6,6],"3":[0,0],"4":[0,0],"5":[5],"6":[5,5],"7":[5],"8":[5,5],"9":[0],"10":[0]}}
}
