{"C:/Users/z8r90/Desktop/projects/TypeScript/GraphicMemo/Frontend/src/App.tsx": {"path":"C:/Users/z8r90/Desktop/projects/TypeScript/GraphicMemo/Frontend/src/App.tsx","statementMap":{"0":{"start":{"line":1,"column":31},"end":{"line":1,"column":null}},"1":{"start":{"line":8,"column":17},"end":{"line":36,"column":null}},"2":{"start":{"line":37,"column":2},"end":{"line":37,"column":null}},"3":{"start":{"line":38,"column":1},"end":{"line":7,"column":15}},"4":{"start":{"line":40,"column":19},"end":{"line":40,"column":null}}},"fnMap":{"0":{"name":"(anonymous_0)","decl":{"start":{"line":1,"column":31},"end":{"line":1,"column":null}},"loc":{"start":{"line":1,"column":31},"end":{"line":1,"column":null}}},"1":{"name":"App","decl":{"start":{"line":7,"column":9},"end":{"line":7,"column":15}},"loc":{"start":{"line":7,"column":15},"end":{"line":38,"column":1}}}},"branchMap":{"0":{"loc":{"start":{"line":1,"column":31},"end":{"line":1,"column":null}},"type":"binary-expr","locations":[{"start":{"line":1,"column":31},"end":{"line":1,"column":null}},{"start":{"line":1,"column":31},"end":{"line":1,"column":null}}]},"1":{"loc":{"start":{"line":1,"column":31},"end":{"line":1,"column":null}},"type":"if","locations":[{"start":{"line":1,"column":31},"end":{"line":1,"column":null}}]}},"s":{"0":120,"1":42,"2":42,"3":15,"4":15},"f":{"0":15,"1":42},"b":{"0":[30,15],"1":[15]}}
,"C:/Users/z8r90/Desktop/projects/TypeScript/GraphicMemo/Frontend/src/main.tsx": {"path":"C:/Users/z8r90/Desktop/projects/TypeScript/GraphicMemo/Frontend/src/main.tsx","statementMap":{"0":{"start":{"line":6,"column":0},"end":{"line":10,"column":null}}},"fnMap":{},"branchMap":{},"s":{"0":15},"f":{},"b":{}}
,"C:/Users/z8r90/Desktop/projects/TypeScript/GraphicMemo/Frontend/src/components/AddComic.tsx": {"path":"C:/Users/z8r90/Desktop/projects/TypeScript/GraphicMemo/Frontend/src/components/AddComic.tsx","statementMap":{"0":{"start":{"line":1,"column":32},"end":{"line":1,"column":null}},"1":{"start":{"line":6,"column":35},"end":{"line":6,"column":null}},"2":{"start":{"line":7,"column":36},"end":{"line":7,"column":null}},"3":{"start":{"line":8,"column":28},"end":{"line":8,"column":null}},"4":{"start":{"line":9,"column":40},"end":{"line":9,"column":null}},"5":{"start":{"line":10,"column":28},"end":{"line":10,"column":null}},"6":{"start":{"line":11,"column":36},"end":{"line":11,"column":null}},"7":{"start":{"line":12,"column":30},"end":{"line":12,"column":null}},"8":{"start":{"line":13,"column":34},"end":{"line":13,"column":null}},"9":{"start":{"line":14,"column":38},"end":{"line":14,"column":null}},"10":{"start":{"line":15,"column":36},"end":{"line":15,"column":null}},"11":{"start":{"line":17,"column":20},"end":{"line":47,"column":null}},"12":{"start":{"line":18,"column":24},"end":{"line":31,"column":null}},"13":{"start":{"line":32,"column":4},"end":{"line":46,"column":null}},"14":{"start":{"line":33,"column":6},"end":{"line":35,"column":null}},"15":{"start":{"line":34,"column":28},"end":{"line":34,"column":43}},"16":{"start":{"line":35,"column":24},"end":{"line":35,"column":41}},"17":{"start":{"line":36,"column":6},"end":{"line":38,"column":null}},"18":{"start":{"line":39,"column":6},"end":{"line":39,"column":null}},"19":{"start":{"line":41,"column":6},"end":{"line":43,"column":null}},"20":{"start":{"line":42,"column":8},"end":{"line":42,"column":null}},"21":{"start":{"line":45,"column":6},"end":{"line":45,"column":null}},"22":{"start":{"line":49,"column":2},"end":{"line":173,"column":null}},"23":{"start":{"line":53,"column":23},"end":{"line":53,"column":null}},"24":{"start":{"line":85,"column":35},"end":{"line":85,"column":60}},"25":{"start":{"line":94,"column":35},"end":{"line":94,"column":66}},"26":{"start":{"line":103,"column":35},"end":{"line":103,"column":70}},"27":{"start":{"line":112,"column":35},"end":{"line":112,"column":64}},"28":{"start":{"line":121,"column":35},"end":{"line":121,"column":61}},"29":{"start":{"line":130,"column":35},"end":{"line":130,"column":64}},"30":{"start":{"line":139,"column":35},"end":{"line":139,"column":63}},"31":{"start":{"line":148,"column":35},"end":{"line":148,"column":65}},"32":{"start":{"line":157,"column":33},"end":{"line":157,"column":53}},"33":{"start":{"line":164,"column":33},"end":{"line":164,"column":45}},"34":{"start":{"line":175,"column":1},"end":{"line":6,"column":35}},"35":{"start":{"line":6,"column":32},"end":{"line":null,"column":-1}},"36":{"start":{"line":6,"column":32},"end":{"line":6,"column":35}}},"fnMap":{"0":{"name":"(anonymous_0)","decl":{"start":{"line":1,"column":32},"end":{"line":1,"column":null}},"loc":{"start":{"line":1,"column":32},"end":{"line":1,"column":null}}},"1":{"name":"AddComic","decl":{"start":{"line":6,"column":24},"end":{"line":6,"column":32}},"loc":{"start":{"line":6,"column":35},"end":{"line":175,"column":1}}},"2":{"name":"(anonymous_2)","decl":{"start":{"line":17,"column":20},"end":{"line":17,"column":32}},"loc":{"start":{"line":17,"column":32},"end":{"line":47,"column":null}}},"3":{"name":"(anonymous_3)","decl":{"start":{"line":34,"column":14},"end":{"line":34,"column":15}},"loc":{"start":{"line":34,"column":28},"end":{"line":34,"column":43}}},"4":{"name":"(anonymous_4)","decl":{"start":{"line":35,"column":14},"end":{"line":35,"column":15}},"loc":{"start":{"line":35,"column":24},"end":{"line":35,"column":41}}},"5":{"name":"(anonymous_5)","decl":{"start":{"line":41,"column":17},"end":{"line":41,"column":23}},"loc":{"start":{"line":41,"column":23},"end":{"line":43,"column":9}}},"6":{"name":"(anonymous_6)","decl":{"start":{"line":53,"column":17},"end":{"line":53,"column":23}},"loc":{"start":{"line":53,"column":23},"end":{"line":53,"column":null}}},"7":{"name":"(anonymous_7)","decl":{"start":{"line":85,"column":28},"end":{"line":85,"column":29}},"loc":{"start":{"line":85,"column":35},"end":{"line":85,"column":60}}},"8":{"name":"(anonymous_8)","decl":{"start":{"line":94,"column":28},"end":{"line":94,"column":29}},"loc":{"start":{"line":94,"column":35},"end":{"line":94,"column":66}}},"9":{"name":"(anonymous_9)","decl":{"start":{"line":103,"column":28},"end":{"line":103,"column":29}},"loc":{"start":{"line":103,"column":35},"end":{"line":103,"column":70}}},"10":{"name":"(anonymous_10)","decl":{"start":{"line":112,"column":28},"end":{"line":112,"column":29}},"loc":{"start":{"line":112,"column":35},"end":{"line":112,"column":64}}},"11":{"name":"(anonymous_11)","decl":{"start":{"line":121,"column":28},"end":{"line":121,"column":29}},"loc":{"start":{"line":121,"column":35},"end":{"line":121,"column":61}}},"12":{"name":"(anonymous_12)","decl":{"start":{"line":130,"column":28},"end":{"line":130,"column":29}},"loc":{"start":{"line":130,"column":35},"end":{"line":130,"column":64}}},"13":{"name":"(anonymous_13)","decl":{"start":{"line":139,"column":28},"end":{"line":139,"column":29}},"loc":{"start":{"line":139,"column":35},"end":{"line":139,"column":63}}},"14":{"name":"(anonymous_14)","decl":{"start":{"line":148,"column":28},"end":{"line":148,"column":29}},"loc":{"start":{"line":148,"column":35},"end":{"line":148,"column":65}}},"15":{"name":"(anonymous_15)","decl":{"start":{"line":157,"column":27},"end":{"line":157,"column":33}},"loc":{"start":{"line":157,"column":33},"end":{"line":157,"column":53}}},"16":{"name":"(anonymous_16)","decl":{"start":{"line":164,"column":27},"end":{"line":164,"column":33}},"loc":{"start":{"line":164,"column":33},"end":{"line":164,"column":45}}}},"branchMap":{"0":{"loc":{"start":{"line":1,"column":32},"end":{"line":1,"column":null}},"type":"binary-expr","locations":[{"start":{"line":1,"column":32},"end":{"line":1,"column":null}},{"start":{"line":1,"column":32},"end":{"line":1,"column":null}}]},"1":{"loc":{"start":{"line":1,"column":32},"end":{"line":1,"column":null}},"type":"if","locations":[{"start":{"line":1,"column":32},"end":{"line":1,"column":null}}]},"2":{"loc":{"start":{"line":59,"column":7},"end":{"line":171,"column":null}},"type":"binary-expr","locations":[{"start":{"line":59,"column":7},"end":{"line":59,"column":null}},{"start":{"line":60,"column":8},"end":{"line":171,"column":null}}]},"3":{"loc":{"start":{"line":71,"column":17},"end":{"line":74,"column":null}},"type":"cond-expr","locations":[{"start":{"line":72,"column":18},"end":{"line":72,"column":null}},{"start":{"line":74,"column":18},"end":{"line":74,"column":null}}]}},"s":{"0":135,"1":2574,"2":2574,"3":2574,"4":2574,"5":2574,"6":2574,"7":2574,"8":2574,"9":2574,"10":2574,"11":2574,"12":3,"13":3,"14":3,"15":3,"16":3,"17":3,"18":3,"19":3,"20":0,"21":0,"22":2574,"23":6,"24":114,"25":852,"26":3,"27":18,"28":36,"29":6,"30":12,"31":219,"32":3,"33":3,"34":15,"35":15,"36":15},"f":{"0":15,"1":2574,"2":3,"3":3,"4":3,"5":0,"6":6,"7":114,"8":852,"9":3,"10":18,"11":36,"12":6,"13":12,"14":219,"15":3,"16":3},"b":{"0":[30,15],"1":[15],"2":[2574,2532],"3":[438,2094]}}
,"C:/Users/z8r90/Desktop/projects/TypeScript/GraphicMemo/Frontend/src/components/AllComicView.tsx": {"path":"C:/Users/z8r90/Desktop/projects/TypeScript/GraphicMemo/Frontend/src/components/AllComicView.tsx","statementMap":{"0":{"start":{"line":1,"column":36},"end":{"line":1,"column":null}},"1":{"start":{"line":1,"column":43},"end":{"line":1,"column":null}},"2":{"start":{"line":9,"column":39},"end":{"line":9,"column":null}},"3":{"start":{"line":10,"column":36},"end":{"line":10,"column":null}},"4":{"start":{"line":12,"column":2},"end":{"line":16,"column":null}},"5":{"start":{"line":13,"column":4},"end":{"line":15,"column":null}},"6":{"start":{"line":14,"column":25},"end":{"line":14,"column":39}},"7":{"start":{"line":15,"column":22},"end":{"line":15,"column":40}},"8":{"start":{"line":18,"column":2},"end":{"line":68,"column":null}},"9":{"start":{"line":34,"column":18},"end":{"line":52,"column":null}},"10":{"start":{"line":70,"column":1},"end":{"line":9,"column":39}},"11":{"start":{"line":9,"column":36},"end":{"line":null,"column":-1}},"12":{"start":{"line":9,"column":36},"end":{"line":9,"column":39}}},"fnMap":{"0":{"name":"(anonymous_0)","decl":{"start":{"line":1,"column":43},"end":{"line":1,"column":null}},"loc":{"start":{"line":1,"column":43},"end":{"line":1,"column":null}}},"1":{"name":"AllComicView","decl":{"start":{"line":9,"column":24},"end":{"line":9,"column":36}},"loc":{"start":{"line":9,"column":39},"end":{"line":70,"column":1}}},"2":{"name":"(anonymous_2)","decl":{"start":{"line":12,"column":12},"end":{"line":12,"column":18}},"loc":{"start":{"line":12,"column":18},"end":{"line":16,"column":5}}},"3":{"name":"(anonymous_3)","decl":{"start":{"line":14,"column":12},"end":{"line":14,"column":13}},"loc":{"start":{"line":14,"column":25},"end":{"line":14,"column":39}}},"4":{"name":"(anonymous_4)","decl":{"start":{"line":15,"column":12},"end":{"line":15,"column":13}},"loc":{"start":{"line":15,"column":22},"end":{"line":15,"column":40}}},"5":{"name":"(anonymous_5)","decl":{"start":{"line":33,"column":21},"end":{"line":33,"column":22}},"loc":{"start":{"line":34,"column":18},"end":{"line":52,"column":null}}}},"branchMap":{"0":{"loc":{"start":{"line":1,"column":36},"end":{"line":1,"column":null}},"type":"binary-expr","locations":[{"start":{"line":1,"column":36},"end":{"line":1,"column":null}},{"start":{"line":1,"column":43},"end":{"line":1,"column":null}}]},"1":{"loc":{"start":{"line":1,"column":43},"end":{"line":1,"column":null}},"type":"if","locations":[{"start":{"line":1,"column":43},"end":{"line":1,"column":null}}]},"2":{"loc":{"start":{"line":1,"column":43},"end":{"line":1,"column":null}},"type":"binary-expr","locations":[{"start":{"line":1,"column":43},"end":{"line":1,"column":null}},{"start":{"line":1,"column":43},"end":{"line":1,"column":null}}]},"3":{"loc":{"start":{"line":29,"column":13},"end":{"line":55,"column":null}},"type":"cond-expr","locations":[{"start":{"line":30,"column":14},"end":{"line":53,"column":null}},{"start":{"line":55,"column":14},"end":{"line":55,"column":null}}]}},"s":{"0":15,"1":120,"2":84,"3":84,"4":72,"5":30,"6":24,"7":24,"8":72,"9":112,"10":15,"11":15,"12":15},"f":{"0":15,"1":84,"2":30,"3":24,"4":24,"5":112},"b":{"0":[15,0],"1":[15],"2":[15,15],"3":[42,30]}}
,"C:/Users/z8r90/Desktop/projects/TypeScript/GraphicMemo/Frontend/src/components/Footer.tsx": {"path":"C:/Users/z8r90/Desktop/projects/TypeScript/GraphicMemo/Frontend/src/components/Footer.tsx","statementMap":{"0":{"start":{"line":1,"column":33},"end":{"line":1,"column":null}},"1":{"start":{"line":2,"column":2},"end":{"line":10,"column":null}},"2":{"start":{"line":12,"column":1},"end":{"line":1,"column":30}},"3":{"start":{"line":1,"column":30},"end":{"line":1,"column":33}}},"fnMap":{"0":{"name":"(anonymous_0)","decl":{"start":{"line":1,"column":33},"end":{"line":1,"column":null}},"loc":{"start":{"line":1,"column":33},"end":{"line":1,"column":null}}}},"branchMap":{"0":{"loc":{"start":{"line":1,"column":33},"end":{"line":1,"column":null}},"type":"binary-expr","locations":[{"start":{"line":1,"column":33},"end":{"line":1,"column":null}},{"start":{"line":1,"column":33},"end":{"line":1,"column":null}}]},"1":{"loc":{"start":{"line":1,"column":33},"end":{"line":1,"column":null}},"type":"if","locations":[{"start":{"line":1,"column":33},"end":{"line":1,"column":null}}]}},"s":{"0":120,"1":30,"2":15,"3":15},"f":{"0":45},"b":{"0":[30,15],"1":[15]}}
,"C:/Users/z8r90/Desktop/projects/TypeScript/GraphicMemo/Frontend/src/components/LatestReviews.tsx": {"path":"C:/Users/z8r90/Desktop/projects/TypeScript/GraphicMemo/Frontend/src/components/LatestReviews.tsx","statementMap":{"0":{"start":{"line":1,"column":36},"end":{"line":1,"column":null}},"1":{"start":{"line":1,"column":43},"end":{"line":1,"column":null}},"2":{"start":{"line":5,"column":40},"end":{"line":5,"column":null}},"3":{"start":{"line":6,"column":32},"end":{"line":6,"column":null}},"4":{"start":{"line":7,"column":2},"end":{"line":11,"column":null}},"5":{"start":{"line":8,"column":4},"end":{"line":10,"column":null}},"6":{"start":{"line":9,"column":26},"end":{"line":9,"column":41}},"7":{"start":{"line":10,"column":22},"end":{"line":10,"column":48}},"8":{"start":{"line":12,"column":2},"end":{"line":28,"column":null}},"9":{"start":{"line":19,"column":10},"end":{"line":24,"column":null}},"10":{"start":{"line":30,"column":1},"end":{"line":5,"column":40}},"11":{"start":{"line":5,"column":37},"end":{"line":null,"column":-1}},"12":{"start":{"line":5,"column":37},"end":{"line":5,"column":40}}},"fnMap":{"0":{"name":"(anonymous_0)","decl":{"start":{"line":1,"column":43},"end":{"line":1,"column":null}},"loc":{"start":{"line":1,"column":43},"end":{"line":1,"column":null}}},"1":{"name":"LatestReviews","decl":{"start":{"line":5,"column":24},"end":{"line":5,"column":37}},"loc":{"start":{"line":5,"column":40},"end":{"line":30,"column":1}}},"2":{"name":"(anonymous_2)","decl":{"start":{"line":7,"column":12},"end":{"line":7,"column":18}},"loc":{"start":{"line":7,"column":18},"end":{"line":11,"column":5}}},"3":{"name":"(anonymous_3)","decl":{"start":{"line":9,"column":12},"end":{"line":9,"column":13}},"loc":{"start":{"line":9,"column":26},"end":{"line":9,"column":41}}},"4":{"name":"(anonymous_4)","decl":{"start":{"line":10,"column":12},"end":{"line":10,"column":13}},"loc":{"start":{"line":10,"column":22},"end":{"line":10,"column":48}}},"5":{"name":"(anonymous_5)","decl":{"start":{"line":18,"column":33},"end":{"line":18,"column":34}},"loc":{"start":{"line":19,"column":10},"end":{"line":24,"column":null}}}},"branchMap":{"0":{"loc":{"start":{"line":1,"column":36},"end":{"line":1,"column":null}},"type":"binary-expr","locations":[{"start":{"line":1,"column":36},"end":{"line":1,"column":null}},{"start":{"line":1,"column":43},"end":{"line":1,"column":null}}]},"1":{"loc":{"start":{"line":1,"column":43},"end":{"line":1,"column":null}},"type":"if","locations":[{"start":{"line":1,"column":43},"end":{"line":1,"column":null}}]},"2":{"loc":{"start":{"line":1,"column":43},"end":{"line":1,"column":null}},"type":"binary-expr","locations":[{"start":{"line":1,"column":43},"end":{"line":1,"column":null}},{"start":{"line":1,"column":43},"end":{"line":1,"column":null}}]}},"s":{"0":15,"1":120,"2":96,"3":96,"4":84,"5":30,"6":24,"7":24,"8":84,"9":144,"10":15,"11":15,"12":15},"f":{"0":15,"1":96,"2":30,"3":24,"4":24,"5":144},"b":{"0":[15,0],"1":[15],"2":[15,15]}}
,"C:/Users/z8r90/Desktop/projects/TypeScript/GraphicMemo/Frontend/src/components/ListAllTable.tsx": {"path":"C:/Users/z8r90/Desktop/projects/TypeScript/GraphicMemo/Frontend/src/components/ListAllTable.tsx","statementMap":{"0":{"start":{"line":1,"column":39},"end":{"line":1,"column":null}},"1":{"start":{"line":9,"column":2},"end":{"line":24,"column":null}},"2":{"start":{"line":16,"column":10},"end":{"line":21,"column":null}},"3":{"start":{"line":26,"column":1},"end":{"line":8,"column":36}},"4":{"start":{"line":8,"column":36},"end":{"line":8,"column":37}}},"fnMap":{"0":{"name":"(anonymous_0)","decl":{"start":{"line":1,"column":39},"end":{"line":1,"column":null}},"loc":{"start":{"line":1,"column":39},"end":{"line":1,"column":null}}},"1":{"name":"ListAllTable","decl":{"start":{"line":8,"column":24},"end":{"line":8,"column":36}},"loc":{"start":{"line":8,"column":66},"end":{"line":26,"column":1}}},"2":{"name":"(anonymous_2)","decl":{"start":{"line":15,"column":23},"end":{"line":15,"column":24}},"loc":{"start":{"line":16,"column":10},"end":{"line":21,"column":null}}}},"branchMap":{"0":{"loc":{"start":{"line":1,"column":39},"end":{"line":1,"column":null}},"type":"binary-expr","locations":[{"start":{"line":1,"column":39},"end":{"line":1,"column":null}},{"start":{"line":1,"column":39},"end":{"line":1,"column":null}}]},"1":{"loc":{"start":{"line":1,"column":39},"end":{"line":1,"column":null}},"type":"if","locations":[{"start":{"line":1,"column":39},"end":{"line":1,"column":null}}]}},"s":{"0":120,"1":72,"2":112,"3":15,"4":15},"f":{"0":15,"1":72,"2":112},"b":{"0":[30,15],"1":[15]}}
,"C:/Users/z8r90/Desktop/projects/TypeScript/GraphicMemo/Frontend/src/components/NavBar.tsx": {"path":"C:/Users/z8r90/Desktop/projects/TypeScript/GraphicMemo/Frontend/src/components/NavBar.tsx","statementMap":{"0":{"start":{"line":1,"column":21},"end":{"line":1,"column":null}},"1":{"start":{"line":1,"column":45},"end":{"line":1,"column":null}},"2":{"start":{"line":5,"column":33},"end":{"line":5,"column":null}},"3":{"start":{"line":6,"column":17},"end":{"line":6,"column":null}},"4":{"start":{"line":7,"column":2},"end":{"line":23,"column":null}},"5":{"start":{"line":14,"column":28},"end":{"line":14,"column":43}},"6":{"start":{"line":25,"column":1},"end":{"line":6,"column":29}},"7":{"start":{"line":5,"column":30},"end":{"line":6,"column":29}},"8":{"start":{"line":6,"column":28},"end":{"line":5,"column":30}},"9":{"start":{"line":5,"column":30},"end":{"line":5,"column":33}}},"fnMap":{"0":{"name":"(anonymous_0)","decl":{"start":{"line":1,"column":45},"end":{"line":1,"column":null}},"loc":{"start":{"line":1,"column":45},"end":{"line":1,"column":null}}},"1":{"name":"NavBar","decl":{"start":{"line":5,"column":24},"end":{"line":5,"column":30}},"loc":{"start":{"line":5,"column":33},"end":{"line":25,"column":1}}},"2":{"name":"(anonymous_2)","decl":{"start":{"line":14,"column":22},"end":{"line":14,"column":28}},"loc":{"start":{"line":14,"column":28},"end":{"line":14,"column":43}}},"3":{"name":"(anonymous_3)","decl":{"start":{"line":5,"column":30},"end":{"line":5,"column":33}},"loc":{"start":{"line":5,"column":30},"end":{"line":6,"column":29}}}},"branchMap":{"0":{"loc":{"start":{"line":1,"column":21},"end":{"line":1,"column":null}},"type":"binary-expr","locations":[{"start":{"line":1,"column":21},"end":{"line":1,"column":null}},{"start":{"line":1,"column":45},"end":{"line":1,"column":null}}]},"1":{"loc":{"start":{"line":1,"column":45},"end":{"line":1,"column":null}},"type":"if","locations":[{"start":{"line":1,"column":45},"end":{"line":1,"column":null}}]},"2":{"loc":{"start":{"line":1,"column":45},"end":{"line":1,"column":null}},"type":"binary-expr","locations":[{"start":{"line":1,"column":45},"end":{"line":1,"column":null}},{"start":{"line":1,"column":45},"end":{"line":1,"column":null}}]}},"s":{"0":15,"1":120,"2":30,"3":30,"4":30,"5":0,"6":15,"7":15,"8":15,"9":15},"f":{"0":15,"1":30,"2":0,"3":15},"b":{"0":[15,0],"1":[15],"2":[15,15]}}
,"C:/Users/z8r90/Desktop/projects/TypeScript/GraphicMemo/Frontend/src/components/PostReviewComponent.tsx": {"path":"C:/Users/z8r90/Desktop/projects/TypeScript/GraphicMemo/Frontend/src/components/PostReviewComponent.tsx","statementMap":{"0":{"start":{"line":1,"column":32},"end":{"line":1,"column":null}},"1":{"start":{"line":10,"column":76},"end":{"line":10,"column":null}},"2":{"start":{"line":11,"column":30},"end":{"line":11,"column":null}},"3":{"start":{"line":13,"column":32},"end":{"line":13,"column":null}},"4":{"start":{"line":14,"column":32},"end":{"line":14,"column":null}},"5":{"start":{"line":15,"column":36},"end":{"line":15,"column":null}},"6":{"start":{"line":16,"column":42},"end":{"line":16,"column":null}},"7":{"start":{"line":18,"column":29},"end":{"line":41,"column":null}},"8":{"start":{"line":19,"column":4},"end":{"line":40,"column":null}},"9":{"start":{"line":20,"column":6},"end":{"line":29,"column":null}},"10":{"start":{"line":30,"column":6},"end":{"line":30,"column":null}},"11":{"start":{"line":31,"column":6},"end":{"line":31,"column":null}},"12":{"start":{"line":32,"column":6},"end":{"line":34,"column":null}},"13":{"start":{"line":33,"column":8},"end":{"line":33,"column":null}},"14":{"start":{"line":35,"column":6},"end":{"line":37,"column":null}},"15":{"start":{"line":36,"column":8},"end":{"line":36,"column":null}},"16":{"start":{"line":39,"column":6},"end":{"line":39,"column":null}},"17":{"start":{"line":42,"column":2},"end":{"line":111,"column":null}},"18":{"start":{"line":48,"column":25},"end":{"line":48,"column":null}},"19":{"start":{"line":74,"column":35},"end":{"line":74,"column":62}},"20":{"start":{"line":82,"column":35},"end":{"line":82,"column":null}},"21":{"start":{"line":98,"column":35},"end":{"line":98,"column":62}},"22":{"start":{"line":113,"column":1},"end":{"line":10,"column":44}},"23":{"start":{"line":10,"column":43},"end":{"line":null,"column":-1}},"24":{"start":{"line":10,"column":43},"end":{"line":10,"column":44}},"25":{"start":{"line":18,"column":29},"end":{"line":42,"column":null}},"26":{"start":{"line":19,"column":4},"end":{"line":19,"column":null}},"27":{"start":{"line":20,"column":6},"end":{"line":41,"column":null}},"28":{"start":{"line":20,"column":51},"end":{"line":30,"column":18}},"29":{"start":{"line":31,"column":6},"end":{"line":31,"column":22}},"30":{"start":{"line":32,"column":6},"end":{"line":32,"column":null}},"31":{"start":{"line":33,"column":8},"end":{"line":35,"column":17}},"32":{"start":{"line":34,"column":6},"end":{"line":34,"column":null}},"33":{"start":{"line":36,"column":8},"end":{"line":38,"column":20}},"34":{"start":{"line":37,"column":6},"end":{"line":37,"column":null}},"35":{"start":{"line":40,"column":4},"end":{"line":40,"column":null}},"36":{"start":{"line":45,"column":8},"end":{"line":113,"column":1}},"37":{"start":{"line":50,"column":10},"end":{"line":50,"column":11}},"38":{"start":{"line":74,"column":60},"end":{"line":74,"column":62}},"39":{"start":{"line":84,"column":18},"end":{"line":84,"column":19}},"40":{"start":{"line":98,"column":60},"end":{"line":98,"column":62}}},"fnMap":{"0":{"name":"(anonymous_0)","decl":{"start":{"line":1,"column":32},"end":{"line":1,"column":null}},"loc":{"start":{"line":1,"column":32},"end":{"line":1,"column":null}}},"1":{"name":"PostReviewComponent","decl":{"start":{"line":10,"column":24},"end":{"line":10,"column":43}},"loc":{"start":{"line":10,"column":76},"end":{"line":113,"column":1}}},"2":{"name":"(anonymous_2)","decl":{"start":{"line":18,"column":29},"end":{"line":18,"column":41}},"loc":{"start":{"line":18,"column":41},"end":{"line":41,"column":null}}},"3":{"name":"(anonymous_3)","decl":{"start":{"line":32,"column":17},"end":{"line":32,"column":23}},"loc":{"start":{"line":32,"column":23},"end":{"line":34,"column":9}}},"4":{"name":"(anonymous_4)","decl":{"start":{"line":35,"column":17},"end":{"line":35,"column":23}},"loc":{"start":{"line":35,"column":23},"end":{"line":37,"column":9}}},"5":{"name":"(anonymous_5)","decl":{"start":{"line":48,"column":19},"end":{"line":48,"column":25}},"loc":{"start":{"line":48,"column":25},"end":{"line":48,"column":null}}},"6":{"name":"(anonymous_6)","decl":{"start":{"line":74,"column":28},"end":{"line":74,"column":29}},"loc":{"start":{"line":74,"column":35},"end":{"line":74,"column":62}}},"7":{"name":"(anonymous_7)","decl":{"start":{"line":82,"column":28},"end":{"line":82,"column":29}},"loc":{"start":{"line":82,"column":35},"end":{"line":82,"column":null}}},"8":{"name":"(anonymous_8)","decl":{"start":{"line":98,"column":28},"end":{"line":98,"column":29}},"loc":{"start":{"line":98,"column":35},"end":{"line":98,"column":62}}},"9":{"name":"(anonymous_3)","decl":{"start":{"line":33,"column":8},"end":{"line":33,"column":18}},"loc":{"start":{"line":33,"column":23},"end":{"line":35,"column":17}}},"10":{"name":"(anonymous_4)","decl":{"start":{"line":36,"column":8},"end":{"line":36,"column":24}},"loc":{"start":{"line":36,"column":8},"end":{"line":38,"column":13}}},"11":{"name":"(anonymous_5)","decl":{"start":{"line":50,"column":10},"end":{"line":50,"column":11}},"loc":{"start":{"line":50,"column":10},"end":{"line":50,"column":11}}},"12":{"name":"(anonymous_6)","decl":{"start":{"line":74,"column":60},"end":{"line":74,"column":62}},"loc":{"start":{"line":74,"column":60},"end":{"line":74,"column":62}}},"13":{"name":"(anonymous_7)","decl":{"start":{"line":84,"column":18},"end":{"line":84,"column":19}},"loc":{"start":{"line":84,"column":18},"end":{"line":84,"column":19}}},"14":{"name":"(anonymous_8)","decl":{"start":{"line":98,"column":60},"end":{"line":98,"column":62}},"loc":{"start":{"line":98,"column":60},"end":{"line":98,"column":62}}}},"branchMap":{"0":{"loc":{"start":{"line":1,"column":32},"end":{"line":1,"column":null}},"type":"binary-expr","locations":[{"start":{"line":1,"column":32},"end":{"line":1,"column":null}},{"start":{"line":1,"column":32},"end":{"line":1,"column":null}}]},"1":{"loc":{"start":{"line":1,"column":32},"end":{"line":1,"column":null}},"type":"if","locations":[{"start":{"line":1,"column":32},"end":{"line":1,"column":null}}]},"2":{"loc":{"start":{"line":58,"column":12},"end":{"line":58,"column":63}},"type":"cond-expr","locations":[{"start":{"line":58,"column":21},"end":{"line":58,"column":38}},{"start":{"line":58,"column":38},"end":{"line":58,"column":63}}]},"3":{"loc":{"start":{"line":61,"column":11},"end":{"line":107,"column":null}},"type":"cond-expr","locations":[{"start":{"line":62,"column":12},"end":{"line":64,"column":null}},{"start":{"line":66,"column":12},"end":{"line":107,"column":null}}]},"4":{"loc":{"start":{"line":62,"column":12},"end":{"line":62,"column":52}},"type":"cond-expr","locations":[{"start":{"line":62,"column":12},"end":{"line":62,"column":17}},{"start":{"line":62,"column":17},"end":{"line":62,"column":52}}]},"5":{"loc":{"start":{"line":62,"column":12},"end":{"line":107,"column":null}},"type":"cond-expr","locations":[{"start":{"line":62,"column":12},"end":{"line":67,"column":15}},{"start":{"line":67,"column":15},"end":{"line":107,"column":null}}]}},"s":{"0":135,"1":0,"2":0,"3":0,"4":0,"5":0,"6":0,"7":0,"8":0,"9":0,"10":0,"11":0,"12":0,"13":0,"14":0,"15":0,"16":0,"17":0,"18":0,"19":0,"20":0,"21":0,"22":5,"23":25,"24":15,"25":0,"26":0,"27":0,"28":0,"29":0,"30":0,"31":0,"32":0,"33":0,"34":0,"35":0,"36":0,"37":0,"38":0,"39":0,"40":0},"f":{"0":15,"1":0,"2":0,"3":0,"4":0,"5":0,"6":0,"7":0,"8":0,"9":0,"10":0,"11":0,"12":0,"13":0,"14":0},"b":{"0":[30,15],"1":[15],"2":[0,0],"3":[0,0],"4":[0,0],"5":[0,0]}}
,"C:/Users/z8r90/Desktop/projects/TypeScript/GraphicMemo/Frontend/src/pages/Home.tsx": {"path":"C:/Users/z8r90/Desktop/projects/TypeScript/GraphicMemo/Frontend/src/pages/Home.tsx","statementMap":{"0":{"start":{"line":1,"column":53},"end":{"line":1,"column":null}},"1":{"start":{"line":6,"column":2},"end":{"line":9,"column":null}},"2":{"start":{"line":11,"column":1},"end":{"line":5,"column":28}},"3":{"start":{"line":5,"column":28},"end":{"line":5,"column":31}}},"fnMap":{"0":{"name":"(anonymous_0)","decl":{"start":{"line":1,"column":53},"end":{"line":1,"column":null}},"loc":{"start":{"line":1,"column":53},"end":{"line":1,"column":null}}},"1":{"name":"Home","decl":{"start":{"line":5,"column":24},"end":{"line":5,"column":28}},"loc":{"start":{"line":5,"column":31},"end":{"line":11,"column":1}}}},"branchMap":{"0":{"loc":{"start":{"line":1,"column":53},"end":{"line":1,"column":null}},"type":"binary-expr","locations":[{"start":{"line":1,"column":53},"end":{"line":1,"column":null}},{"start":{"line":1,"column":53},"end":{"line":1,"column":null}}]},"1":{"loc":{"start":{"line":1,"column":53},"end":{"line":1,"column":null}},"type":"if","locations":[{"start":{"line":1,"column":53},"end":{"line":1,"column":null}}]}},"s":{"0":120,"1":42,"2":15,"3":15},"f":{"0":15,"1":42},"b":{"0":[30,15],"1":[15]}}
,"C:/Users/z8r90/Desktop/projects/TypeScript/GraphicMemo/Frontend/src/pages/SingleComic.tsx": {"path":"C:/Users/z8r90/Desktop/projects/TypeScript/GraphicMemo/Frontend/src/pages/SingleComic.tsx","statementMap":{"0":{"start":{"line":1,"column":36},"end":{"line":1,"column":null}},"1":{"start":{"line":1,"column":43},"end":{"line":1,"column":null}},"2":{"start":{"line":9,"column":38},"end":{"line":9,"column":null}},"3":{"start":{"line":10,"column":28},"end":{"line":10,"column":null}},"4":{"start":{"line":11,"column":17},"end":{"line":11,"column":null}},"5":{"start":{"line":13,"column":22},"end":{"line":17,"column":null}},"6":{"start":{"line":14,"column":21},"end":{"line":14,"column":null}},"7":{"start":{"line":15,"column":35},"end":{"line":15,"column":null}},"8":{"start":{"line":16,"column":4},"end":{"line":16,"column":null}},"9":{"start":{"line":19,"column":30},"end":{"line":28,"column":null}},"10":{"start":{"line":20,"column":4},"end":{"line":26,"column":null}},"11":{"start":{"line":27,"column":4},"end":{"line":27,"column":null}},"12":{"start":{"line":30,"column":31},"end":{"line":40,"column":null}},"13":{"start":{"line":31,"column":4},"end":{"line":37,"column":null}},"14":{"start":{"line":38,"column":4},"end":{"line":38,"column":null}},"15":{"start":{"line":39,"column":4},"end":{"line":39,"column":null}},"16":{"start":{"line":42,"column":2},"end":{"line":44,"column":null}},"17":{"start":{"line":43,"column":4},"end":{"line":43,"column":null}},"18":{"start":{"line":46,"column":2},"end":{"line":128,"column":null}},"19":{"start":{"line":50,"column":10},"end":{"line":94,"column":null}},"20":{"start":{"line":63,"column":36},"end":{"line":63,"column":null}},"21":{"start":{"line":103,"column":16},"end":{"line":122,"column":null}},"22":{"start":{"line":108,"column":37},"end":{"line":108,"column":null}},"23":{"start":{"line":130,"column":1},"end":{"line":11,"column":35}},"24":{"start":{"line":9,"column":35},"end":{"line":11,"column":35}},"25":{"start":{"line":11,"column":26},"end":{"line":9,"column":35}},"26":{"start":{"line":9,"column":35},"end":{"line":9,"column":38}}},"fnMap":{"0":{"name":"(anonymous_0)","decl":{"start":{"line":1,"column":43},"end":{"line":1,"column":null}},"loc":{"start":{"line":1,"column":43},"end":{"line":1,"column":null}}},"1":{"name":"SingleComic","decl":{"start":{"line":9,"column":24},"end":{"line":9,"column":35}},"loc":{"start":{"line":9,"column":38},"end":{"line":130,"column":1}}},"2":{"name":"(anonymous_2)","decl":{"start":{"line":13,"column":22},"end":{"line":13,"column":29}},"loc":{"start":{"line":13,"column":56},"end":{"line":17,"column":null}}},"3":{"name":"(anonymous_3)","decl":{"start":{"line":19,"column":30},"end":{"line":19,"column":37}},"loc":{"start":{"line":19,"column":58},"end":{"line":28,"column":null}}},"4":{"name":"(anonymous_4)","decl":{"start":{"line":30,"column":31},"end":{"line":30,"column":38}},"loc":{"start":{"line":30,"column":56},"end":{"line":40,"column":null}}},"5":{"name":"(anonymous_5)","decl":{"start":{"line":42,"column":12},"end":{"line":42,"column":18}},"loc":{"start":{"line":42,"column":18},"end":{"line":44,"column":5}}},"6":{"name":"(anonymous_6)","decl":{"start":{"line":49,"column":19},"end":{"line":49,"column":20}},"loc":{"start":{"line":50,"column":10},"end":{"line":94,"column":null}}},"7":{"name":"(anonymous_7)","decl":{"start":{"line":63,"column":30},"end":{"line":63,"column":36}},"loc":{"start":{"line":63,"column":36},"end":{"line":63,"column":null}}},"8":{"name":"(anonymous_8)","decl":{"start":{"line":102,"column":35},"end":{"line":102,"column":36}},"loc":{"start":{"line":103,"column":16},"end":{"line":122,"column":null}}},"9":{"name":"(anonymous_9)","decl":{"start":{"line":108,"column":31},"end":{"line":108,"column":37}},"loc":{"start":{"line":108,"column":37},"end":{"line":108,"column":null}}},"10":{"name":"(anonymous_10)","decl":{"start":{"line":9,"column":35},"end":{"line":9,"column":38}},"loc":{"start":{"line":9,"column":35},"end":{"line":11,"column":35}}}},"branchMap":{"0":{"loc":{"start":{"line":1,"column":36},"end":{"line":1,"column":null}},"type":"binary-expr","locations":[{"start":{"line":1,"column":36},"end":{"line":1,"column":null}},{"start":{"line":1,"column":43},"end":{"line":1,"column":null}}]},"1":{"loc":{"start":{"line":1,"column":43},"end":{"line":1,"column":null}},"type":"if","locations":[{"start":{"line":1,"column":43},"end":{"line":1,"column":null}}]},"2":{"loc":{"start":{"line":1,"column":43},"end":{"line":1,"column":null}},"type":"binary-expr","locations":[{"start":{"line":1,"column":43},"end":{"line":1,"column":null}},{"start":{"line":1,"column":43},"end":{"line":1,"column":null}}]},"3":{"loc":{"start":{"line":101,"column":13},"end":{"line":123,"column":null}},"type":"binary-expr","locations":[{"start":{"line":101,"column":13},"end":{"line":101,"column":null}},{"start":{"line":102,"column":14},"end":{"line":123,"column":null}}]}},"s":{"0":15,"1":120,"2":0,"3":0,"4":0,"5":0,"6":0,"7":0,"8":0,"9":0,"10":0,"11":0,"12":0,"13":0,"14":0,"15":0,"16":0,"17":0,"18":0,"19":0,"20":0,"21":0,"22":0,"23":15,"24":0,"25":15,"26":15},"f":{"0":15,"1":0,"2":0,"3":0,"4":0,"5":0,"6":0,"7":0,"8":0,"9":0,"10":0},"b":{"0":[15,0],"1":[15],"2":[15,15],"3":[0,0]}}
}
