{"total": {"lines":{"total":125,"covered":83,"skipped":0,"pct":66.4},"statements":{"total":144,"covered":98,"skipped":0,"pct":68.05},"functions":{"total":61,"covered":41,"skipped":0,"pct":67.21},"branches":{"total":50,"covered":40,"skipped":0,"pct":80},"branchesTrue":{"total":0,"covered":0,"skipped":0,"pct":100}}
,"C:/Users/z8r90/Desktop/projects/TypeScript/GraphicMemo/Frontend/src/App.tsx": {"lines":{"total":5,"covered":5,"skipped":0,"pct":100},"functions":{"total":2,"covered":2,"skipped":0,"pct":100},"statements":{"total":5,"covered":5,"skipped":0,"pct":100},"branches":{"total":3,"covered":3,"skipped":0,"pct":100}}
,"C:/Users/z8r90/Desktop/projects/TypeScript/GraphicMemo/Frontend/src/main.tsx": {"lines":{"total":1,"covered":1,"skipped":0,"pct":100},"functions":{"total":0,"covered":0,"skipped":0,"pct":100},"statements":{"total":1,"covered":1,"skipped":0,"pct":100},"branches":{"total":0,"covered":0,"skipped":0,"pct":100}}
,"C:/Users/z8r90/Desktop/projects/TypeScript/GraphicMemo/Frontend/src/components/AddComic.tsx": {"lines":{"total":35,"covered":33,"skipped":0,"pct":94.28},"functions":{"total":17,"covered":16,"skipped":0,"pct":94.11},"statements":{"total":37,"covered":35,"skipped":0,"pct":94.59},"branches":{"total":7,"covered":7,"skipped":0,"pct":100}}
,"C:/Users/z8r90/Desktop/projects/TypeScript/GraphicMemo/Frontend/src/components/AllComicView.tsx": {"lines":{"total":10,"covered":10,"skipped":0,"pct":100},"functions":{"total":6,"covered":6,"skipped":0,"pct":100},"statements":{"total":13,"covered":13,"skipped":0,"pct":100},"branches":{"total":7,"covered":6,"skipped":0,"pct":85.71}}
,"C:/Users/z8r90/Desktop/projects/TypeScript/GraphicMemo/Frontend/src/components/Footer.tsx": {"lines":{"total":3,"covered":3,"skipped":0,"pct":100},"functions":{"total":1,"covered":1,"skipped":0,"pct":100},"statements":{"total":4,"covered":4,"skipped":0,"pct":100},"branches":{"total":3,"covered":3,"skipped":0,"pct":100}}
,"C:/Users/z8r90/Desktop/projects/TypeScript/GraphicMemo/Frontend/src/components/LatestReviews.tsx": {"lines":{"total":10,"covered":10,"skipped":0,"pct":100},"functions":{"total":6,"covered":6,"skipped":0,"pct":100},"statements":{"total":13,"covered":13,"skipped":0,"pct":100},"branches":{"total":5,"covered":4,"skipped":0,"pct":80}}
,"C:/Users/z8r90/Desktop/projects/TypeScript/GraphicMemo/Frontend/src/components/ListAllTable.tsx": {"lines":{"total":5,"covered":5,"skipped":0,"pct":100},"functions":{"total":3,"covered":3,"skipped":0,"pct":100},"statements":{"total":5,"covered":5,"skipped":0,"pct":100},"branches":{"total":3,"covered":3,"skipped":0,"pct":100}}
,"C:/Users/z8r90/Desktop/projects/TypeScript/GraphicMemo/Frontend/src/components/NavBar.tsx": {"lines":{"total":6,"covered":5,"skipped":0,"pct":83.33},"functions":{"total":4,"covered":3,"skipped":0,"pct":75},"statements":{"total":10,"covered":9,"skipped":0,"pct":90},"branches":{"total":5,"covered":4,"skipped":0,"pct":80}}
,"C:/Users/z8r90/Desktop/projects/TypeScript/GraphicMemo/Frontend/src/components/PostReviewComponent.tsx": {"lines":{"total":23,"covered":3,"skipped":0,"pct":13.04},"functions":{"total":9,"covered":1,"skipped":0,"pct":11.11},"statements":{"total":25,"covered":4,"skipped":0,"pct":16},"branches":{"total":7,"covered":3,"skipped":0,"pct":42.85}}
,"C:/Users/z8r90/Desktop/projects/TypeScript/GraphicMemo/Frontend/src/pages/Home.tsx": {"lines":{"total":4,"covered":4,"skipped":0,"pct":100},"functions":{"total":2,"covered":2,"skipped":0,"pct":100},"statements":{"total":4,"covered":4,"skipped":0,"pct":100},"branches":{"total":3,"covered":3,"skipped":0,"pct":100}}
,"C:/Users/z8r90/Desktop/projects/TypeScript/GraphicMemo/Frontend/src/pages/SingleComic.tsx": {"lines":{"total":23,"covered":4,"skipped":0,"pct":17.39},"functions":{"total":11,"covered":1,"skipped":0,"pct":9.09},"statements":{"total":27,"covered":5,"skipped":0,"pct":18.51},"branches":{"total":7,"covered":4,"skipped":0,"pct":57.14}}
}
