{"total": {"lines":{"total":155,"covered":91,"skipped":0,"pct":58.7},"statements":{"total":186,"covered":112,"skipped":0,"pct":60.21},"functions":{"total":78,"covered":43,"skipped":0,"pct":55.12},"branches":{"total":67,"covered":51,"skipped":0,"pct":76.11},"branchesTrue":{"total":0,"covered":0,"skipped":0,"pct":100}}
,"C:/Users/z8r90/Desktop/projects/TypeScript/GraphicMemo/Frontend/src/App.tsx": {"lines":{"total":5,"covered":5,"skipped":0,"pct":100},"functions":{"total":2,"covered":2,"skipped":0,"pct":100},"statements":{"total":5,"covered":5,"skipped":0,"pct":100},"branches":{"total":3,"covered":3,"skipped":0,"pct":100}}
,"C:/Users/z8r90/Desktop/projects/TypeScript/GraphicMemo/Frontend/src/main.tsx": {"lines":{"total":1,"covered":1,"skipped":0,"pct":100},"functions":{"total":0,"covered":0,"skipped":0,"pct":100},"statements":{"total":1,"covered":1,"skipped":0,"pct":100},"branches":{"total":0,"covered":0,"skipped":0,"pct":100}}
,"C:/Users/z8r90/Desktop/projects/TypeScript/GraphicMemo/Frontend/src/components/AddComic.tsx": {"lines":{"total":35,"covered":33,"skipped":0,"pct":94.28},"functions":{"total":17,"covered":16,"skipped":0,"pct":94.11},"statements":{"total":37,"covered":35,"skipped":0,"pct":94.59},"branches":{"total":7,"covered":7,"skipped":0,"pct":100}}
,"C:/Users/z8r90/Desktop/projects/TypeScript/GraphicMemo/Frontend/src/components/AllComicView.tsx": {"lines":{"total":10,"covered":10,"skipped":0,"pct":100},"functions":{"total":6,"covered":6,"skipped":0,"pct":100},"statements":{"total":13,"covered":13,"skipped":0,"pct":100},"branches":{"total":9,"covered":7,"skipped":0,"pct":77.77}}
,"C:/Users/z8r90/Desktop/projects/TypeScript/GraphicMemo/Frontend/src/components/Footer.tsx": {"lines":{"total":3,"covered":3,"skipped":0,"pct":100},"functions":{"total":1,"covered":1,"skipped":0,"pct":100},"statements":{"total":4,"covered":4,"skipped":0,"pct":100},"branches":{"total":3,"covered":3,"skipped":0,"pct":100}}
,"C:/Users/z8r90/Desktop/projects/TypeScript/GraphicMemo/Frontend/src/components/LatestReviews.tsx": {"lines":{"total":10,"covered":10,"skipped":0,"pct":100},"functions":{"total":6,"covered":6,"skipped":0,"pct":100},"statements":{"total":13,"covered":13,"skipped":0,"pct":100},"branches":{"total":5,"covered":4,"skipped":0,"pct":80}}
,"C:/Users/z8r90/Desktop/projects/TypeScript/GraphicMemo/Frontend/src/components/ListAllTable.tsx": {"lines":{"total":5,"covered":5,"skipped":0,"pct":100},"functions":{"total":3,"covered":3,"skipped":0,"pct":100},"statements":{"total":5,"covered":5,"skipped":0,"pct":100},"branches":{"total":3,"covered":3,"skipped":0,"pct":100}}
,"C:/Users/z8r90/Desktop/projects/TypeScript/GraphicMemo/Frontend/src/components/NavBar.tsx": {"lines":{"total":7,"covered":5,"skipped":0,"pct":71.42},"functions":{"total":5,"covered":3,"skipped":0,"pct":60},"statements":{"total":11,"covered":9,"skipped":0,"pct":81.81},"branches":{"total":5,"covered":4,"skipped":0,"pct":80}}
,"C:/Users/z8r90/Desktop/projects/TypeScript/GraphicMemo/Frontend/src/components/PostReviewComponent.tsx": {"lines":{"total":24,"covered":3,"skipped":0,"pct":12.5},"functions":{"total":9,"covered":1,"skipped":0,"pct":11.11},"statements":{"total":26,"covered":4,"skipped":0,"pct":15.38},"branches":{"total":7,"covered":3,"skipped":0,"pct":42.85}}
,"C:/Users/z8r90/Desktop/projects/TypeScript/GraphicMemo/Frontend/src/pages/Home.tsx": {"lines":{"total":4,"covered":4,"skipped":0,"pct":100},"functions":{"total":2,"covered":2,"skipped":0,"pct":100},"statements":{"total":4,"covered":4,"skipped":0,"pct":100},"branches":{"total":3,"covered":3,"skipped":0,"pct":100}}
,"C:/Users/z8r90/Desktop/projects/TypeScript/GraphicMemo/Frontend/src/pages/ManageComics.tsx": {"lines":{"total":16,"covered":3,"skipped":0,"pct":18.75},"functions":{"total":10,"covered":1,"skipped":0,"pct":10},"statements":{"total":20,"covered":5,"skipped":0,"pct":25},"branches":{"total":5,"covered":4,"skipped":0,"pct":80}}
,"C:/Users/z8r90/Desktop/projects/TypeScript/GraphicMemo/Frontend/src/pages/SingleComic.tsx": {"lines":{"total":35,"covered":9,"skipped":0,"pct":25.71},"functions":{"total":17,"covered":2,"skipped":0,"pct":11.76},"statements":{"total":47,"covered":14,"skipped":0,"pct":29.78},"branches":{"total":17,"covered":10,"skipped":0,"pct":58.82}}
}
