TN:
SF:src\App.tsx
FN:1,(anonymous_0)
FN:7,App
FNF:2
FNH:2
FNDA:20,(anonymous_0)
FNDA:56,App
DA:1,160
DA:8,56
DA:37,56
DA:38,20
DA:40,20
LF:5
LH:5
BRDA:1,0,0,40
BRDA:1,0,1,20
BRDA:1,1,0,20
BRF:3
BRH:3
end_of_record
TN:
SF:src\main.tsx
FNF:0
FNH:0
DA:6,20
LF:1
LH:1
BRF:0
BRH:0
end_of_record
TN:
SF:src\components\AddComic.tsx
FN:1,(anonymous_0)
FN:6,AddComic
FN:17,(anonymous_2)
FN:34,(anonymous_3)
FN:35,(anonymous_4)
FN:41,(anonymous_5)
FN:53,(anonymous_6)
FN:85,(anonymous_7)
FN:94,(anonymous_8)
FN:103,(anonymous_9)
FN:112,(anonymous_10)
FN:121,(anonymous_11)
FN:130,(anonymous_12)
FN:139,(anonymous_13)
FN:148,(anonymous_14)
FN:157,(anonymous_15)
FN:164,(anonymous_16)
FNF:17
FNH:16
FNDA:20,(anonymous_0)
FNDA:3432,AddComic
FNDA:4,(anonymous_2)
FNDA:4,(anonymous_3)
FNDA:4,(anonymous_4)
FNDA:0,(anonymous_5)
FNDA:8,(anonymous_6)
FNDA:152,(anonymous_7)
FNDA:1136,(anonymous_8)
FNDA:4,(anonymous_9)
FNDA:24,(anonymous_10)
FNDA:48,(anonymous_11)
FNDA:8,(anonymous_12)
FNDA:16,(anonymous_13)
FNDA:292,(anonymous_14)
FNDA:4,(anonymous_15)
FNDA:4,(anonymous_16)
DA:1,180
DA:6,3432
DA:7,3432
DA:8,3432
DA:9,3432
DA:10,3432
DA:11,3432
DA:12,3432
DA:13,3432
DA:14,3432
DA:15,3432
DA:17,3432
DA:18,4
DA:32,4
DA:33,4
DA:34,4
DA:35,4
DA:36,4
DA:39,4
DA:41,4
DA:42,0
DA:45,0
DA:49,3432
DA:53,8
DA:85,152
DA:94,1136
DA:103,4
DA:112,24
DA:121,48
DA:130,8
DA:139,16
DA:148,292
DA:157,4
DA:164,4
DA:175,20
LF:35
LH:33
BRDA:1,0,0,40
BRDA:1,0,1,20
BRDA:1,1,0,20
BRDA:59,2,0,3432
BRDA:59,2,1,3376
BRDA:71,3,0,584
BRDA:71,3,1,2792
BRF:7
BRH:7
end_of_record
TN:
SF:src\components\AllComicView.tsx
FN:1,(anonymous_0)
FN:9,AllComicView
FN:12,(anonymous_2)
FN:14,(anonymous_3)
FN:15,(anonymous_4)
FN:33,(anonymous_5)
FNF:6
FNH:6
FNDA:20,(anonymous_0)
FNDA:112,AllComicView
FNDA:40,(anonymous_2)
FNDA:32,(anonymous_3)
FNDA:32,(anonymous_4)
FNDA:140,(anonymous_5)
DA:1,160
DA:9,112
DA:10,112
DA:12,96
DA:13,40
DA:14,32
DA:15,32
DA:18,96
DA:34,140
DA:70,20
LF:10
LH:10
BRDA:1,0,0,20
BRDA:1,0,1,0
BRDA:1,1,0,20
BRDA:1,2,0,20
BRDA:1,2,1,20
BRDA:29,3,0,56
BRDA:29,3,1,40
BRF:7
BRH:6
end_of_record
TN:
SF:src\components\Footer.tsx
FN:1,(anonymous_0)
FNF:1
FNH:1
FNDA:60,(anonymous_0)
DA:1,160
DA:2,40
DA:12,20
LF:3
LH:3
BRDA:1,0,0,40
BRDA:1,0,1,20
BRDA:1,1,0,20
BRF:3
BRH:3
end_of_record
TN:
SF:src\components\LatestReviews.tsx
FN:1,(anonymous_0)
FN:5,LatestReviews
FN:7,(anonymous_2)
FN:9,(anonymous_3)
FN:10,(anonymous_4)
FN:18,(anonymous_5)
FNF:6
FNH:6
FNDA:20,(anonymous_0)
FNDA:128,LatestReviews
FNDA:40,(anonymous_2)
FNDA:32,(anonymous_3)
FNDA:32,(anonymous_4)
FNDA:192,(anonymous_5)
DA:1,160
DA:5,128
DA:6,128
DA:7,112
DA:8,40
DA:9,32
DA:10,32
DA:12,112
DA:19,192
DA:30,20
LF:10
LH:10
BRDA:1,0,0,20
BRDA:1,0,1,0
BRDA:1,1,0,20
BRDA:1,2,0,20
BRDA:1,2,1,20
BRF:5
BRH:4
end_of_record
TN:
SF:src\components\ListAllTable.tsx
FN:1,(anonymous_0)
FN:8,ListAllTable
FN:15,(anonymous_2)
FNF:3
FNH:3
FNDA:20,(anonymous_0)
FNDA:96,ListAllTable
FNDA:140,(anonymous_2)
DA:1,160
DA:8,20
DA:9,96
DA:16,140
DA:26,20
LF:5
LH:5
BRDA:1,0,0,40
BRDA:1,0,1,20
BRDA:1,1,0,20
BRF:3
BRH:3
end_of_record
TN:
SF:src\components\NavBar.tsx
FN:1,(anonymous_0)
FN:5,NavBar
FN:14,(anonymous_2)
FN:5,(anonymous_3)
FNF:4
FNH:3
FNDA:20,(anonymous_0)
FNDA:40,NavBar
FNDA:0,(anonymous_2)
FNDA:20,(anonymous_3)
DA:1,160
DA:5,40
DA:6,40
DA:7,40
DA:14,0
DA:25,20
LF:6
LH:5
BRDA:1,0,0,20
BRDA:1,0,1,0
BRDA:1,1,0,20
BRDA:1,2,0,20
BRDA:1,2,1,20
BRF:5
BRH:4
end_of_record
TN:
SF:src\components\PostReviewComponent.tsx
FN:1,(anonymous_0)
FN:10,PostReviewComponent
FN:18,(anonymous_2)
FN:32,(anonymous_3)
FN:35,(anonymous_4)
FN:48,(anonymous_5)
FN:74,(anonymous_6)
FN:82,(anonymous_7)
FN:98,(anonymous_8)
FN:33,(anonymous_3)
FN:36,(anonymous_4)
FN:50,(anonymous_5)
FN:74,(anonymous_6)
FN:84,(anonymous_7)
FN:98,(anonymous_8)
FNF:15
FNH:1
FNDA:20,(anonymous_0)
FNDA:0,PostReviewComponent
FNDA:0,(anonymous_2)
FNDA:0,(anonymous_3)
FNDA:0,(anonymous_4)
FNDA:0,(anonymous_5)
FNDA:0,(anonymous_6)
FNDA:0,(anonymous_7)
FNDA:0,(anonymous_8)
FNDA:0,(anonymous_3)
FNDA:0,(anonymous_4)
FNDA:0,(anonymous_5)
FNDA:0,(anonymous_6)
FNDA:0,(anonymous_7)
FNDA:0,(anonymous_8)
DA:1,180
DA:10,35
DA:11,0
DA:13,0
DA:14,0
DA:15,0
DA:16,0
DA:18,0
DA:19,0
DA:20,0
DA:30,0
DA:31,0
DA:32,0
DA:33,0
DA:34,0
DA:35,0
DA:36,0
DA:37,0
DA:39,0
DA:40,0
DA:42,0
DA:45,0
DA:48,0
DA:50,0
DA:74,0
DA:82,0
DA:84,0
DA:98,0
DA:113,5
LF:29
LH:3
BRDA:1,0,0,40
BRDA:1,0,1,20
BRDA:1,1,0,20
BRDA:58,2,0,0
BRDA:58,2,1,0
BRDA:61,3,0,0
BRDA:61,3,1,0
BRDA:62,4,0,0
BRDA:62,4,1,0
BRDA:62,5,0,0
BRDA:62,5,1,0
BRF:11
BRH:3
end_of_record
TN:
SF:src\pages\Home.tsx
FN:1,(anonymous_0)
FN:5,Home
FNF:2
FNH:2
FNDA:20,(anonymous_0)
FNDA:56,Home
DA:1,160
DA:5,20
DA:6,56
DA:11,20
LF:4
LH:4
BRDA:1,0,0,40
BRDA:1,0,1,20
BRDA:1,1,0,20
BRF:3
BRH:3
end_of_record
TN:
SF:src\pages\SingleComic.tsx
FN:1,(anonymous_0)
FN:9,SingleComic
FN:13,(anonymous_2)
FN:19,(anonymous_3)
FN:30,(anonymous_4)
FN:42,(anonymous_5)
FN:49,(anonymous_6)
FN:63,(anonymous_7)
FN:102,(anonymous_8)
FN:108,(anonymous_9)
FN:9,(anonymous_10)
FNF:11
FNH:1
FNDA:20,(anonymous_0)
FNDA:0,SingleComic
FNDA:0,(anonymous_2)
FNDA:0,(anonymous_3)
FNDA:0,(anonymous_4)
FNDA:0,(anonymous_5)
FNDA:0,(anonymous_6)
FNDA:0,(anonymous_7)
FNDA:0,(anonymous_8)
FNDA:0,(anonymous_9)
FNDA:0,(anonymous_10)
DA:1,160
DA:9,20
DA:10,0
DA:11,20
DA:13,0
DA:14,0
DA:15,0
DA:16,0
DA:19,0
DA:20,0
DA:27,0
DA:30,0
DA:31,0
DA:38,0
DA:39,0
DA:42,0
DA:43,0
DA:46,0
DA:50,0
DA:63,0
DA:103,0
DA:108,0
DA:130,20
LF:23
LH:4
BRDA:1,0,0,20
BRDA:1,0,1,0
BRDA:1,1,0,20
BRDA:1,2,0,20
BRDA:1,2,1,20
BRDA:101,3,0,0
BRDA:101,3,1,0
BRF:7
BRH:4
end_of_record
