TN:
SF:src\App.tsx
FN:1,(anonymous_0)
FN:7,App
FNF:2
FNH:2
FNDA:4,(anonymous_0)
FNDA:11,App
DA:1,32
DA:8,11
DA:37,11
DA:38,4
DA:40,4
LF:5
LH:5
BRDA:1,0,0,8
BRDA:1,0,1,4
BRDA:1,1,0,4
BRF:3
BRH:3
end_of_record
TN:
SF:src\main.tsx
FNF:0
FNH:0
DA:6,4
LF:1
LH:1
BRF:0
BRH:0
end_of_record
TN:
SF:src\components\AddComic.tsx
FN:1,(anonymous_0)
FN:6,AddComic
FN:17,(anonymous_2)
FN:34,(anonymous_3)
FN:35,(anonymous_4)
FN:41,(anonymous_5)
FN:53,(anonymous_6)
FN:85,(anonymous_7)
FN:94,(anonymous_8)
FN:103,(anonymous_9)
FN:112,(anonymous_10)
FN:121,(anonymous_11)
FN:130,(anonymous_12)
FN:139,(anonymous_13)
FN:148,(anonymous_14)
FN:157,(anonymous_15)
FN:164,(anonymous_16)
FNF:17
FNH:4
FNDA:4,(anonymous_0)
FNDA:12,AddComic
FNDA:0,(anonymous_2)
FNDA:0,(anonymous_3)
FNDA:0,(anonymous_4)
FNDA:0,(anonymous_5)
FNDA:1,(anonymous_6)
FNDA:0,(anonymous_7)
FNDA:0,(anonymous_8)
FNDA:0,(anonymous_9)
FNDA:0,(anonymous_10)
FNDA:0,(anonymous_11)
FNDA:0,(anonymous_12)
FNDA:0,(anonymous_13)
FNDA:0,(anonymous_14)
FNDA:1,(anonymous_15)
FNDA:0,(anonymous_16)
DA:1,36
DA:6,12
DA:7,12
DA:8,12
DA:9,12
DA:10,12
DA:11,12
DA:12,12
DA:13,12
DA:14,12
DA:15,12
DA:17,12
DA:18,0
DA:32,0
DA:33,0
DA:34,0
DA:35,0
DA:36,0
DA:39,0
DA:41,0
DA:42,0
DA:45,0
DA:49,12
DA:53,1
DA:85,0
DA:94,0
DA:103,0
DA:112,0
DA:121,0
DA:130,0
DA:139,0
DA:148,0
DA:157,1
DA:164,0
DA:175,4
LF:35
LH:16
BRDA:1,0,0,8
BRDA:1,0,1,4
BRDA:1,1,0,4
BRDA:59,2,0,12
BRDA:59,2,1,2
BRDA:71,3,0,0
BRDA:71,3,1,2
BRF:7
BRH:6
end_of_record
TN:
SF:src\components\AllComicView.tsx
FN:1,(anonymous_0)
FN:9,AllComicView
FN:12,(anonymous_2)
FN:14,(anonymous_3)
FN:15,(anonymous_4)
FN:30,(anonymous_5)
FNF:6
FNH:6
FNDA:4,(anonymous_0)
FNDA:19,AllComicView
FNDA:8,(anonymous_2)
FNDA:8,(anonymous_3)
FNDA:6,(anonymous_4)
FNDA:24,(anonymous_5)
DA:1,32
DA:9,19
DA:10,19
DA:12,16
DA:13,8
DA:14,8
DA:15,6
DA:18,16
DA:31,24
DA:73,4
LF:10
LH:10
BRDA:1,0,0,4
BRDA:1,0,1,0
BRDA:1,1,0,4
BRDA:1,2,0,4
BRDA:1,2,1,4
BRDA:29,3,0,8
BRDA:29,3,1,8
BRDA:45,4,0,16
BRDA:45,4,1,8
BRF:9
BRH:8
end_of_record
TN:
SF:src\components\Footer.tsx
FN:1,(anonymous_0)
FNF:1
FNH:1
FNDA:12,(anonymous_0)
DA:1,32
DA:2,8
DA:12,4
LF:3
LH:3
BRDA:1,0,0,8
BRDA:1,0,1,4
BRDA:1,1,0,4
BRF:3
BRH:3
end_of_record
TN:
SF:src\components\LatestReviews.tsx
FN:1,(anonymous_0)
FN:5,LatestReviews
FN:7,(anonymous_2)
FN:9,(anonymous_3)
FN:10,(anonymous_4)
FN:18,(anonymous_5)
FNF:6
FNH:6
FNDA:4,(anonymous_0)
FNDA:19,LatestReviews
FNDA:8,(anonymous_2)
FNDA:8,(anonymous_3)
FNDA:6,(anonymous_4)
FNDA:24,(anonymous_5)
DA:1,32
DA:5,19
DA:6,19
DA:7,16
DA:8,8
DA:9,8
DA:10,6
DA:12,16
DA:19,24
DA:30,4
LF:10
LH:10
BRDA:1,0,0,4
BRDA:1,0,1,0
BRDA:1,1,0,4
BRDA:1,2,0,4
BRDA:1,2,1,4
BRF:5
BRH:4
end_of_record
TN:
SF:src\components\ListAllTable.tsx
FN:1,(anonymous_0)
FN:8,ListAllTable
FN:15,(anonymous_2)
FNF:3
FNH:3
FNDA:4,(anonymous_0)
FNDA:16,ListAllTable
FNDA:24,(anonymous_2)
DA:1,32
DA:8,4
DA:9,16
DA:16,24
DA:26,4
LF:5
LH:5
BRDA:1,0,0,8
BRDA:1,0,1,4
BRDA:1,1,0,4
BRF:3
BRH:3
end_of_record
TN:
SF:src\components\NavBar.tsx
FN:1,(anonymous_0)
FN:5,NavBar
FN:14,(anonymous_2)
FN:5,(anonymous_3)
FNF:4
FNH:3
FNDA:4,(anonymous_0)
FNDA:8,NavBar
FNDA:0,(anonymous_2)
FNDA:4,(anonymous_3)
DA:1,32
DA:5,8
DA:6,8
DA:7,8
DA:14,0
DA:25,4
LF:6
LH:5
BRDA:1,0,0,4
BRDA:1,0,1,0
BRDA:1,1,0,4
BRDA:1,2,0,4
BRDA:1,2,1,4
BRF:5
BRH:4
end_of_record
TN:
SF:src\components\PostReviewComponent.tsx
FN:1,(anonymous_0)
FN:10,PostReviewComponent
FN:18,(anonymous_2)
FN:33,(anonymous_3)
FN:36,(anonymous_4)
FN:50,(anonymous_5)
FN:76,(anonymous_6)
FN:84,(anonymous_7)
FN:100,(anonymous_8)
FNF:9
FNH:1
FNDA:4,(anonymous_0)
FNDA:0,PostReviewComponent
FNDA:0,(anonymous_2)
FNDA:0,(anonymous_3)
FNDA:0,(anonymous_4)
FNDA:0,(anonymous_5)
FNDA:0,(anonymous_6)
FNDA:0,(anonymous_7)
FNDA:0,(anonymous_8)
DA:1,36
DA:10,4
DA:11,0
DA:13,0
DA:14,0
DA:15,0
DA:16,0
DA:18,0
DA:19,0
DA:20,0
DA:21,0
DA:31,0
DA:32,0
DA:33,0
DA:34,0
DA:36,0
DA:37,0
DA:40,0
DA:44,0
DA:50,0
DA:76,0
DA:84,0
DA:100,0
DA:115,4
LF:24
LH:3
BRDA:1,0,0,8
BRDA:1,0,1,4
BRDA:1,1,0,4
BRDA:60,2,0,0
BRDA:60,2,1,0
BRDA:63,3,0,0
BRDA:63,3,1,0
BRF:7
BRH:3
end_of_record
TN:
SF:src\pages\Home.tsx
FN:1,(anonymous_0)
FN:5,Home
FNF:2
FNH:2
FNDA:4,(anonymous_0)
FNDA:11,Home
DA:1,32
DA:5,4
DA:6,11
DA:11,4
LF:4
LH:4
BRDA:1,0,0,8
BRDA:1,0,1,4
BRDA:1,1,0,4
BRF:3
BRH:3
end_of_record
TN:
SF:src\pages\SingleComic.tsx
FN:1,(anonymous_0)
FN:9,SingleComic
FN:13,(anonymous_2)
FN:19,(anonymous_3)
FN:30,(anonymous_4)
FN:42,(anonymous_5)
FN:49,(anonymous_6)
FN:63,(anonymous_7)
FN:102,(anonymous_8)
FN:108,(anonymous_9)
FN:9,(anonymous_10)
FNF:11
FNH:1
FNDA:4,(anonymous_0)
FNDA:0,SingleComic
FNDA:0,(anonymous_2)
FNDA:0,(anonymous_3)
FNDA:0,(anonymous_4)
FNDA:0,(anonymous_5)
FNDA:0,(anonymous_6)
FNDA:0,(anonymous_7)
FNDA:0,(anonymous_8)
FNDA:0,(anonymous_9)
FNDA:0,(anonymous_10)
DA:1,32
DA:9,4
DA:10,0
DA:11,4
DA:13,0
DA:14,0
DA:15,0
DA:16,0
DA:19,0
DA:20,0
DA:27,0
DA:30,0
DA:31,0
DA:38,0
DA:39,0
DA:42,0
DA:43,0
DA:46,0
DA:50,0
DA:63,0
DA:103,0
DA:108,0
DA:130,4
LF:23
LH:4
BRDA:1,0,0,4
BRDA:1,0,1,0
BRDA:1,1,0,4
BRDA:1,2,0,4
BRDA:1,2,1,4
BRDA:101,3,0,0
BRDA:101,3,1,0
BRF:7
BRH:4
end_of_record
