{
  "C:/Users/z8r90/Desktop/projects/TypeScript/GraphicMemo/Frontend/src/components/LatestReviews.tsx": {
    "path": "C:/Users/z8r90/Desktop/projects/TypeScript/GraphicMemo/Frontend/src/components/LatestReviews.tsx",
    "statementMap": {
      "0": {
        "start": {
          "line": 3,
          "column": 20
        },
        "end": {
          "line": 3,
          "column": 97
        }
      },
      "1": {
        "start": {
          "line": 6,
          "column": 0
        },
        "end": {
          "line": 16,
          "column": 1
        }
      },
      "2": {
        "start": {
          "line": 7,
          "column": 2
        },
        "end": {
          "line": 9,
          "column": 3
        }
      },
      "3": {
        "start": {
          "line": 8,
          "column": 4
        },
        "end": {
          "line": 8,
          "column": 165
        }
      },
      "4": {
        "start": {
          "line": 10,
          "column": 2
        },
        "end": {
          "line": 10,
          "column": 39
        }
      },
      "5": {
        "start": {
          "line": 11,
          "column": 2
        },
        "end": {
          "line": 11,
          "column": 39
        }
      },
      "6": {
        "start": {
          "line": 12,
          "column": 2
        },
        "end": {
          "line": 14,
          "column": 4
        }
      },
      "7": {
        "start": {
          "line": 13,
          "column": 4
        },
        "end": {
          "line": 13,
          "column": 140
        }
      },
      "8": {
        "start": {
          "line": 15,
          "column": 2
        },
        "end": {
          "line": 15,
          "column": 75
        }
      },
      "9": {
        "start": {
          "line": 17,
          "column": 9
        },
        "end": {
          "line": 17,
          "column": 23
        }
      },
      "10": {
        "start": {
          "line": 21,
          "column": 2
        },
        "end": {
          "line": 21,
          "column": 7
        }
      },
      "11": {
        "start": {
          "line": 22,
          "column": 32
        },
        "end": {
          "line": 22,
          "column": 44
        }
      },
      "12": {
        "start": {
          "line": 23,
          "column": 2
        },
        "end": {
          "line": 25,
          "column": 9
        }
      },
      "13": {
        "start": {
          "line": 24,
          "column": 4
        },
        "end": {
          "line": 24,
          "column": 129
        }
      },
      "14": {
        "start": {
          "line": 24,
          "column": 69
        },
        "end": {
          "line": 24,
          "column": 84
        }
      },
      "15": {
        "start": {
          "line": 24,
          "column": 101
        },
        "end": {
          "line": 24,
          "column": 127
        }
      },
      "16": {
        "start": {
          "line": 26,
          "column": 2
        },
        "end": {
          "line": 64,
          "column": 11
        }
      },
      "17": {
        "start": {
          "line": 33,
          "column": 38
        },
        "end": {
          "line": 49,
          "column": 14
        }
      },
      "18": {
        "start": {
          "line": 66,
          "column": 0
        },
        "end": {
          "line": 66,
          "column": 50
        }
      },
      "19": {
        "start": {
          "line": 67,
          "column": 0
        },
        "end": {
          "line": 67,
          "column": 19
        }
      },
      "20": {
        "start": {
          "line": 69,
          "column": 0
        },
        "end": {
          "line": 69,
          "column": 34
        }
      },
      "21": {
        "start": {
          "line": 70,
          "column": 0
        },
        "end": {
          "line": 73,
          "column": 1
        }
      },
      "22": {
        "start": {
          "line": 71,
          "column": 2
        },
        "end": {
          "line": 71,
          "column": 39
        }
      },
      "23": {
        "start": {
          "line": 72,
          "column": 2
        },
        "end": {
          "line": 72,
          "column": 39
        }
      },
      "24": {
        "start": {
          "line": 74,
          "column": 0
        },
        "end": {
          "line": 85,
          "column": 1
        }
      },
      "25": {
        "start": {
          "line": 75,
          "column": 2
        },
        "end": {
          "line": 84,
          "column": 5
        }
      },
      "26": {
        "start": {
          "line": 76,
          "column": 4
        },
        "end": {
          "line": 76,
          "column": 166
        }
      },
      "27": {
        "start": {
          "line": 77,
          "column": 4
        },
        "end": {
          "line": 83,
          "column": 7
        }
      },
      "28": {
        "start": {
          "line": 78,
          "column": 6
        },
        "end": {
          "line": 79,
          "column": 15
        }
      },
      "29": {
        "start": {
          "line": 79,
          "column": 8
        },
        "end": {
          "line": 79,
          "column": 15
        }
      },
      "30": {
        "start": {
          "line": 80,
          "column": 32
        },
        "end": {
          "line": 80,
          "column": 215
        }
      },
      "31": {
        "start": {
          "line": 81,
          "column": 6
        },
        "end": {
          "line": 82,
          "column": 54
        }
      },
      "32": {
        "start": {
          "line": 82,
          "column": 8
        },
        "end": {
          "line": 82,
          "column": 54
        }
      }
    },
    "fnMap": {
      "0": {
        "name": "(anonymous_0)",
        "decl": {
          "start": {
            "line": 12,
            "column": 24
          },
          "end": {
            "line": 12,
            "column": 25
          }
        },
        "loc": {
          "start": {
            "line": 12,
            "column": 38
          },
          "end": {
            "line": 14,
            "column": 3
          }
        },
        "line": 12
      },
      "1": {
        "name": "LatestReviews",
        "decl": {
          "start": {
            "line": 20,
            "column": 24
          },
          "end": {
            "line": 20,
            "column": 37
          }
        },
        "loc": {
          "start": {
            "line": 20,
            "column": 40
          },
          "end": {
            "line": 65,
            "column": 1
          }
        },
        "line": 20
      },
      "2": {
        "name": "(anonymous_2)",
        "decl": {
          "start": {
            "line": 23,
            "column": 12
          },
          "end": {
            "line": 23,
            "column": 13
          }
        },
        "loc": {
          "start": {
            "line": 23,
            "column": 18
          },
          "end": {
            "line": 25,
            "column": 3
          }
        },
        "line": 23
      },
      "3": {
        "name": "(anonymous_3)",
        "decl": {
          "start": {
            "line": 24,
            "column": 55
          },
          "end": {
            "line": 24,
            "column": 56
          }
        },
        "loc": {
          "start": {
            "line": 24,
            "column": 69
          },
          "end": {
            "line": 24,
            "column": 84
          }
        },
        "line": 24
      },
      "4": {
        "name": "(anonymous_4)",
        "decl": {
          "start": {
            "line": 24,
            "column": 91
          },
          "end": {
            "line": 24,
            "column": 92
          }
        },
        "loc": {
          "start": {
            "line": 24,
            "column": 101
          },
          "end": {
            "line": 24,
            "column": 127
          }
        },
        "line": 24
      },
      "5": {
        "name": "(anonymous_5)",
        "decl": {
          "start": {
            "line": 33,
            "column": 6
          },
          "end": {
            "line": 33,
            "column": 7
          }
        },
        "loc": {
          "start": {
            "line": 33,
            "column": 38
          },
          "end": {
            "line": 49,
            "column": 14
          }
        },
        "line": 33
      },
      "6": {
        "name": "(anonymous_6)",
        "decl": {
          "start": {
            "line": 75,
            "column": 52
          },
          "end": {
            "line": 75,
            "column": 53
          }
        },
        "loc": {
          "start": {
            "line": 75,
            "column": 72
          },
          "end": {
            "line": 84,
            "column": 3
          }
        },
        "line": 75
      },
      "7": {
        "name": "(anonymous_7)",
        "decl": {
          "start": {
            "line": 77,
            "column": 27
          },
          "end": {
            "line": 77,
            "column": 28
          }
        },
        "loc": {
          "start": {
            "line": 77,
            "column": 44
          },
          "end": {
            "line": 83,
            "column": 5
          }
        },
        "line": 77
      }
    },
    "branchMap": {
      "0": {
        "loc": {
          "start": {
            "line": 3,
            "column": 20
          },
          "end": {
            "line": 3,
            "column": 97
          }
        },
        "type": "binary-expr",
        "locations": [
          {
            "start": {
              "line": 3,
              "column": 20
            },
            "end": {
              "line": 3,
              "column": 60
            }
          },
          {
            "start": {
              "line": 3,
              "column": 64
            },
            "end": {
              "line": 3,
              "column": 97
            }
          }
        ],
        "line": 3
      },
      "1": {
        "loc": {
          "start": {
            "line": 6,
            "column": 0
          },
          "end": {
            "line": 16,
            "column": 1
          }
        },
        "type": "if",
        "locations": [
          {
            "start": {
              "line": 6,
              "column": 0
            },
            "end": {
              "line": 16,
              "column": 1
            }
          },
          {
            "start": {},
            "end": {}
          }
        ],
        "line": 6
      },
      "2": {
        "loc": {
          "start": {
            "line": 6,
            "column": 4
          },
          "end": {
            "line": 6,
            "column": 35
          }
        },
        "type": "binary-expr",
        "locations": [
          {
            "start": {
              "line": 6,
              "column": 4
            },
            "end": {
              "line": 6,
              "column": 19
            }
          },
          {
            "start": {
              "line": 6,
              "column": 23
            },
            "end": {
              "line": 6,
              "column": 35
            }
          }
        ],
        "line": 6
      },
      "3": {
        "loc": {
          "start": {
            "line": 7,
            "column": 2
          },
          "end": {
            "line": 9,
            "column": 3
          }
        },
        "type": "if",
        "locations": [
          {
            "start": {
              "line": 7,
              "column": 2
            },
            "end": {
              "line": 9,
              "column": 3
            }
          },
          {
            "start": {},
            "end": {}
          }
        ],
        "line": 7
      },
      "4": {
        "loc": {
          "start": {
            "line": 70,
            "column": 0
          },
          "end": {
            "line": 73,
            "column": 1
          }
        },
        "type": "if",
        "locations": [
          {
            "start": {
              "line": 70,
              "column": 0
            },
            "end": {
              "line": 73,
              "column": 1
            }
          },
          {
            "start": {},
            "end": {}
          }
        ],
        "line": 70
      },
      "5": {
        "loc": {
          "start": {
            "line": 70,
            "column": 4
          },
          "end": {
            "line": 70,
            "column": 35
          }
        },
        "type": "binary-expr",
        "locations": [
          {
            "start": {
              "line": 70,
              "column": 4
            },
            "end": {
              "line": 70,
              "column": 19
            }
          },
          {
            "start": {
              "line": 70,
              "column": 23
            },
            "end": {
              "line": 70,
              "column": 35
            }
          }
        ],
        "line": 70
      },
      "6": {
        "loc": {
          "start": {
            "line": 74,
            "column": 0
          },
          "end": {
            "line": 85,
            "column": 1
          }
        },
        "type": "if",
        "locations": [
          {
            "start": {
              "line": 74,
              "column": 0
            },
            "end": {
              "line": 85,
              "column": 1
            }
          },
          {
            "start": {},
            "end": {}
          }
        ],
        "line": 74
      },
      "7": {
        "loc": {
          "start": {
            "line": 74,
            "column": 4
          },
          "end": {
            "line": 74,
            "column": 35
          }
        },
        "type": "binary-expr",
        "locations": [
          {
            "start": {
              "line": 74,
              "column": 4
            },
            "end": {
              "line": 74,
              "column": 19
            }
          },
          {
            "start": {
              "line": 74,
              "column": 23
            },
            "end": {
              "line": 74,
              "column": 35
            }
          }
        ],
        "line": 74
      },
      "8": {
        "loc": {
          "start": {
            "line": 78,
            "column": 6
          },
          "end": {
            "line": 79,
            "column": 15
          }
        },
        "type": "if",
        "locations": [
          {
            "start": {
              "line": 78,
              "column": 6
            },
            "end": {
              "line": 79,
              "column": 15
            }
          },
          {
            "start": {},
            "end": {}
          }
        ],
        "line": 78
      },
      "9": {
        "loc": {
          "start": {
            "line": 81,
            "column": 6
          },
          "end": {
            "line": 82,
            "column": 54
          }
        },
        "type": "if",
        "locations": [
          {
            "start": {
              "line": 81,
              "column": 6
            },
            "end": {
              "line": 82,
              "column": 54
            }
          },
          {
            "start": {},
            "end": {}
          }
        ],
        "line": 81
      }
    },
    "s": {
      "0": 19,
      "1": 19,
      "2": 19,
      "3": 0,
      "4": 19,
      "5": 19,
      "6": 19,
      "7": 19,
      "8": 19,
      "9": 19,
      "10": 133,
      "11": 133,
      "12": 116,
      "13": 38,
      "14": 34,
      "15": 34,
      "16": 116,
      "17": 228,
      "18": 19,
      "19": 19,
      "20": 19,
      "21": 19,
      "22": 19,
      "23": 19,
      "24": 19,
      "25": 19,
      "26": 19,
      "27": 19,
      "28": 0,
      "29": 0,
      "30": 0,
      "31": 0,
      "32": 0
    },
    "f": {
      "0": 19,
      "1": 133,
      "2": 38,
      "3": 34,
      "4": 34,
      "5": 228,
      "6": 19,
      "7": 0
    },
    "b": {
      "0": [
        19,
        0
      ],
      "1": [
        19,
        0
      ],
      "2": [
        19,
        19
      ],
      "3": [
        0,
        19
      ],
      "4": [
        19,
        0
      ],
      "5": [
        19,
        19
      ],
      "6": [
        19,
        0
      ],
      "7": [
        19,
        19
      ],
      "8": [
        0,
        0
      ],
      "9": [
        0,
        0
      ]
    },
    "inputSourceMap": {
      "version": 3,
      "mappings": "AAcQ;2BAdR;AAAoBA,oBAAgB,OAAO;AAAA;AAAA;AAAA;AAAA;AAAA;AAAA;AAAA;AAAA;AAAA;AAAA;AAAA;AAAA;AAAA;AAAA;AAAA;AAE3C,SAASC,YAAY;AAErB,wBAAwBC,gBAAgB;AAAAC,KAAA;AACtC,QAAM,CAACC,SAASC,UAAU,IAAIL,SAA4B,EAAE;AAC5DM,YAAU,MAAM;AACdC,UAAM,sCAAsC,EACzCC,KAAK,CAACC,aAAaA,SAASC,KAAK,CAAC,EAClCF,KAAK,CAACG,SAASN,WAAWM,KAAKC,QAAQ,CAAC,CAAC;AAAA,EAC9C,GAAG,EAAE;AACL,SACE,uBAAC,SACC,iCAAC,QAAG,WAAU,gCACZ;AAAA,2BAAC,OAAE,WAAU,gBAAe,WAAQ,wBAAsB,8BAA1D;AAAA;AAAA;AAAA;AAAA,WAEA;AAAA,IACCR,QAAQS,MAAM,GAAG,CAAC,EAAEC;AAAAA,MAAI,CAACC,KAAKC,UAC7B,uBAAC,QAAK,WAAQ,qBAAoB,IAAI,WAAWD,IAAIE,QAAQ,IAC3D,iCAAC,QAAe,WAAU,mBACvBF;AAAAA,YAAIG,aAAaL,MAAM,GAAG,EAAE;AAAA,QAAE;AAAA,QAC/B,uBAAC,OAAE,WAAU,cAAcE,cAAII,eAA/B;AAAA;AAAA;AAAA;AAAA,eAA2C;AAAA,WAFpCH,OAAT;AAAA;AAAA;AAAA;AAAA,aAGA,KAJF;AAAA;AAAA;AAAA;AAAA,aAKA;AAAA,IACD;AAAA,IACD,uBAAC,OAAE,8CAAH;AAAA;AAAA;AAAA;AAAA,WAAiC;AAAA,OAZnC;AAAA;AAAA;AAAA;AAAA,SAaA,KAdF;AAAA;AAAA;AAAA;AAAA,SAeA;AAEJ;AAACb,GAzBuBD,eAAa;AAAAkB,KAAblB;AAAa,IAAAkB;AAAAC,aAAAD,IAAA",
      "names": [
        "useState",
        "Link",
        "LatestReviews",
        "_s",
        "reviews",
        "setReviews",
        "useEffect",
        "fetch",
        "then",
        "response",
        "json",
        "data",
        "reverse",
        "slice",
        "map",
        "rev",
        "index",
        "comic_id",
        "review_text",
        "comic_title",
        "_c",
        "$RefreshReg$"
      ],
      "sources": [
        "C:/Users/z8r90/Desktop/projects/TypeScript/GraphicMemo/Frontend/src/components/LatestReviews.tsx"
      ],
      "file": "C:/Users/z8r90/Desktop/projects/TypeScript/GraphicMemo/Frontend/src/components/LatestReviews.tsx"
    },
    "_coverageSchema": "1a1c01bbd47fc00a2c39e90264f33305004495a9",
    "hash": "66e42d6c5ba788360db7849cdea29c1b6197c661"
  },
  "C:/Users/z8r90/Desktop/projects/TypeScript/GraphicMemo/Frontend/src/components/ListAllTable.tsx": {
    "path": "C:/Users/z8r90/Desktop/projects/TypeScript/GraphicMemo/Frontend/src/components/ListAllTable.tsx",
    "statementMap": {
      "0": {
        "start": {
          "line": 3,
          "column": 20
        },
        "end": {
          "line": 3,
          "column": 97
        }
      },
      "1": {
        "start": {
          "line": 6,
          "column": 0
        },
        "end": {
          "line": 16,
          "column": 1
        }
      },
      "2": {
        "start": {
          "line": 7,
          "column": 2
        },
        "end": {
          "line": 9,
          "column": 3
        }
      },
      "3": {
        "start": {
          "line": 8,
          "column": 4
        },
        "end": {
          "line": 8,
          "column": 165
        }
      },
      "4": {
        "start": {
          "line": 10,
          "column": 2
        },
        "end": {
          "line": 10,
          "column": 39
        }
      },
      "5": {
        "start": {
          "line": 11,
          "column": 2
        },
        "end": {
          "line": 11,
          "column": 39
        }
      },
      "6": {
        "start": {
          "line": 12,
          "column": 2
        },
        "end": {
          "line": 14,
          "column": 4
        }
      },
      "7": {
        "start": {
          "line": 13,
          "column": 4
        },
        "end": {
          "line": 13,
          "column": 139
        }
      },
      "8": {
        "start": {
          "line": 15,
          "column": 2
        },
        "end": {
          "line": 15,
          "column": 75
        }
      },
      "9": {
        "start": {
          "line": 19,
          "column": 2
        },
        "end": {
          "line": 55,
          "column": 11
        }
      },
      "10": {
        "start": {
          "line": 26,
          "column": 35
        },
        "end": {
          "line": 45,
          "column": 14
        }
      },
      "11": {
        "start": {
          "line": 57,
          "column": 0
        },
        "end": {
          "line": 57,
          "column": 18
        }
      },
      "12": {
        "start": {
          "line": 59,
          "column": 0
        },
        "end": {
          "line": 59,
          "column": 33
        }
      },
      "13": {
        "start": {
          "line": 60,
          "column": 0
        },
        "end": {
          "line": 63,
          "column": 1
        }
      },
      "14": {
        "start": {
          "line": 61,
          "column": 2
        },
        "end": {
          "line": 61,
          "column": 39
        }
      },
      "15": {
        "start": {
          "line": 62,
          "column": 2
        },
        "end": {
          "line": 62,
          "column": 39
        }
      },
      "16": {
        "start": {
          "line": 64,
          "column": 0
        },
        "end": {
          "line": 75,
          "column": 1
        }
      },
      "17": {
        "start": {
          "line": 65,
          "column": 2
        },
        "end": {
          "line": 74,
          "column": 5
        }
      },
      "18": {
        "start": {
          "line": 66,
          "column": 4
        },
        "end": {
          "line": 66,
          "column": 165
        }
      },
      "19": {
        "start": {
          "line": 67,
          "column": 4
        },
        "end": {
          "line": 73,
          "column": 7
        }
      },
      "20": {
        "start": {
          "line": 68,
          "column": 6
        },
        "end": {
          "line": 69,
          "column": 15
        }
      },
      "21": {
        "start": {
          "line": 69,
          "column": 8
        },
        "end": {
          "line": 69,
          "column": 15
        }
      },
      "22": {
        "start": {
          "line": 70,
          "column": 32
        },
        "end": {
          "line": 70,
          "column": 214
        }
      },
      "23": {
        "start": {
          "line": 71,
          "column": 6
        },
        "end": {
          "line": 72,
          "column": 54
        }
      },
      "24": {
        "start": {
          "line": 72,
          "column": 8
        },
        "end": {
          "line": 72,
          "column": 54
        }
      }
    },
    "fnMap": {
      "0": {
        "name": "(anonymous_0)",
        "decl": {
          "start": {
            "line": 12,
            "column": 24
          },
          "end": {
            "line": 12,
            "column": 25
          }
        },
        "loc": {
          "start": {
            "line": 12,
            "column": 38
          },
          "end": {
            "line": 14,
            "column": 3
          }
        },
        "line": 12
      },
      "1": {
        "name": "ListAllTable",
        "decl": {
          "start": {
            "line": 18,
            "column": 24
          },
          "end": {
            "line": 18,
            "column": 36
          }
        },
        "loc": {
          "start": {
            "line": 18,
            "column": 52
          },
          "end": {
            "line": 56,
            "column": 1
          }
        },
        "line": 18
      },
      "2": {
        "name": "(anonymous_2)",
        "decl": {
          "start": {
            "line": 26,
            "column": 6
          },
          "end": {
            "line": 26,
            "column": 7
          }
        },
        "loc": {
          "start": {
            "line": 26,
            "column": 35
          },
          "end": {
            "line": 45,
            "column": 14
          }
        },
        "line": 26
      },
      "3": {
        "name": "(anonymous_3)",
        "decl": {
          "start": {
            "line": 65,
            "column": 52
          },
          "end": {
            "line": 65,
            "column": 53
          }
        },
        "loc": {
          "start": {
            "line": 65,
            "column": 72
          },
          "end": {
            "line": 74,
            "column": 3
          }
        },
        "line": 65
      },
      "4": {
        "name": "(anonymous_4)",
        "decl": {
          "start": {
            "line": 67,
            "column": 27
          },
          "end": {
            "line": 67,
            "column": 28
          }
        },
        "loc": {
          "start": {
            "line": 67,
            "column": 44
          },
          "end": {
            "line": 73,
            "column": 5
          }
        },
        "line": 67
      }
    },
    "branchMap": {
      "0": {
        "loc": {
          "start": {
            "line": 3,
            "column": 20
          },
          "end": {
            "line": 3,
            "column": 97
          }
        },
        "type": "binary-expr",
        "locations": [
          {
            "start": {
              "line": 3,
              "column": 20
            },
            "end": {
              "line": 3,
              "column": 60
            }
          },
          {
            "start": {
              "line": 3,
              "column": 64
            },
            "end": {
              "line": 3,
              "column": 97
            }
          }
        ],
        "line": 3
      },
      "1": {
        "loc": {
          "start": {
            "line": 6,
            "column": 0
          },
          "end": {
            "line": 16,
            "column": 1
          }
        },
        "type": "if",
        "locations": [
          {
            "start": {
              "line": 6,
              "column": 0
            },
            "end": {
              "line": 16,
              "column": 1
            }
          },
          {
            "start": {},
            "end": {}
          }
        ],
        "line": 6
      },
      "2": {
        "loc": {
          "start": {
            "line": 6,
            "column": 4
          },
          "end": {
            "line": 6,
            "column": 35
          }
        },
        "type": "binary-expr",
        "locations": [
          {
            "start": {
              "line": 6,
              "column": 4
            },
            "end": {
              "line": 6,
              "column": 19
            }
          },
          {
            "start": {
              "line": 6,
              "column": 23
            },
            "end": {
              "line": 6,
              "column": 35
            }
          }
        ],
        "line": 6
      },
      "3": {
        "loc": {
          "start": {
            "line": 7,
            "column": 2
          },
          "end": {
            "line": 9,
            "column": 3
          }
        },
        "type": "if",
        "locations": [
          {
            "start": {
              "line": 7,
              "column": 2
            },
            "end": {
              "line": 9,
              "column": 3
            }
          },
          {
            "start": {},
            "end": {}
          }
        ],
        "line": 7
      },
      "4": {
        "loc": {
          "start": {
            "line": 60,
            "column": 0
          },
          "end": {
            "line": 63,
            "column": 1
          }
        },
        "type": "if",
        "locations": [
          {
            "start": {
              "line": 60,
              "column": 0
            },
            "end": {
              "line": 63,
              "column": 1
            }
          },
          {
            "start": {},
            "end": {}
          }
        ],
        "line": 60
      },
      "5": {
        "loc": {
          "start": {
            "line": 60,
            "column": 4
          },
          "end": {
            "line": 60,
            "column": 35
          }
        },
        "type": "binary-expr",
        "locations": [
          {
            "start": {
              "line": 60,
              "column": 4
            },
            "end": {
              "line": 60,
              "column": 19
            }
          },
          {
            "start": {
              "line": 60,
              "column": 23
            },
            "end": {
              "line": 60,
              "column": 35
            }
          }
        ],
        "line": 60
      },
      "6": {
        "loc": {
          "start": {
            "line": 64,
            "column": 0
          },
          "end": {
            "line": 75,
            "column": 1
          }
        },
        "type": "if",
        "locations": [
          {
            "start": {
              "line": 64,
              "column": 0
            },
            "end": {
              "line": 75,
              "column": 1
            }
          },
          {
            "start": {},
            "end": {}
          }
        ],
        "line": 64
      },
      "7": {
        "loc": {
          "start": {
            "line": 64,
            "column": 4
          },
          "end": {
            "line": 64,
            "column": 35
          }
        },
        "type": "binary-expr",
        "locations": [
          {
            "start": {
              "line": 64,
              "column": 4
            },
            "end": {
              "line": 64,
              "column": 19
            }
          },
          {
            "start": {
              "line": 64,
              "column": 23
            },
            "end": {
              "line": 64,
              "column": 35
            }
          }
        ],
        "line": 64
      },
      "8": {
        "loc": {
          "start": {
            "line": 68,
            "column": 6
          },
          "end": {
            "line": 69,
            "column": 15
          }
        },
        "type": "if",
        "locations": [
          {
            "start": {
              "line": 68,
              "column": 6
            },
            "end": {
              "line": 69,
              "column": 15
            }
          },
          {
            "start": {},
            "end": {}
          }
        ],
        "line": 68
      },
      "9": {
        "loc": {
          "start": {
            "line": 71,
            "column": 6
          },
          "end": {
            "line": 72,
            "column": 54
          }
        },
        "type": "if",
        "locations": [
          {
            "start": {
              "line": 71,
              "column": 6
            },
            "end": {
              "line": 72,
              "column": 54
            }
          },
          {
            "start": {},
            "end": {}
          }
        ],
        "line": 71
      }
    },
    "s": {
      "0": 19,
      "1": 19,
      "2": 19,
      "3": 0,
      "4": 19,
      "5": 19,
      "6": 19,
      "7": 19,
      "8": 19,
      "9": 92,
      "10": 114,
      "11": 19,
      "12": 19,
      "13": 19,
      "14": 19,
      "15": 19,
      "16": 19,
      "17": 19,
      "18": 19,
      "19": 19,
      "20": 0,
      "21": 0,
      "22": 0,
      "23": 0,
      "24": 0
    },
    "f": {
      "0": 19,
      "1": 92,
      "2": 114,
      "3": 19,
      "4": 0
    },
    "b": {
      "0": [
        19,
        0
      ],
      "1": [
        19,
        0
      ],
      "2": [
        19,
        19
      ],
      "3": [
        0,
        19
      ],
      "4": [
        19,
        0
      ],
      "5": [
        19,
        19
      ],
      "6": [
        19,
        0
      ],
      "7": [
        19,
        19
      ],
      "8": [
        0,
        0
      ],
      "9": [
        0,
        0
      ]
    },
    "inputSourceMap": {
      "version": 3,
      "mappings": "AASI,mBAEI,cAFJ;AATJ,2BAAqB;AAAkB;AAAA;AAAA;AAAA;AAAA;AAAA;AAAA;AAAA;AAAA;AAAA;AAAA;AAAA;AAAA;AAAA;AAAA;AAOvC,wBAAwBA,aAAa,EAAEC,UAAwB,GAAG;AAChE,SACE,mCACE,iCAAC,SAAI,WAAQ,mBACX;AAAA,2BAAC,OAAE,WAAU,gBAAe,WAAQ,2BAAyB,2BAA7D;AAAA;AAAA;AAAA;AAAA,WAEA;AAAA,IACCA,UAAUC;AAAAA,MAAI,CAACC,YACd,uBAAC,QAAK,WAAQ,yBAAwB,IAAI,WAAWA,QAAQC,EAAE,IAC7D,iCAAC,SACC;AAAA,+BAAC,OAAE,WAAU,mBAAmBD,kBAAQE,SAAxC;AAAA;AAAA;AAAA;AAAA,eAA8C;AAAA,QAC9C,uBAAC,OAAE,WAAU,cAAcF,kBAAQG,aAAnC;AAAA;AAAA;AAAA;AAAA,eAA6C;AAAA,WAFrCH,QAAQC,IAAlB;AAAA;AAAA;AAAA;AAAA,aAGA,KAJF;AAAA;AAAA;AAAA;AAAA,aAKA;AAAA,IACD;AAAA,OAXH;AAAA;AAAA;AAAA;AAAA,SAYA,KAbF;AAAA;AAAA;AAAA;AAAA,SAcA;AAEJ;AAACG,KAlBuBP;AAAY,IAAAO;AAAAC,aAAAD,IAAA",
      "names": [
        "ListAllTable",
        "allComics",
        "map",
        "biglist",
        "id",
        "title",
        "publisher",
        "_c",
        "$RefreshReg$"
      ],
      "sources": [
        "C:/Users/z8r90/Desktop/projects/TypeScript/GraphicMemo/Frontend/src/components/ListAllTable.tsx"
      ],
      "file": "C:/Users/z8r90/Desktop/projects/TypeScript/GraphicMemo/Frontend/src/components/ListAllTable.tsx"
    },
    "_coverageSchema": "1a1c01bbd47fc00a2c39e90264f33305004495a9",
    "hash": "fad0c21e2870777f6b777aa450c389b3166b2f27"
  },
  "C:/Users/z8r90/Desktop/projects/TypeScript/GraphicMemo/Frontend/src/components/AllComicView.tsx": {
    "path": "C:/Users/z8r90/Desktop/projects/TypeScript/GraphicMemo/Frontend/src/components/AllComicView.tsx",
    "statementMap": {
      "0": {
        "start": {
          "line": 3,
          "column": 20
        },
        "end": {
          "line": 3,
          "column": 97
        }
      },
      "1": {
        "start": {
          "line": 6,
          "column": 0
        },
        "end": {
          "line": 16,
          "column": 1
        }
      },
      "2": {
        "start": {
          "line": 7,
          "column": 2
        },
        "end": {
          "line": 9,
          "column": 3
        }
      },
      "3": {
        "start": {
          "line": 8,
          "column": 4
        },
        "end": {
          "line": 8,
          "column": 165
        }
      },
      "4": {
        "start": {
          "line": 10,
          "column": 2
        },
        "end": {
          "line": 10,
          "column": 39
        }
      },
      "5": {
        "start": {
          "line": 11,
          "column": 2
        },
        "end": {
          "line": 11,
          "column": 39
        }
      },
      "6": {
        "start": {
          "line": 12,
          "column": 2
        },
        "end": {
          "line": 14,
          "column": 4
        }
      },
      "7": {
        "start": {
          "line": 13,
          "column": 4
        },
        "end": {
          "line": 13,
          "column": 139
        }
      },
      "8": {
        "start": {
          "line": 15,
          "column": 2
        },
        "end": {
          "line": 15,
          "column": 75
        }
      },
      "9": {
        "start": {
          "line": 17,
          "column": 9
        },
        "end": {
          "line": 17,
          "column": 23
        }
      },
      "10": {
        "start": {
          "line": 25,
          "column": 2
        },
        "end": {
          "line": 25,
          "column": 7
        }
      },
      "11": {
        "start": {
          "line": 26,
          "column": 36
        },
        "end": {
          "line": 26,
          "column": 48
        }
      },
      "12": {
        "start": {
          "line": 27,
          "column": 2
        },
        "end": {
          "line": 29,
          "column": 9
        }
      },
      "13": {
        "start": {
          "line": 28,
          "column": 4
        },
        "end": {
          "line": 28,
          "column": 111
        }
      },
      "14": {
        "start": {
          "line": 28,
          "column": 60
        },
        "end": {
          "line": 28,
          "column": 74
        }
      },
      "15": {
        "start": {
          "line": 28,
          "column": 91
        },
        "end": {
          "line": 28,
          "column": 109
        }
      },
      "16": {
        "start": {
          "line": 30,
          "column": 2
        },
        "end": {
          "line": 181,
          "column": 11
        }
      },
      "17": {
        "start": {
          "line": 46,
          "column": 35
        },
        "end": {
          "line": 121,
          "column": 11
        }
      },
      "18": {
        "start": {
          "line": 183,
          "column": 0
        },
        "end": {
          "line": 183,
          "column": 49
        }
      },
      "19": {
        "start": {
          "line": 184,
          "column": 0
        },
        "end": {
          "line": 184,
          "column": 18
        }
      },
      "20": {
        "start": {
          "line": 186,
          "column": 0
        },
        "end": {
          "line": 186,
          "column": 33
        }
      },
      "21": {
        "start": {
          "line": 187,
          "column": 0
        },
        "end": {
          "line": 190,
          "column": 1
        }
      },
      "22": {
        "start": {
          "line": 188,
          "column": 2
        },
        "end": {
          "line": 188,
          "column": 39
        }
      },
      "23": {
        "start": {
          "line": 189,
          "column": 2
        },
        "end": {
          "line": 189,
          "column": 39
        }
      },
      "24": {
        "start": {
          "line": 191,
          "column": 0
        },
        "end": {
          "line": 202,
          "column": 1
        }
      },
      "25": {
        "start": {
          "line": 192,
          "column": 2
        },
        "end": {
          "line": 201,
          "column": 5
        }
      },
      "26": {
        "start": {
          "line": 193,
          "column": 4
        },
        "end": {
          "line": 193,
          "column": 165
        }
      },
      "27": {
        "start": {
          "line": 194,
          "column": 4
        },
        "end": {
          "line": 200,
          "column": 7
        }
      },
      "28": {
        "start": {
          "line": 195,
          "column": 6
        },
        "end": {
          "line": 196,
          "column": 15
        }
      },
      "29": {
        "start": {
          "line": 196,
          "column": 8
        },
        "end": {
          "line": 196,
          "column": 15
        }
      },
      "30": {
        "start": {
          "line": 197,
          "column": 32
        },
        "end": {
          "line": 197,
          "column": 214
        }
      },
      "31": {
        "start": {
          "line": 198,
          "column": 6
        },
        "end": {
          "line": 199,
          "column": 54
        }
      },
      "32": {
        "start": {
          "line": 199,
          "column": 8
        },
        "end": {
          "line": 199,
          "column": 54
        }
      }
    },
    "fnMap": {
      "0": {
        "name": "(anonymous_0)",
        "decl": {
          "start": {
            "line": 12,
            "column": 24
          },
          "end": {
            "line": 12,
            "column": 25
          }
        },
        "loc": {
          "start": {
            "line": 12,
            "column": 38
          },
          "end": {
            "line": 14,
            "column": 3
          }
        },
        "line": 12
      },
      "1": {
        "name": "AllComicView",
        "decl": {
          "start": {
            "line": 24,
            "column": 24
          },
          "end": {
            "line": 24,
            "column": 36
          }
        },
        "loc": {
          "start": {
            "line": 24,
            "column": 39
          },
          "end": {
            "line": 182,
            "column": 1
          }
        },
        "line": 24
      },
      "2": {
        "name": "(anonymous_2)",
        "decl": {
          "start": {
            "line": 27,
            "column": 12
          },
          "end": {
            "line": 27,
            "column": 13
          }
        },
        "loc": {
          "start": {
            "line": 27,
            "column": 18
          },
          "end": {
            "line": 29,
            "column": 3
          }
        },
        "line": 27
      },
      "3": {
        "name": "(anonymous_3)",
        "decl": {
          "start": {
            "line": 28,
            "column": 47
          },
          "end": {
            "line": 28,
            "column": 48
          }
        },
        "loc": {
          "start": {
            "line": 28,
            "column": 60
          },
          "end": {
            "line": 28,
            "column": 74
          }
        },
        "line": 28
      },
      "4": {
        "name": "(anonymous_4)",
        "decl": {
          "start": {
            "line": 28,
            "column": 81
          },
          "end": {
            "line": 28,
            "column": 82
          }
        },
        "loc": {
          "start": {
            "line": 28,
            "column": 91
          },
          "end": {
            "line": 28,
            "column": 109
          }
        },
        "line": 28
      },
      "5": {
        "name": "(anonymous_5)",
        "decl": {
          "start": {
            "line": 46,
            "column": 10
          },
          "end": {
            "line": 46,
            "column": 11
          }
        },
        "loc": {
          "start": {
            "line": 46,
            "column": 35
          },
          "end": {
            "line": 121,
            "column": 11
          }
        },
        "line": 46
      },
      "6": {
        "name": "(anonymous_6)",
        "decl": {
          "start": {
            "line": 192,
            "column": 52
          },
          "end": {
            "line": 192,
            "column": 53
          }
        },
        "loc": {
          "start": {
            "line": 192,
            "column": 72
          },
          "end": {
            "line": 201,
            "column": 3
          }
        },
        "line": 192
      },
      "7": {
        "name": "(anonymous_7)",
        "decl": {
          "start": {
            "line": 194,
            "column": 27
          },
          "end": {
            "line": 194,
            "column": 28
          }
        },
        "loc": {
          "start": {
            "line": 194,
            "column": 44
          },
          "end": {
            "line": 200,
            "column": 5
          }
        },
        "line": 194
      }
    },
    "branchMap": {
      "0": {
        "loc": {
          "start": {
            "line": 3,
            "column": 20
          },
          "end": {
            "line": 3,
            "column": 97
          }
        },
        "type": "binary-expr",
        "locations": [
          {
            "start": {
              "line": 3,
              "column": 20
            },
            "end": {
              "line": 3,
              "column": 60
            }
          },
          {
            "start": {
              "line": 3,
              "column": 64
            },
            "end": {
              "line": 3,
              "column": 97
            }
          }
        ],
        "line": 3
      },
      "1": {
        "loc": {
          "start": {
            "line": 6,
            "column": 0
          },
          "end": {
            "line": 16,
            "column": 1
          }
        },
        "type": "if",
        "locations": [
          {
            "start": {
              "line": 6,
              "column": 0
            },
            "end": {
              "line": 16,
              "column": 1
            }
          },
          {
            "start": {},
            "end": {}
          }
        ],
        "line": 6
      },
      "2": {
        "loc": {
          "start": {
            "line": 6,
            "column": 4
          },
          "end": {
            "line": 6,
            "column": 35
          }
        },
        "type": "binary-expr",
        "locations": [
          {
            "start": {
              "line": 6,
              "column": 4
            },
            "end": {
              "line": 6,
              "column": 19
            }
          },
          {
            "start": {
              "line": 6,
              "column": 23
            },
            "end": {
              "line": 6,
              "column": 35
            }
          }
        ],
        "line": 6
      },
      "3": {
        "loc": {
          "start": {
            "line": 7,
            "column": 2
          },
          "end": {
            "line": 9,
            "column": 3
          }
        },
        "type": "if",
        "locations": [
          {
            "start": {
              "line": 7,
              "column": 2
            },
            "end": {
              "line": 9,
              "column": 3
            }
          },
          {
            "start": {},
            "end": {}
          }
        ],
        "line": 7
      },
      "4": {
        "loc": {
          "start": {
            "line": 45,
            "column": 104
          },
          "end": {
            "line": 126,
            "column": 16
          }
        },
        "type": "cond-expr",
        "locations": [
          {
            "start": {
              "line": 45,
              "column": 123
            },
            "end": {
              "line": 122,
              "column": 9
            }
          },
          {
            "start": {
              "line": 122,
              "column": 28
            },
            "end": {
              "line": 126,
              "column": 16
            }
          }
        ],
        "line": 45
      },
      "5": {
        "loc": {
          "start": {
            "line": 82,
            "column": 16
          },
          "end": {
            "line": 109,
            "column": 24
          }
        },
        "type": "cond-expr",
        "locations": [
          {
            "start": {
              "line": 82,
              "column": 56
            },
            "end": {
              "line": 101,
              "column": 17
            }
          },
          {
            "start": {
              "line": 101,
              "column": 36
            },
            "end": {
              "line": 109,
              "column": 24
            }
          }
        ],
        "line": 82
      },
      "6": {
        "loc": {
          "start": {
            "line": 187,
            "column": 0
          },
          "end": {
            "line": 190,
            "column": 1
          }
        },
        "type": "if",
        "locations": [
          {
            "start": {
              "line": 187,
              "column": 0
            },
            "end": {
              "line": 190,
              "column": 1
            }
          },
          {
            "start": {},
            "end": {}
          }
        ],
        "line": 187
      },
      "7": {
        "loc": {
          "start": {
            "line": 187,
            "column": 4
          },
          "end": {
            "line": 187,
            "column": 35
          }
        },
        "type": "binary-expr",
        "locations": [
          {
            "start": {
              "line": 187,
              "column": 4
            },
            "end": {
              "line": 187,
              "column": 19
            }
          },
          {
            "start": {
              "line": 187,
              "column": 23
            },
            "end": {
              "line": 187,
              "column": 35
            }
          }
        ],
        "line": 187
      },
      "8": {
        "loc": {
          "start": {
            "line": 191,
            "column": 0
          },
          "end": {
            "line": 202,
            "column": 1
          }
        },
        "type": "if",
        "locations": [
          {
            "start": {
              "line": 191,
              "column": 0
            },
            "end": {
              "line": 202,
              "column": 1
            }
          },
          {
            "start": {},
            "end": {}
          }
        ],
        "line": 191
      },
      "9": {
        "loc": {
          "start": {
            "line": 191,
            "column": 4
          },
          "end": {
            "line": 191,
            "column": 35
          }
        },
        "type": "binary-expr",
        "locations": [
          {
            "start": {
              "line": 191,
              "column": 4
            },
            "end": {
              "line": 191,
              "column": 19
            }
          },
          {
            "start": {
              "line": 191,
              "column": 23
            },
            "end": {
              "line": 191,
              "column": 35
            }
          }
        ],
        "line": 191
      },
      "10": {
        "loc": {
          "start": {
            "line": 195,
            "column": 6
          },
          "end": {
            "line": 196,
            "column": 15
          }
        },
        "type": "if",
        "locations": [
          {
            "start": {
              "line": 195,
              "column": 6
            },
            "end": {
              "line": 196,
              "column": 15
            }
          },
          {
            "start": {},
            "end": {}
          }
        ],
        "line": 195
      },
      "11": {
        "loc": {
          "start": {
            "line": 198,
            "column": 6
          },
          "end": {
            "line": 199,
            "column": 54
          }
        },
        "type": "if",
        "locations": [
          {
            "start": {
              "line": 198,
              "column": 6
            },
            "end": {
              "line": 199,
              "column": 54
            }
          },
          {
            "start": {},
            "end": {}
          }
        ],
        "line": 198
      }
    },
    "s": {
      "0": 19,
      "1": 19,
      "2": 19,
      "3": 0,
      "4": 19,
      "5": 19,
      "6": 19,
      "7": 19,
      "8": 19,
      "9": 19,
      "10": 109,
      "11": 109,
      "12": 92,
      "13": 38,
      "14": 34,
      "15": 34,
      "16": 92,
      "17": 114,
      "18": 19,
      "19": 19,
      "20": 19,
      "21": 19,
      "22": 19,
      "23": 19,
      "24": 19,
      "25": 19,
      "26": 19,
      "27": 19,
      "28": 0,
      "29": 0,
      "30": 0,
      "31": 0,
      "32": 0
    },
    "f": {
      "0": 19,
      "1": 109,
      "2": 38,
      "3": 34,
      "4": 34,
      "5": 114,
      "6": 19,
      "7": 0
    },
    "b": {
      "0": [
        19,
        0
      ],
      "1": [
        19,
        0
      ],
      "2": [
        19,
        19
      ],
      "3": [
        0,
        19
      ],
      "4": [
        54,
        38
      ],
      "5": [
        108,
        6
      ],
      "6": [
        19,
        0
      ],
      "7": [
        19,
        19
      ],
      "8": [
        19,
        0
      ],
      "9": [
        19,
        19
      ],
      "10": [
        0,
        0
      ],
      "11": [
        0,
        0
      ]
    },
    "inputSourceMap": {
      "version": 3,
      "mappings": "AAkBI,mBAOQ,cAPR;2BAlBJ;AAAmBA,oBAAiB,OAAO;AAAA;AAAA;AAAA;AAAA;AAAA;AAAA;AAAA;AAAA;AAAA;AAAA;AAAA;AAAA;AAAA;AAAA;AAAA;AAE3C,SAASC,YAAY;AACrB,OAAOC,QAAQ;AACf,OAAOC,YAAY;AACnB,OAAOC,mBAAmB;AAC1B,OAAOC,kBAAkB;AAEzB,wBAAwBC,eAAe;AAAAC,KAAA;AACrC,QAAM,CAACC,WAAWC,YAAY,IAAIC,SAAqB,EAAE;AAEzDV,YAAU,MAAM;AACdW,UAAM,8BAA8B,EACjCC,KAAK,CAACC,YAAYA,QAAQC,KAAK,CAAC,EAChCF,KAAK,CAACG,SAASN,aAAaM,IAAI,CAAC;AAAA,EACtC,GAAG,EAAE;AAEL,SACE,mCACE,iCAAC,SAAI,IAAG,UACN;AAAA,IAAC;AAAA;AAAA,MACC,IAAG;AAAA,MACH,WAAU;AAAA,MAEV;AAAA,+BAAC,SAAI,WAAU,qBACb,iCAAC,OAAE,WAAU,gBAAe,oCAA5B;AAAA;AAAA;AAAA;AAAA,eAAgD,KADlD;AAAA;AAAA;AAAA;AAAA,eAEA;AAAA,QACA,uBAAC,SAAI,WAAU,2CACZP,oBAAUQ,SACT,CAAC,GAAGR,SAAS,EAAES,MAAM,GAAG,CAAC,EAAEC;AAAAA,UAAI,CAACC,QAC9B;AAAA,YAAC;AAAA;AAAA,cAEC,WAAU;AAAA,cAEV;AAAA,uCAAC,QAAK,WAAQ,eAAc,IAAI,WAAWA,IAAIC,EAAE,IAC/C;AAAA;AAAA,oBAAC;AAAA;AAAA,sBACC,KAAKD,IAAIE;AAAAA,sBACT,WAAU;AAAA,sBACV,KAAI;AAAA;AAAA,oBAHN;AAAA;AAAA;AAAA;AAAA;AAAA;AAAA;AAAA;AAAA,kBAGgB;AAAA,kBAEhB,uBAAC,QAAG,IAAG,aACJF;AAAAA,wBAAIG;AAAAA,oBAAU;AAAA,oBAAGH,IAAII;AAAAA,uBADxB;AAAA;AAAA;AAAA;AAAA,yBAEA;AAAA,qBARF;AAAA;AAAA;AAAA;AAAA,uBASA;AAAA,gBACCJ,IAAIK,gBAAgB,IACnB;AAAA,kBAAC;AAAA;AAAA,oBACC,WAAQ;AAAA,oBACR,WAAU;AAAA,oBAEV,iCAAC,OAAE,WAAQ,cAAcL,cAAIK,iBAA7B;AAAA;AAAA;AAAA;AAAA,2BAA2C;AAAA;AAAA,kBAJ7C;AAAA;AAAA;AAAA;AAAA;AAAA;AAAA;AAAA;AAAA,gBAKA,IAEA,uBAAC,SAAI,WAAU,yDACb,iCAAC,OAAE,gCAAH;AAAA;AAAA;AAAA;AAAA,uBAAmB,KADrB;AAAA;AAAA;AAAA;AAAA,uBAEA;AAAA,gBACD;AAAA;AAAA;AAAA,YAxBIL,IAAIC;AAAAA,YADX;AAAA;AAAA;AAAA;AAAA;AAAA;AAAA;AAAA,UA2BA;AAAA,QACD,IAED,uBAAC,OAAE,wCAAH;AAAA;AAAA;AAAA;AAAA,eAA2B,KAjC/B;AAAA;AAAA;AAAA;AAAA,eAmCA;AAAA,QACA,uBAAC,SAAI,WAAU,sEACb;AAAA,iCAAC,SAAI,WAAQ,UAAS,KAAKlB,IAAI,OAAO,EAAEuB,OAAO,QAAQ,KAAvD;AAAA;AAAA;AAAA;AAAA,iBAAyD;AAAA,UACzD,uBAAC,SAAI,WAAQ,cAAa,KAAKtB,QAAQ,OAAO,EAAEsB,OAAO,QAAQ,KAA/D;AAAA;AAAA;AAAA;AAAA,iBAAiE;AAAA,aAFnE;AAAA;AAAA;AAAA;AAAA,eAGA;AAAA,QACA,uBAAC,SAAI,WAAU,mCACb;AAAA,iCAAC,gBAAa,aAAd;AAAA;AAAA;AAAA;AAAA,iBAAmC;AAAA,UACnC,uBAAC,mBAAD;AAAA;AAAA;AAAA;AAAA,iBAAc;AAAA,aAFhB;AAAA;AAAA;AAAA;AAAA,eAGA;AAAA;AAAA;AAAA,IAlDF;AAAA;AAAA;AAAA;AAAA;AAAA;AAAA;AAAA;AAAA,EAmDA,KApDF;AAAA;AAAA;AAAA;AAAA,SAqDA,KAtDF;AAAA;AAAA;AAAA;AAAA,SAuDA;AAEJ;AAAClB,GAnEuBD,cAAY;AAAAoB,KAAZpB;AAAY,IAAAoB;AAAAC,aAAAD,IAAA",
      "names": [
        "useEffect",
        "Link",
        "DC",
        "MARVEL",
        "LatestReviews",
        "ListAllTable",
        "AllComicView",
        "_s",
        "allComics",
        "setAllComics",
        "useState",
        "fetch",
        "then",
        "respone",
        "json",
        "data",
        "length",
        "slice",
        "map",
        "com",
        "id",
        "imagecover",
        "character",
        "issue",
        "averageRating",
        "width",
        "_c",
        "$RefreshReg$"
      ],
      "sources": [
        "C:/Users/z8r90/Desktop/projects/TypeScript/GraphicMemo/Frontend/src/components/AllComicView.tsx"
      ],
      "file": "C:/Users/z8r90/Desktop/projects/TypeScript/GraphicMemo/Frontend/src/components/AllComicView.tsx"
    },
    "_coverageSchema": "1a1c01bbd47fc00a2c39e90264f33305004495a9",
    "hash": "807187a00816b18c474c26b1f5335d15b37c4aef"
  },
  "C:/Users/z8r90/Desktop/projects/TypeScript/GraphicMemo/Frontend/src/pages/Home.tsx": {
    "path": "C:/Users/z8r90/Desktop/projects/TypeScript/GraphicMemo/Frontend/src/pages/Home.tsx",
    "statementMap": {
      "0": {
        "start": {
          "line": 3,
          "column": 20
        },
        "end": {
          "line": 3,
          "column": 97
        }
      },
      "1": {
        "start": {
          "line": 6,
          "column": 0
        },
        "end": {
          "line": 16,
          "column": 1
        }
      },
      "2": {
        "start": {
          "line": 7,
          "column": 2
        },
        "end": {
          "line": 9,
          "column": 3
        }
      },
      "3": {
        "start": {
          "line": 8,
          "column": 4
        },
        "end": {
          "line": 8,
          "column": 165
        }
      },
      "4": {
        "start": {
          "line": 10,
          "column": 2
        },
        "end": {
          "line": 10,
          "column": 39
        }
      },
      "5": {
        "start": {
          "line": 11,
          "column": 2
        },
        "end": {
          "line": 11,
          "column": 39
        }
      },
      "6": {
        "start": {
          "line": 12,
          "column": 2
        },
        "end": {
          "line": 14,
          "column": 4
        }
      },
      "7": {
        "start": {
          "line": 13,
          "column": 4
        },
        "end": {
          "line": 13,
          "column": 126
        }
      },
      "8": {
        "start": {
          "line": 15,
          "column": 2
        },
        "end": {
          "line": 15,
          "column": 75
        }
      },
      "9": {
        "start": {
          "line": 20,
          "column": 2
        },
        "end": {
          "line": 28,
          "column": 11
        }
      },
      "10": {
        "start": {
          "line": 30,
          "column": 0
        },
        "end": {
          "line": 30,
          "column": 10
        }
      },
      "11": {
        "start": {
          "line": 32,
          "column": 0
        },
        "end": {
          "line": 32,
          "column": 25
        }
      },
      "12": {
        "start": {
          "line": 33,
          "column": 0
        },
        "end": {
          "line": 36,
          "column": 1
        }
      },
      "13": {
        "start": {
          "line": 34,
          "column": 2
        },
        "end": {
          "line": 34,
          "column": 39
        }
      },
      "14": {
        "start": {
          "line": 35,
          "column": 2
        },
        "end": {
          "line": 35,
          "column": 39
        }
      },
      "15": {
        "start": {
          "line": 37,
          "column": 0
        },
        "end": {
          "line": 48,
          "column": 1
        }
      },
      "16": {
        "start": {
          "line": 38,
          "column": 2
        },
        "end": {
          "line": 47,
          "column": 5
        }
      },
      "17": {
        "start": {
          "line": 39,
          "column": 4
        },
        "end": {
          "line": 39,
          "column": 152
        }
      },
      "18": {
        "start": {
          "line": 40,
          "column": 4
        },
        "end": {
          "line": 46,
          "column": 7
        }
      },
      "19": {
        "start": {
          "line": 41,
          "column": 6
        },
        "end": {
          "line": 42,
          "column": 15
        }
      },
      "20": {
        "start": {
          "line": 42,
          "column": 8
        },
        "end": {
          "line": 42,
          "column": 15
        }
      },
      "21": {
        "start": {
          "line": 43,
          "column": 32
        },
        "end": {
          "line": 43,
          "column": 201
        }
      },
      "22": {
        "start": {
          "line": 44,
          "column": 6
        },
        "end": {
          "line": 45,
          "column": 54
        }
      },
      "23": {
        "start": {
          "line": 45,
          "column": 8
        },
        "end": {
          "line": 45,
          "column": 54
        }
      }
    },
    "fnMap": {
      "0": {
        "name": "(anonymous_0)",
        "decl": {
          "start": {
            "line": 12,
            "column": 24
          },
          "end": {
            "line": 12,
            "column": 25
          }
        },
        "loc": {
          "start": {
            "line": 12,
            "column": 38
          },
          "end": {
            "line": 14,
            "column": 3
          }
        },
        "line": 12
      },
      "1": {
        "name": "Home",
        "decl": {
          "start": {
            "line": 19,
            "column": 24
          },
          "end": {
            "line": 19,
            "column": 28
          }
        },
        "loc": {
          "start": {
            "line": 19,
            "column": 31
          },
          "end": {
            "line": 29,
            "column": 1
          }
        },
        "line": 19
      },
      "2": {
        "name": "(anonymous_2)",
        "decl": {
          "start": {
            "line": 38,
            "column": 52
          },
          "end": {
            "line": 38,
            "column": 53
          }
        },
        "loc": {
          "start": {
            "line": 38,
            "column": 72
          },
          "end": {
            "line": 47,
            "column": 3
          }
        },
        "line": 38
      },
      "3": {
        "name": "(anonymous_3)",
        "decl": {
          "start": {
            "line": 40,
            "column": 27
          },
          "end": {
            "line": 40,
            "column": 28
          }
        },
        "loc": {
          "start": {
            "line": 40,
            "column": 44
          },
          "end": {
            "line": 46,
            "column": 5
          }
        },
        "line": 40
      }
    },
    "branchMap": {
      "0": {
        "loc": {
          "start": {
            "line": 3,
            "column": 20
          },
          "end": {
            "line": 3,
            "column": 97
          }
        },
        "type": "binary-expr",
        "locations": [
          {
            "start": {
              "line": 3,
              "column": 20
            },
            "end": {
              "line": 3,
              "column": 60
            }
          },
          {
            "start": {
              "line": 3,
              "column": 64
            },
            "end": {
              "line": 3,
              "column": 97
            }
          }
        ],
        "line": 3
      },
      "1": {
        "loc": {
          "start": {
            "line": 6,
            "column": 0
          },
          "end": {
            "line": 16,
            "column": 1
          }
        },
        "type": "if",
        "locations": [
          {
            "start": {
              "line": 6,
              "column": 0
            },
            "end": {
              "line": 16,
              "column": 1
            }
          },
          {
            "start": {},
            "end": {}
          }
        ],
        "line": 6
      },
      "2": {
        "loc": {
          "start": {
            "line": 6,
            "column": 4
          },
          "end": {
            "line": 6,
            "column": 35
          }
        },
        "type": "binary-expr",
        "locations": [
          {
            "start": {
              "line": 6,
              "column": 4
            },
            "end": {
              "line": 6,
              "column": 19
            }
          },
          {
            "start": {
              "line": 6,
              "column": 23
            },
            "end": {
              "line": 6,
              "column": 35
            }
          }
        ],
        "line": 6
      },
      "3": {
        "loc": {
          "start": {
            "line": 7,
            "column": 2
          },
          "end": {
            "line": 9,
            "column": 3
          }
        },
        "type": "if",
        "locations": [
          {
            "start": {
              "line": 7,
              "column": 2
            },
            "end": {
              "line": 9,
              "column": 3
            }
          },
          {
            "start": {},
            "end": {}
          }
        ],
        "line": 7
      },
      "4": {
        "loc": {
          "start": {
            "line": 33,
            "column": 0
          },
          "end": {
            "line": 36,
            "column": 1
          }
        },
        "type": "if",
        "locations": [
          {
            "start": {
              "line": 33,
              "column": 0
            },
            "end": {
              "line": 36,
              "column": 1
            }
          },
          {
            "start": {},
            "end": {}
          }
        ],
        "line": 33
      },
      "5": {
        "loc": {
          "start": {
            "line": 33,
            "column": 4
          },
          "end": {
            "line": 33,
            "column": 35
          }
        },
        "type": "binary-expr",
        "locations": [
          {
            "start": {
              "line": 33,
              "column": 4
            },
            "end": {
              "line": 33,
              "column": 19
            }
          },
          {
            "start": {
              "line": 33,
              "column": 23
            },
            "end": {
              "line": 33,
              "column": 35
            }
          }
        ],
        "line": 33
      },
      "6": {
        "loc": {
          "start": {
            "line": 37,
            "column": 0
          },
          "end": {
            "line": 48,
            "column": 1
          }
        },
        "type": "if",
        "locations": [
          {
            "start": {
              "line": 37,
              "column": 0
            },
            "end": {
              "line": 48,
              "column": 1
            }
          },
          {
            "start": {},
            "end": {}
          }
        ],
        "line": 37
      },
      "7": {
        "loc": {
          "start": {
            "line": 37,
            "column": 4
          },
          "end": {
            "line": 37,
            "column": 35
          }
        },
        "type": "binary-expr",
        "locations": [
          {
            "start": {
              "line": 37,
              "column": 4
            },
            "end": {
              "line": 37,
              "column": 19
            }
          },
          {
            "start": {
              "line": 37,
              "column": 23
            },
            "end": {
              "line": 37,
              "column": 35
            }
          }
        ],
        "line": 37
      },
      "8": {
        "loc": {
          "start": {
            "line": 41,
            "column": 6
          },
          "end": {
            "line": 42,
            "column": 15
          }
        },
        "type": "if",
        "locations": [
          {
            "start": {
              "line": 41,
              "column": 6
            },
            "end": {
              "line": 42,
              "column": 15
            }
          },
          {
            "start": {},
            "end": {}
          }
        ],
        "line": 41
      },
      "9": {
        "loc": {
          "start": {
            "line": 44,
            "column": 6
          },
          "end": {
            "line": 45,
            "column": 54
          }
        },
        "type": "if",
        "locations": [
          {
            "start": {
              "line": 44,
              "column": 6
            },
            "end": {
              "line": 45,
              "column": 54
            }
          },
          {
            "start": {},
            "end": {}
          }
        ],
        "line": 44
      }
    },
    "s": {
      "0": 19,
      "1": 19,
      "2": 19,
      "3": 0,
      "4": 19,
      "5": 19,
      "6": 19,
      "7": 19,
      "8": 19,
      "9": 55,
      "10": 19,
      "11": 19,
      "12": 19,
      "13": 19,
      "14": 19,
      "15": 19,
      "16": 19,
      "17": 19,
      "18": 19,
      "19": 0,
      "20": 0,
      "21": 0,
      "22": 0,
      "23": 0
    },
    "f": {
      "0": 19,
      "1": 55,
      "2": 19,
      "3": 0
    },
    "b": {
      "0": [
        19,
        0
      ],
      "1": [
        19,
        0
      ],
      "2": [
        19,
        19
      ],
      "3": [
        0,
        19
      ],
      "4": [
        19,
        0
      ],
      "5": [
        19,
        19
      ],
      "6": [
        19,
        0
      ],
      "7": [
        19,
        19
      ],
      "8": [
        0,
        0
      ],
      "9": [
        0,
        0
      ]
    },
    "inputSourceMap": {
      "version": 3,
      "mappings": "AAOM;AAPN,OAAOA,oBAAkB;AAAA,oBAA4B;AAAA;AAAA;AAAA;AAAA;AAAA;AAAA;AAAA;AAAA;AAAA;AAAA;AAAA;AAAA;AAAA;AAAA;AAErD,OAAO;AAEP,wBAAwBC,OAAO;AAC7B,SACE,uBAAC,SACC,iCAAC,kBAAD;AAAA;AAAA;AAAA;AAAA,SAAa,KADf;AAAA;AAAA;AAAA;AAAA,SAEA;AAEJ;AAACC,KANuBD;AAAI,IAAAC;AAAAC,aAAAD,IAAA",
      "names": [
        "AllComicView",
        "Home",
        "_c",
        "$RefreshReg$"
      ],
      "sources": [
        "C:/Users/z8r90/Desktop/projects/TypeScript/GraphicMemo/Frontend/src/pages/Home.tsx"
      ],
      "file": "C:/Users/z8r90/Desktop/projects/TypeScript/GraphicMemo/Frontend/src/pages/Home.tsx"
    },
    "_coverageSchema": "1a1c01bbd47fc00a2c39e90264f33305004495a9",
    "hash": "1305f61407c280d18e08d5c12bb3cce37abcce49"
  },
  "C:/Users/z8r90/Desktop/projects/TypeScript/GraphicMemo/Frontend/src/components/Footer.tsx": {
    "path": "C:/Users/z8r90/Desktop/projects/TypeScript/GraphicMemo/Frontend/src/components/Footer.tsx",
    "statementMap": {
      "0": {
        "start": {
          "line": 3,
          "column": 20
        },
        "end": {
          "line": 3,
          "column": 97
        }
      },
      "1": {
        "start": {
          "line": 6,
          "column": 0
        },
        "end": {
          "line": 16,
          "column": 1
        }
      },
      "2": {
        "start": {
          "line": 7,
          "column": 2
        },
        "end": {
          "line": 9,
          "column": 3
        }
      },
      "3": {
        "start": {
          "line": 8,
          "column": 4
        },
        "end": {
          "line": 8,
          "column": 165
        }
      },
      "4": {
        "start": {
          "line": 10,
          "column": 2
        },
        "end": {
          "line": 10,
          "column": 39
        }
      },
      "5": {
        "start": {
          "line": 11,
          "column": 2
        },
        "end": {
          "line": 11,
          "column": 39
        }
      },
      "6": {
        "start": {
          "line": 12,
          "column": 2
        },
        "end": {
          "line": 14,
          "column": 4
        }
      },
      "7": {
        "start": {
          "line": 13,
          "column": 4
        },
        "end": {
          "line": 13,
          "column": 133
        }
      },
      "8": {
        "start": {
          "line": 15,
          "column": 2
        },
        "end": {
          "line": 15,
          "column": 75
        }
      },
      "9": {
        "start": {
          "line": 18,
          "column": 2
        },
        "end": {
          "line": 30,
          "column": 11
        }
      },
      "10": {
        "start": {
          "line": 32,
          "column": 0
        },
        "end": {
          "line": 32,
          "column": 12
        }
      },
      "11": {
        "start": {
          "line": 34,
          "column": 0
        },
        "end": {
          "line": 34,
          "column": 27
        }
      },
      "12": {
        "start": {
          "line": 35,
          "column": 0
        },
        "end": {
          "line": 38,
          "column": 1
        }
      },
      "13": {
        "start": {
          "line": 36,
          "column": 2
        },
        "end": {
          "line": 36,
          "column": 39
        }
      },
      "14": {
        "start": {
          "line": 37,
          "column": 2
        },
        "end": {
          "line": 37,
          "column": 39
        }
      },
      "15": {
        "start": {
          "line": 39,
          "column": 0
        },
        "end": {
          "line": 50,
          "column": 1
        }
      },
      "16": {
        "start": {
          "line": 40,
          "column": 2
        },
        "end": {
          "line": 49,
          "column": 5
        }
      },
      "17": {
        "start": {
          "line": 41,
          "column": 4
        },
        "end": {
          "line": 41,
          "column": 159
        }
      },
      "18": {
        "start": {
          "line": 42,
          "column": 4
        },
        "end": {
          "line": 48,
          "column": 7
        }
      },
      "19": {
        "start": {
          "line": 43,
          "column": 6
        },
        "end": {
          "line": 44,
          "column": 15
        }
      },
      "20": {
        "start": {
          "line": 44,
          "column": 8
        },
        "end": {
          "line": 44,
          "column": 15
        }
      },
      "21": {
        "start": {
          "line": 45,
          "column": 32
        },
        "end": {
          "line": 45,
          "column": 208
        }
      },
      "22": {
        "start": {
          "line": 46,
          "column": 6
        },
        "end": {
          "line": 47,
          "column": 54
        }
      },
      "23": {
        "start": {
          "line": 47,
          "column": 8
        },
        "end": {
          "line": 47,
          "column": 54
        }
      }
    },
    "fnMap": {
      "0": {
        "name": "(anonymous_0)",
        "decl": {
          "start": {
            "line": 12,
            "column": 24
          },
          "end": {
            "line": 12,
            "column": 25
          }
        },
        "loc": {
          "start": {
            "line": 12,
            "column": 38
          },
          "end": {
            "line": 14,
            "column": 3
          }
        },
        "line": 12
      },
      "1": {
        "name": "Footer",
        "decl": {
          "start": {
            "line": 17,
            "column": 24
          },
          "end": {
            "line": 17,
            "column": 30
          }
        },
        "loc": {
          "start": {
            "line": 17,
            "column": 33
          },
          "end": {
            "line": 31,
            "column": 1
          }
        },
        "line": 17
      },
      "2": {
        "name": "(anonymous_2)",
        "decl": {
          "start": {
            "line": 40,
            "column": 52
          },
          "end": {
            "line": 40,
            "column": 53
          }
        },
        "loc": {
          "start": {
            "line": 40,
            "column": 72
          },
          "end": {
            "line": 49,
            "column": 3
          }
        },
        "line": 40
      },
      "3": {
        "name": "(anonymous_3)",
        "decl": {
          "start": {
            "line": 42,
            "column": 27
          },
          "end": {
            "line": 42,
            "column": 28
          }
        },
        "loc": {
          "start": {
            "line": 42,
            "column": 44
          },
          "end": {
            "line": 48,
            "column": 5
          }
        },
        "line": 42
      }
    },
    "branchMap": {
      "0": {
        "loc": {
          "start": {
            "line": 3,
            "column": 20
          },
          "end": {
            "line": 3,
            "column": 97
          }
        },
        "type": "binary-expr",
        "locations": [
          {
            "start": {
              "line": 3,
              "column": 20
            },
            "end": {
              "line": 3,
              "column": 60
            }
          },
          {
            "start": {
              "line": 3,
              "column": 64
            },
            "end": {
              "line": 3,
              "column": 97
            }
          }
        ],
        "line": 3
      },
      "1": {
        "loc": {
          "start": {
            "line": 6,
            "column": 0
          },
          "end": {
            "line": 16,
            "column": 1
          }
        },
        "type": "if",
        "locations": [
          {
            "start": {
              "line": 6,
              "column": 0
            },
            "end": {
              "line": 16,
              "column": 1
            }
          },
          {
            "start": {},
            "end": {}
          }
        ],
        "line": 6
      },
      "2": {
        "loc": {
          "start": {
            "line": 6,
            "column": 4
          },
          "end": {
            "line": 6,
            "column": 35
          }
        },
        "type": "binary-expr",
        "locations": [
          {
            "start": {
              "line": 6,
              "column": 4
            },
            "end": {
              "line": 6,
              "column": 19
            }
          },
          {
            "start": {
              "line": 6,
              "column": 23
            },
            "end": {
              "line": 6,
              "column": 35
            }
          }
        ],
        "line": 6
      },
      "3": {
        "loc": {
          "start": {
            "line": 7,
            "column": 2
          },
          "end": {
            "line": 9,
            "column": 3
          }
        },
        "type": "if",
        "locations": [
          {
            "start": {
              "line": 7,
              "column": 2
            },
            "end": {
              "line": 9,
              "column": 3
            }
          },
          {
            "start": {},
            "end": {}
          }
        ],
        "line": 7
      },
      "4": {
        "loc": {
          "start": {
            "line": 35,
            "column": 0
          },
          "end": {
            "line": 38,
            "column": 1
          }
        },
        "type": "if",
        "locations": [
          {
            "start": {
              "line": 35,
              "column": 0
            },
            "end": {
              "line": 38,
              "column": 1
            }
          },
          {
            "start": {},
            "end": {}
          }
        ],
        "line": 35
      },
      "5": {
        "loc": {
          "start": {
            "line": 35,
            "column": 4
          },
          "end": {
            "line": 35,
            "column": 35
          }
        },
        "type": "binary-expr",
        "locations": [
          {
            "start": {
              "line": 35,
              "column": 4
            },
            "end": {
              "line": 35,
              "column": 19
            }
          },
          {
            "start": {
              "line": 35,
              "column": 23
            },
            "end": {
              "line": 35,
              "column": 35
            }
          }
        ],
        "line": 35
      },
      "6": {
        "loc": {
          "start": {
            "line": 39,
            "column": 0
          },
          "end": {
            "line": 50,
            "column": 1
          }
        },
        "type": "if",
        "locations": [
          {
            "start": {
              "line": 39,
              "column": 0
            },
            "end": {
              "line": 50,
              "column": 1
            }
          },
          {
            "start": {},
            "end": {}
          }
        ],
        "line": 39
      },
      "7": {
        "loc": {
          "start": {
            "line": 39,
            "column": 4
          },
          "end": {
[...]
;AAAA;AAAA;AAAA;AAAA,qBAAkC;AAAA,iBAFpC;AAAA;AAAA;AAAA;AAAA,mBAGA;AAAA,YACA,uBAAC,SAAI,WAAU,QACb;AAAA,qCAAC,OAAE,WAAU,aAAY,+BAAzB;AAAA;AAAA;AAAA;AAAA,qBAAwC;AAAA,cAAK;AAAA,cAC7C,uBAAC,OAAE,WAAU,QAAQN,cAAIO,aAAzB;AAAA;AAAA;AAAA;AAAA,qBAAmC;AAAA,iBAFrC;AAAA;AAAA;AAAA;AAAA,mBAGA;AAAA,eAlBF;AAAA;AAAA;AAAA;AAAA,iBAmBA;AAAA,UACA,uBAAC,SACC,iCAAC,SAAI,WAAU,QACb;AAAA,mCAAC,OAAE,WAAU,aAAY,4BAAzB;AAAA;AAAA;AAAA;AAAA,mBAAqC;AAAA,YAAK;AAAA,YAC1C,uBAAC,OAAGP,cAAIQ,eAAR;AAAA;AAAA;AAAA;AAAA,mBAAoB;AAAA,eAFtB;AAAA;AAAA;AAAA;AAAA,iBAGA,KAJF;AAAA;AAAA;AAAA;AAAA,iBAKA;AAAA,aA/BF;AAAA;AAAA;AAAA;AAAA,eAgCA;AAAA,WAxCsBR,IAAIjB,IAA5B;AAAA;AAAA;AAAA;AAAA,aAyCA;AAAA,IACD;AAAA,IACD,uBAAC,SAAI,WAAU,0DACb;AAAA,6BAAC,SAAI,WAAU,qBACb,iCAAC,QAAG,WAAU,oBAAmB,uBAAjC;AAAA;AAAA;AAAA;AAAA,aAAwC,KAD1C;AAAA;AAAA;AAAA;AAAA,aAEA;AAAA,MACA,uBAAC,SAAI,IAAG,mBAAkB,WAAU,SACjCF,gBAAM4B,SAAS,KACd5B,MAAM,CAAC,EAAE6B,QAAQX;AAAAA,QAAI,CAACY,WACpB;AAAA,UAAC;AAAA;AAAA,YACC,WAAQ;AAAA,YAER,WAAU;AAAA,YAEV;AAAA,qCAAC,SAAI,WAAU,wBACb;AAAA,uCAAC,OAAE,WAAU,aAAaA,iBAAOC,eAAjC;AAAA;AAAA;AAAA;AAAA,uBAA6C;AAAA,gBAC7C;AAAA,kBAAC;AAAA;AAAA,oBACC,WAAQ;AAAA,oBACR,WAAU;AAAA,oBACV,SAAS,MAAMvB,qBAAqBsB,OAAOf,SAAS;AAAA,oBAEnD;AAAA,0BAAIiB,KAAKF,OAAOG,UAAU,EAAEC,mBAAmB;AAAA,sBAChD;AAAA,wBAAC;AAAA;AAAA,0BACC,MAAMtC;AAAAA,0BACN,MAAM;AAAA,0BACN,WAAU;AAAA;AAAA,wBAHZ;AAAA;AAAA;AAAA;AAAA;AAAA;AAAA;AAAA;AAAA,sBAGwB;AAAA;AAAA;AAAA,kBAT1B;AAAA;AAAA;AAAA;AAAA;AAAA;AAAA;AAAA;AAAA,gBAWA;AAAA,mBAbF;AAAA;AAAA;AAAA;AAAA,qBAcA;AAAA,cACA,uBAAC,OAAE,WAAU,QAAQkC,iBAAOK,eAA5B;AAAA;AAAA;AAAA;AAAA,qBAAwC;AAAA,cACxC,uBAAC,OAAE,WAAU,sBAAoB;AAAA;AAAA,gBACtBL,OAAOM;AAAAA,gBAAc;AAAA,mBADhC;AAAA;AAAA;AAAA;AAAA,qBAEA;AAAA;AAAA;AAAA,UArBKN,OAAOf;AAAAA,UAFd;AAAA;AAAA;AAAA;AAAA;AAAA;AAAA;AAAA,QAwBA;AAAA,MACD,KA5BL;AAAA;AAAA;AAAA;AAAA,aA6BA;AAAA,SAjCF;AAAA;AAAA;AAAA;AAAA,WAkCA;AAAA,IACA,uBAAC,uBAAoB,IAAQ,aAAaZ,eAA1C;AAAA;AAAA;AAAA;AAAA,WAAsD;AAAA,OAhFxD;AAAA;AAAA;AAAA;AAAA,SAiFA,KAlFF;AAAA;AAAA;AAAA;AAAA,SAmFA;AAEJ;AAACJ,GAhHuBD,aAAW;AAAA,UAElBL,SAAS;AAAA;AAAA4C,KAFFvC;AAAW,IAAAuC;AAAAC,aAAAD,IAAA",
      "names": [
        "useState",
        "useParams",
        "PostReviewComponent",
        "Icon",
        "mdiTrashCanOutline",
        "toast",
        "SingleComic",
        "_s",
        "comic",
        "setComic",
        "id",
        "FetchWithId",
        "response",
        "fetch",
        "data",
        "json",
        "DeleteReviewFunction",
        "revId",
        "method",
        "headers",
        "body",
        "JSON",
        "stringify",
        "review_id",
        "success",
        "useEffect",
        "map",
        "com",
        "imagecover",
        "title",
        "issue",
        "author",
        "publisher",
        "released",
        "character",
        "description",
        "length",
        "reviews",
        "review",
        "review_user",
        "Date",
        "created_at",
        "toLocaleDateString",
        "review_text",
        "review_rating",
        "_c",
        "$RefreshReg$"
      ],
      "sources": [
        "C:/Users/z8r90/Desktop/projects/TypeScript/GraphicMemo/Frontend/src/pages/SingleComic.tsx"
      ],
      "file": "C:/Users/z8r90/Desktop/projects/TypeScript/GraphicMemo/Frontend/src/pages/SingleComic.tsx"
    },
    "_coverageSchema": "1a1c01bbd47fc00a2c39e90264f33305004495a9",
    "hash": "515fb3d005d74c5b84175402f33d6dee919e3ae5"
  },
  "C:/Users/z8r90/Desktop/projects/TypeScript/GraphicMemo/Frontend/src/App.tsx": {
    "path": "C:/Users/z8r90/Desktop/projects/TypeScript/GraphicMemo/Frontend/src/App.tsx",
    "statementMap": {
      "0": {
        "start": {
          "line": 3,
          "column": 20
        },
        "end": {
          "line": 3,
          "column": 97
        }
      },
      "1": {
        "start": {
          "line": 6,
          "column": 0
        },
        "end": {
          "line": 16,
          "column": 1
        }
      },
      "2": {
        "start": {
          "line": 7,
          "column": 2
        },
        "end": {
          "line": 9,
          "column": 3
        }
      },
      "3": {
        "start": {
          "line": 8,
          "column": 4
        },
        "end": {
          "line": 8,
          "column": 165
        }
      },
      "4": {
        "start": {
          "line": 10,
          "column": 2
        },
        "end": {
          "line": 10,
          "column": 39
        }
      },
      "5": {
        "start": {
          "line": 11,
          "column": 2
        },
        "end": {
          "line": 11,
          "column": 39
        }
      },
      "6": {
        "start": {
          "line": 12,
          "column": 2
        },
        "end": {
          "line": 14,
          "column": 4
        }
      },
      "7": {
        "start": {
          "line": 13,
          "column": 4
        },
        "end": {
          "line": 13,
          "column": 119
        }
      },
      "8": {
        "start": {
          "line": 15,
          "column": 2
        },
        "end": {
          "line": 15,
          "column": 75
        }
      },
      "9": {
        "start": {
          "line": 25,
          "column": 17
        },
        "end": {
          "line": 99,
          "column": 3
        }
      },
      "10": {
        "start": {
          "line": 100,
          "column": 2
        },
        "end": {
          "line": 104,
          "column": 11
        }
      },
      "11": {
        "start": {
          "line": 106,
          "column": 0
        },
        "end": {
          "line": 106,
          "column": 9
        }
      },
      "12": {
        "start": {
          "line": 109,
          "column": 0
        },
        "end": {
          "line": 109,
          "column": 24
        }
      },
      "13": {
        "start": {
          "line": 110,
          "column": 0
        },
        "end": {
          "line": 113,
          "column": 1
        }
      },
      "14": {
        "start": {
          "line": 111,
          "column": 2
        },
        "end": {
          "line": 111,
          "column": 39
        }
      },
      "15": {
        "start": {
          "line": 112,
          "column": 2
        },
        "end": {
          "line": 112,
          "column": 39
        }
      },
      "16": {
        "start": {
          "line": 114,
          "column": 0
        },
        "end": {
          "line": 125,
          "column": 1
        }
      },
      "17": {
        "start": {
          "line": 115,
          "column": 2
        },
        "end": {
          "line": 124,
          "column": 5
        }
      },
      "18": {
        "start": {
          "line": 116,
          "column": 4
        },
        "end": {
          "line": 116,
          "column": 145
        }
      },
      "19": {
        "start": {
          "line": 117,
          "column": 4
        },
        "end": {
          "line": 123,
          "column": 7
        }
      },
      "20": {
        "start": {
          "line": 118,
          "column": 6
        },
        "end": {
          "line": 119,
          "column": 15
        }
      },
      "21": {
        "start": {
          "line": 119,
          "column": 8
        },
        "end": {
          "line": 119,
          "column": 15
        }
      },
      "22": {
        "start": {
          "line": 120,
          "column": 32
        },
        "end": {
          "line": 120,
          "column": 194
        }
      },
      "23": {
        "start": {
          "line": 121,
          "column": 6
        },
        "end": {
          "line": 122,
          "column": 54
        }
      },
      "24": {
        "start": {
          "line": 122,
          "column": 8
        },
        "end": {
          "line": 122,
          "column": 54
        }
      }
    },
    "fnMap": {
      "0": {
        "name": "(anonymous_0)",
        "decl": {
          "start": {
            "line": 12,
            "column": 24
          },
          "end": {
            "line": 12,
            "column": 25
          }
        },
        "loc": {
          "start": {
            "line": 12,
            "column": 38
          },
          "end": {
            "line": 14,
            "column": 3
          }
        },
        "line": 12
      },
      "1": {
        "name": "App",
        "decl": {
          "start": {
            "line": 24,
            "column": 9
          },
          "end": {
            "line": 24,
            "column": 12
          }
        },
        "loc": {
          "start": {
            "line": 24,
            "column": 15
          },
          "end": {
            "line": 105,
            "column": 1
          }
        },
        "line": 24
      },
      "2": {
        "name": "(anonymous_2)",
        "decl": {
          "start": {
            "line": 115,
            "column": 52
          },
          "end": {
            "line": 115,
            "column": 53
          }
        },
        "loc": {
          "start": {
            "line": 115,
            "column": 72
          },
          "end": {
            "line": 124,
            "column": 3
          }
        },
        "line": 115
      },
      "3": {
        "name": "(anonymous_3)",
        "decl": {
          "start": {
            "line": 117,
            "column": 27
          },
          "end": {
            "line": 117,
            "column": 28
          }
        },
        "loc": {
          "start": {
            "line": 117,
            "column": 44
          },
          "end": {
            "line": 123,
            "column": 5
          }
        },
        "line": 117
      }
    },
    "branchMap": {
      "0": {
        "loc": {
          "start": {
            "line": 3,
            "column": 20
          },
          "end": {
            "line": 3,
            "column": 97
          }
        },
        "type": "binary-expr",
        "locations": [
          {
            "start": {
              "line": 3,
              "column": 20
            },
            "end": {
              "line": 3,
              "column": 60
            }
          },
          {
            "start": {
              "line": 3,
              "column": 64
            },
            "end": {
              "line": 3,
              "column": 97
            }
          }
        ],
        "line": 3
      },
      "1": {
        "loc": {
          "start": {
            "line": 6,
            "column": 0
          },
          "end": {
            "line": 16,
            "column": 1
          }
        },
        "type": "if",
        "locations": [
          {
            "start": {
              "line": 6,
              "column": 0
            },
            "end": {
              "line": 16,
              "column": 1
            }
          },
          {
            "start": {},
            "end": {}
          }
        ],
        "line": 6
      },
      "2": {
        "loc": {
          "start": {
            "line": 6,
            "column": 4
          },
          "end": {
            "line": 6,
            "column": 35
          }
        },
        "type": "binary-expr",
        "locations": [
          {
            "start": {
              "line": 6,
              "column": 4
            },
            "end": {
              "line": 6,
              "column": 19
            }
          },
          {
            "start": {
              "line": 6,
              "column": 23
            },
            "end": {
              "line": 6,
              "column": 35
            }
          }
        ],
        "line": 6
      },
      "3": {
        "loc": {
          "start": {
            "line": 7,
            "column": 2
          },
          "end": {
            "line": 9,
            "column": 3
          }
        },
        "type": "if",
        "locations": [
          {
            "start": {
              "line": 7,
              "column": 2
            },
            "end": {
              "line": 9,
              "column": 3
            }
          },
          {
            "start": {},
            "end": {}
          }
        ],
        "line": 7
      },
      "4": {
        "loc": {
          "start": {
            "line": 110,
            "column": 0
          },
          "end": {
            "line": 113,
            "column": 1
          }
        },
        "type": "if",
        "locations": [
          {
            "start": {
              "line": 110,
              "column": 0
            },
            "end": {
              "line": 113,
              "column": 1
            }
          },
          {
            "start": {},
            "end": {}
          }
        ],
        "line": 110
      },
      "5": {
        "loc": {
          "start": {
            "line": 110,
            "column": 4
          },
          "end": {
            "line": 110,
            "column": 35
          }
        },
        "type": "binary-expr",
        "locations": [
          {
            "start": {
              "line": 110,
              "column": 4
            },
            "end": {
              "line": 110,
              "column": 19
            }
          },
          {
            "start": {
              "line": 110,
              "column": 23
            },
            "end": {
              "line": 110,
              "column": 35
            }
          }
        ],
        "line": 110
      },
      "6": {
        "loc": {
          "start": {
            "line": 114,
            "column": 0
          },
          "end": {
            "line": 125,
            "column": 1
          }
        },
        "type": "if",
        "locations": [
          {
            "start": {
              "line": 114,
              "column": 0
            },
            "end": {
              "line": 125,
              "column": 1
            }
          },
          {
            "start": {},
            "end": {}
          }
        ],
        "line": 114
      },
      "7": {
        "loc": {
          "start": {
            "line": 114,
            "column": 4
          },
          "end": {
            "line": 114,
            "column": 35
          }
        },
        "type": "binary-expr",
        "locations": [
          {
            "start": {
              "line": 114,
              "column": 4
            },
            "end": {
              "line": 114,
              "column": 19
            }
          },
          {
            "start": {
              "line": 114,
              "column": 23
            },
            "end": {
              "line": 114,
              "column": 35
            }
          }
        ],
        "line": 114
      },
      "8": {
        "loc": {
          "start": {
            "line": 118,
            "column": 6
          },
          "end": {
            "line": 119,
            "column": 15
          }
        },
        "type": "if",
        "locations": [
          {
            "start": {
              "line": 118,
              "column": 6
            },
            "end": {
              "line": 119,
              "column": 15
            }
          },
          {
            "start": {},
            "end": {}
          }
        ],
        "line": 118
      },
      "9": {
        "loc": {
          "start": {
            "line": 121,
            "column": 6
          },
          "end": {
            "line": 122,
            "column": 54
          }
        },
        "type": "if",
        "locations": [
          {
            "start": {
              "line": 121,
              "column": 6
            },
            "end": {
              "line": 122,
              "column": 54
            }
          },
          {
            "start": {},
            "end": {}
          }
        ],
        "line": 121
      }
    },
    "s": {
      "0": 19,
      "1": 19,
      "2": 19,
      "3": 0,
      "4": 19,
      "5": 19,
      "6": 19,
      "7": 19,
      "8": 19,
      "9": 55,
      "10": 55,
      "11": 19,
      "12": 19,
      "13": 19,
      "14": 19,
      "15": 19,
      "16": 19,
      "17": 19,
      "18": 19,
      "19": 19,
      "20": 0,
      "21": 0,
      "22": 0,
      "23": 0,
      "24": 0
    },
    "f": {
      "0": 19,
      "1": 55,
      "2": 19,
      "3": 0
    },
    "b": {
      "0": [
        19,
        0
      ],
      "1": [
        19,
        0
      ],
      "2": [
        19,
        19
      ],
      "3": [
        0,
        19
      ],
      "4": [
        19,
        0
      ],
      "5": [
        19,
        19
      ],
      "6": [
        19,
        0
      ],
      "7": [
        19,
        19
      ],
      "8": [
        0,
        0
      ],
      "9": [
        0,
        0
      ]
    },
    "inputSourceMap": {
      "version": 3,
      "mappings": "AAWmB,SAKX,UALW;AAXnB,OAAOA,oBAAU;AAAc;AAAA;AAAA;AAAA;AAAA;AAAA;AAAA;AAAA;AAAA;AAAA;AAAA;AAAA;AAAA;AAAA;AAAA;AAC/B,OAAOC,YAAY;AACnB,OAAOC,kBAAkB;AACzB,OAAOC,YAAY;AACnB,OAAOC,iBAAiB;AACxB,SAASC,kBAAkBC,QAAQC,sBAAsB;AACzD,SAASC,sBAAsB;AAC/B,SAASC,MAAM;AACb,QAAMC,SAASL;AAAAA,IAAiB;AAAA,MAC9B;AAAA,QACEM,UAAU;AAAA,UACR,EAAEC,SAAS,uBAAC,UAAD;AAAA;AAAA;AAAA;AAAA,iBAAK,GAAKC,MAAM,IAAI;AAAA,UAC/B,EAAED,SAAS,uBAAC,iBAAD;AAAA;AAAA;AAAA;AAAA,iBAAY,GAAKC,MAAM,cAAc;AAAA,UAChD,EAAED,SAAS,uBAAC,kBAAD;AAAA;AAAA;AAAA;AAAA,iBAAa,GAAKC,MAAM,gBAAgB;AAAA,QAAC;AAAA,QAEtDD,SACE,mCACE,iCAAC,SAAI,WAAU,8BACb;AAAA,iCAAC,YAAD;AAAA;AAAA;AAAA;AAAA,iBAAO;AAAA,UACP,uBAAC,UAAK,WAAU,aACd;AAAA;AAAA,cAAC;AAAA;AAAA,gBACC,UAAS;AAAA,gBACT,WAAW;AAAA,gBACX,iBAAiB;AAAA,gBACjB,aAAa;AAAA,gBACb;AAAA,gBACA,KAAK;AAAA,gBACL,OAAM;AAAA,gBACN,WAAQ;AAAA;AAAA,cARV;AAAA;AAAA;AAAA;AAAA;AAAA;AAAA;AAAA;AAAA,YAQyB;AAAA,YAEzB,uBAAC,YAAD;AAAA;AAAA;AAAA;AAAA,mBAAO;AAAA,eAXT;AAAA;AAAA;AAAA;AAAA,iBAYA;AAAA,UACA,uBAAC,YAAD;AAAA;AAAA;AAAA;AAAA,iBAAO;AAAA,aAfT;AAAA;AAAA;AAAA;AAAA,eAgBA,KAjBF;AAAA;AAAA;AAAA;AAAA,eAkBA;AAAA,MAEJ;AAAA,IAAC;AAAA,EACF;AACD,SAAO,uBAAC,kBAAe,UAAhB;AAAA;AAAA;AAAA;AAAA,SAA+B;AACxC;AAACE,KAhCQL;AAkCT,eAAeA;AAAI,IAAAK;AAAAC,aAAAD,IAAA",
      "names": [
        "Home",
        "Footer",
        "ManageComics",
        "NavBar",
        "SingleComic",
        "createHashRouter",
        "Outlet",
        "RouterProvider",
        "ToastContainer",
        "App",
        "router",
        "children",
        "element",
        "path",
        "_c",
        "$RefreshReg$"
      ],
      "sources": [
        "C:/Users/z8r90/Desktop/projects/TypeScript/GraphicMemo/Frontend/src/App.tsx"
      ],
      "file": "C:/Users/z8r90/Desktop/projects/TypeScript/GraphicMemo/Frontend/src/App.tsx"
    },
    "_coverageSchema": "1a1c01bbd47fc00a2c39e90264f33305004495a9",
    "hash": "0b97c05adca2054db382df968a95dfa2578a6be4"
  },
  "C:/Users/z8r90/Desktop/projects/TypeScript/GraphicMemo/Frontend/src/main.tsx": {
    "path": "C:/Users/z8r90/Desktop/projects/TypeScript/GraphicMemo/Frontend/src/main.tsx",
    "statementMap": {
      "0": {
        "start": {
          "line": 6,
          "column": 0
        },
        "end": {
          "line": 16,
          "column": 2
        }
      }
    },
    "fnMap": {},
    "branchMap": {},
    "s": {
      "0": 19
    },
    "f": {},
    "b": {},
    "inputSourceMap": {
      "version": 3,
      "mappings": "AAOI;AAPJ,OAAOA,WAAW;AAClB,OAAOC,cAAc;AACrB,OAAOC,SAAS;AAChB,OAAO;AAEPD,SAASE,WAAWC,SAASC,eAAe,MAAM,CAAE,EAAEC;AAAAA,EACpD,uBAAC,MAAM,YAAN,EACC,iCAAC,SAAD;AAAA;AAAA;AAAA;AAAA,SAAI,KADN;AAAA;AAAA;AAAA;AAAA,SAEA;AACF",
      "names": [
        "React",
        "ReactDOM",
        "App",
        "createRoot",
        "document",
        "getElementById",
        "render"
      ],
      "sources": [
        "C:/Users/z8r90/Desktop/projects/TypeScript/GraphicMemo/Frontend/src/main.tsx"
      ],
      "file": "C:/Users/z8r90/Desktop/projects/TypeScript/GraphicMemo/Frontend/src/main.tsx"
    },
    "_coverageSchema": "1a1c01bbd47fc00a2c39e90264f33305004495a9",
    "hash": "a1a8ed04dde044cae081f399eb9911722d02fce3"
  }
}