{
  "C:/Users/z8r90/Desktop/projects/TypeScript/GraphicMemo/Frontend/src/components/LatestReviews.tsx": {
    "path": "C:/Users/z8r90/Desktop/projects/TypeScript/GraphicMemo/Frontend/src/components/LatestReviews.tsx",
    "statementMap": {
      "0": {
        "start": {
          "line": 3,
          "column": 20
        },
        "end": {
          "line": 3,
          "column": 97
        }
      },
      "1": {
        "start": {
          "line": 6,
          "column": 0
        },
        "end": {
          "line": 16,
          "column": 1
        }
      },
      "2": {
        "start": {
          "line": 7,
          "column": 2
        },
        "end": {
          "line": 9,
          "column": 3
        }
      },
      "3": {
        "start": {
          "line": 8,
          "column": 4
        },
        "end": {
          "line": 8,
          "column": 165
        }
      },
      "4": {
        "start": {
          "line": 10,
          "column": 2
        },
        "end": {
          "line": 10,
          "column": 39
        }
      },
      "5": {
        "start": {
          "line": 11,
          "column": 2
        },
        "end": {
          "line": 11,
          "column": 39
        }
      },
      "6": {
        "start": {
          "line": 12,
          "column": 2
        },
        "end": {
          "line": 14,
          "column": 4
        }
      },
      "7": {
        "start": {
          "line": 13,
          "column": 4
        },
        "end": {
          "line": 13,
          "column": 140
        }
      },
      "8": {
        "start": {
          "line": 15,
          "column": 2
        },
        "end": {
          "line": 15,
          "column": 75
        }
      },
      "9": {
        "start": {
          "line": 17,
          "column": 9
        },
        "end": {
          "line": 17,
          "column": 23
        }
      },
      "10": {
        "start": {
          "line": 21,
          "column": 2
        },
        "end": {
          "line": 21,
          "column": 7
        }
      },
      "11": {
        "start": {
          "line": 22,
          "column": 32
        },
        "end": {
          "line": 22,
          "column": 44
        }
      },
      "12": {
        "start": {
          "line": 23,
          "column": 2
        },
        "end": {
          "line": 25,
          "column": 9
        }
      },
      "13": {
        "start": {
          "line": 24,
          "column": 4
        },
        "end": {
          "line": 24,
          "column": 129
        }
      },
      "14": {
        "start": {
          "line": 24,
          "column": 69
        },
        "end": {
          "line": 24,
          "column": 84
        }
      },
      "15": {
        "start": {
          "line": 24,
          "column": 101
        },
        "end": {
          "line": 24,
          "column": 127
        }
      },
      "16": {
        "start": {
          "line": 26,
          "column": 2
        },
        "end": {
          "line": 64,
          "column": 11
        }
      },
      "17": {
        "start": {
          "line": 33,
          "column": 38
        },
        "end": {
          "line": 49,
          "column": 14
        }
      },
      "18": {
        "start": {
          "line": 66,
          "column": 0
        },
        "end": {
          "line": 66,
          "column": 50
        }
      },
      "19": {
        "start": {
          "line": 67,
          "column": 0
        },
        "end": {
          "line": 67,
          "column": 19
        }
      },
      "20": {
        "start": {
          "line": 69,
          "column": 0
        },
        "end": {
          "line": 69,
          "column": 34
        }
      },
      "21": {
        "start": {
          "line": 70,
          "column": 0
        },
        "end": {
          "line": 73,
          "column": 1
        }
      },
      "22": {
        "start": {
          "line": 71,
          "column": 2
        },
        "end": {
          "line": 71,
          "column": 39
        }
      },
      "23": {
        "start": {
          "line": 72,
          "column": 2
        },
        "end": {
          "line": 72,
          "column": 39
        }
      },
      "24": {
        "start": {
          "line": 74,
          "column": 0
        },
        "end": {
          "line": 85,
          "column": 1
        }
      },
      "25": {
        "start": {
          "line": 75,
          "column": 2
        },
        "end": {
          "line": 84,
          "column": 5
        }
      },
      "26": {
        "start": {
          "line": 76,
          "column": 4
        },
        "end": {
          "line": 76,
          "column": 166
        }
      },
      "27": {
        "start": {
          "line": 77,
          "column": 4
        },
        "end": {
          "line": 83,
          "column": 7
        }
      },
      "28": {
        "start": {
          "line": 78,
          "column": 6
        },
        "end": {
          "line": 79,
          "column": 15
        }
      },
      "29": {
        "start": {
          "line": 79,
          "column": 8
        },
        "end": {
          "line": 79,
          "column": 15
        }
      },
      "30": {
        "start": {
          "line": 80,
          "column": 32
        },
        "end": {
          "line": 80,
          "column": 215
        }
      },
      "31": {
        "start": {
          "line": 81,
          "column": 6
        },
        "end": {
          "line": 82,
          "column": 54
        }
      },
      "32": {
        "start": {
          "line": 82,
          "column": 8
        },
        "end": {
          "line": 82,
          "column": 54
        }
      }
    },
    "fnMap": {
      "0": {
        "name": "(anonymous_0)",
        "decl": {
          "start": {
            "line": 12,
            "column": 24
          },
          "end": {
            "line": 12,
            "column": 25
          }
        },
        "loc": {
          "start": {
            "line": 12,
            "column": 38
          },
          "end": {
            "line": 14,
            "column": 3
          }
        },
        "line": 12
      },
      "1": {
        "name": "LatestReviews",
        "decl": {
          "start": {
            "line": 20,
            "column": 24
          },
          "end": {
            "line": 20,
            "column": 37
          }
        },
        "loc": {
          "start": {
            "line": 20,
            "column": 40
          },
          "end": {
            "line": 65,
            "column": 1
          }
        },
        "line": 20
      },
      "2": {
        "name": "(anonymous_2)",
        "decl": {
          "start": {
            "line": 23,
            "column": 12
          },
          "end": {
            "line": 23,
            "column": 13
          }
        },
        "loc": {
          "start": {
            "line": 23,
            "column": 18
          },
          "end": {
            "line": 25,
            "column": 3
          }
        },
        "line": 23
      },
      "3": {
        "name": "(anonymous_3)",
        "decl": {
          "start": {
            "line": 24,
            "column": 55
          },
          "end": {
            "line": 24,
            "column": 56
          }
        },
        "loc": {
          "start": {
            "line": 24,
            "column": 69
          },
          "end": {
            "line": 24,
            "column": 84
          }
        },
        "line": 24
      },
      "4": {
        "name": "(anonymous_4)",
        "decl": {
          "start": {
            "line": 24,
            "column": 91
          },
          "end": {
            "line": 24,
            "column": 92
          }
        },
        "loc": {
          "start": {
            "line": 24,
            "column": 101
          },
          "end": {
            "line": 24,
            "column": 127
          }
        },
        "line": 24
      },
      "5": {
        "name": "(anonymous_5)",
        "decl": {
          "start": {
            "line": 33,
            "column": 6
          },
          "end": {
            "line": 33,
            "column": 7
          }
        },
        "loc": {
          "start": {
            "line": 33,
            "column": 38
          },
          "end": {
            "line": 49,
            "column": 14
          }
        },
        "line": 33
      },
      "6": {
        "name": "(anonymous_6)",
        "decl": {
          "start": {
            "line": 75,
            "column": 52
          },
          "end": {
            "line": 75,
            "column": 53
          }
        },
        "loc": {
          "start": {
            "line": 75,
            "column": 72
          },
          "end": {
            "line": 84,
            "column": 3
          }
        },
        "line": 75
      },
      "7": {
        "name": "(anonymous_7)",
        "decl": {
          "start": {
            "line": 77,
            "column": 27
          },
          "end": {
            "line": 77,
            "column": 28
          }
        },
        "loc": {
          "start": {
            "line": 77,
            "column": 44
          },
          "end": {
            "line": 83,
            "column": 5
          }
        },
        "line": 77
      }
    },
    "branchMap": {
      "0": {
        "loc": {
          "start": {
            "line": 3,
            "column": 20
          },
          "end": {
            "line": 3,
            "column": 97
          }
        },
        "type": "binary-expr",
        "locations": [
          {
            "start": {
              "line": 3,
              "column": 20
            },
            "end": {
              "line": 3,
              "column": 60
            }
          },
          {
            "start": {
              "line": 3,
              "column": 64
            },
            "end": {
              "line": 3,
              "column": 97
            }
          }
        ],
        "line": 3
      },
      "1": {
        "loc": {
          "start": {
            "line": 6,
            "column": 0
          },
          "end": {
            "line": 16,
            "column": 1
          }
        },
        "type": "if",
        "locations": [
          {
            "start": {
              "line": 6,
              "column": 0
            },
            "end": {
              "line": 16,
              "column": 1
            }
          },
          {
            "start": {},
            "end": {}
          }
        ],
        "line": 6
      },
      "2": {
        "loc": {
          "start": {
            "line": 6,
            "column": 4
          },
          "end": {
            "line": 6,
            "column": 35
          }
        },
        "type": "binary-expr",
        "locations": [
          {
            "start": {
              "line": 6,
              "column": 4
            },
            "end": {
              "line": 6,
              "column": 19
            }
          },
          {
            "start": {
              "line": 6,
              "column": 23
            },
            "end": {
              "line": 6,
              "column": 35
            }
          }
        ],
        "line": 6
      },
      "3": {
        "loc": {
          "start": {
            "line": 7,
            "column": 2
          },
          "end": {
            "line": 9,
            "column": 3
          }
        },
        "type": "if",
        "locations": [
          {
            "start": {
              "line": 7,
              "column": 2
            },
            "end": {
              "line": 9,
              "column": 3
            }
          },
          {
            "start": {},
            "end": {}
          }
        ],
        "line": 7
      },
      "4": {
        "loc": {
          "start": {
            "line": 70,
            "column": 0
          },
          "end": {
            "line": 73,
            "column": 1
          }
        },
        "type": "if",
        "locations": [
          {
            "start": {
              "line": 70,
              "column": 0
            },
            "end": {
              "line": 73,
              "column": 1
            }
          },
          {
            "start": {},
            "end": {}
          }
        ],
        "line": 70
      },
      "5": {
        "loc": {
          "start": {
            "line": 70,
            "column": 4
          },
          "end": {
            "line": 70,
            "column": 35
          }
        },
        "type": "binary-expr",
        "locations": [
          {
            "start": {
              "line": 70,
              "column": 4
            },
            "end": {
              "line": 70,
              "column": 19
            }
          },
          {
            "start": {
              "line": 70,
              "column": 23
            },
            "end": {
              "line": 70,
              "column": 35
            }
          }
        ],
        "line": 70
      },
      "6": {
        "loc": {
          "start": {
            "line": 74,
            "column": 0
          },
          "end": {
            "line": 85,
            "column": 1
          }
        },
        "type": "if",
        "locations": [
          {
            "start": {
              "line": 74,
              "column": 0
            },
            "end": {
              "line": 85,
              "column": 1
            }
          },
          {
            "start": {},
            "end": {}
          }
        ],
        "line": 74
      },
      "7": {
        "loc": {
          "start": {
            "line": 74,
            "column": 4
          },
          "end": {
            "line": 74,
            "column": 35
          }
        },
        "type": "binary-expr",
        "locations": [
          {
            "start": {
              "line": 74,
              "column": 4
            },
            "end": {
              "line": 74,
              "column": 19
            }
          },
          {
            "start": {
              "line": 74,
              "column": 23
            },
            "end": {
              "line": 74,
              "column": 35
            }
          }
        ],
        "line": 74
      },
      "8": {
        "loc": {
          "start": {
            "line": 78,
            "column": 6
          },
          "end": {
            "line": 79,
            "column": 15
          }
        },
        "type": "if",
        "locations": [
          {
            "start": {
              "line": 78,
              "column": 6
            },
            "end": {
              "line": 79,
              "column": 15
            }
          },
          {
            "start": {},
            "end": {}
          }
        ],
        "line": 78
      },
      "9": {
        "loc": {
          "start": {
            "line": 81,
            "column": 6
          },
          "end": {
            "line": 82,
            "column": 54
          }
        },
        "type": "if",
        "locations": [
          {
            "start": {
              "line": 81,
              "column": 6
            },
            "end": {
              "line": 82,
              "column": 54
            }
          },
          {
            "start": {},
            "end": {}
          }
        ],
        "line": 81
      }
    },
    "s": {
      "0": 15,
      "1": 15,
      "2": 15,
      "3": 0,
      "4": 15,
      "5": 15,
      "6": 15,
      "7": 15,
      "8": 15,
      "9": 15,
      "10": 96,
      "11": 96,
      "12": 84,
      "13": 30,
      "14": 24,
      "15": 24,
      "16": 84,
      "17": 144,
      "18": 15,
      "19": 15,
      "20": 15,
      "21": 15,
      "22": 15,
      "23": 15,
      "24": 15,
      "25": 15,
      "26": 15,
      "27": 15,
      "28": 0,
      "29": 0,
      "30": 0,
      "31": 0,
      "32": 0
    },
    "f": {
      "0": 15,
      "1": 96,
      "2": 30,
      "3": 24,
      "4": 24,
      "5": 144,
      "6": 15,
      "7": 0
    },
    "b": {
      "0": [
        15,
        0
      ],
      "1": [
        15,
        0
      ],
      "2": [
        15,
        15
      ],
      "3": [
        0,
        15
      ],
      "4": [
        15,
        0
      ],
      "5": [
        15,
        15
      ],
      "6": [
        15,
        0
      ],
      "7": [
        15,
        15
      ],
      "8": [
        0,
        0
      ],
      "9": [
        0,
        0
      ]
    },
    "inputSourceMap": {
      "version": 3,
      "mappings": "AAcQ;2BAdR;AAAoBA,oBAAgB,OAAO;AAAA;AAAA;AAAA;AAAA;AAAA;AAAA;AAAA;AAAA;AAAA;AAAA;AAAA;AAAA;AAAA;AAAA;AAAA;AAE3C,SAASC,YAAY;AAErB,wBAAwBC,gBAAgB;AAAAC,KAAA;AACtC,QAAM,CAACC,SAASC,UAAU,IAAIL,SAA4B,EAAE;AAC5DM,YAAU,MAAM;AACdC,UAAM,sCAAsC,EACzCC,KAAK,CAACC,aAAaA,SAASC,KAAK,CAAC,EAClCF,KAAK,CAACG,SAASN,WAAWM,KAAKC,QAAQ,CAAC,CAAC;AAAA,EAC9C,GAAG,EAAE;AACL,SACE,uBAAC,SACC,iCAAC,QAAG,WAAU,gCACZ;AAAA,2BAAC,OAAE,WAAU,gBAAe,WAAQ,wBAAsB,8BAA1D;AAAA;AAAA;AAAA;AAAA,WAEA;AAAA,IACCR,QAAQS,MAAM,GAAG,CAAC,EAAEC;AAAAA,MAAI,CAACC,KAAKC,UAC7B,uBAAC,QAAK,WAAQ,qBAAoB,IAAI,WAAWD,IAAIE,QAAQ,IAC3D,iCAAC,QAAe,WAAU,mBACvBF;AAAAA,YAAIG,aAAaL,MAAM,GAAG,EAAE;AAAA,QAAE;AAAA,QAC/B,uBAAC,OAAE,WAAU,cAAcE,cAAII,eAA/B;AAAA;AAAA;AAAA;AAAA,eAA2C;AAAA,WAFpCH,OAAT;AAAA;AAAA;AAAA;AAAA,aAGA,KAJF;AAAA;AAAA;AAAA;AAAA,aAKA;AAAA,IACD;AAAA,IACD,uBAAC,OAAE,8CAAH;AAAA;AAAA;AAAA;AAAA,WAAiC;AAAA,OAZnC;AAAA;AAAA;AAAA;AAAA,SAaA,KAdF;AAAA;AAAA;AAAA;AAAA,SAeA;AAEJ;AAACb,GAzBuBD,eAAa;AAAAkB,KAAblB;AAAa,IAAAkB;AAAAC,aAAAD,IAAA",
      "names": [
        "useState",
        "Link",
        "LatestReviews",
        "_s",
        "reviews",
        "setReviews",
        "useEffect",
        "fetch",
        "then",
        "response",
        "json",
        "data",
        "reverse",
        "slice",
        "map",
        "rev",
        "index",
        "comic_id",
        "review_text",
        "comic_title",
        "_c",
        "$RefreshReg$"
      ],
      "sources": [
        "C:/Users/z8r90/Desktop/projects/TypeScript/GraphicMemo/Frontend/src/components/LatestReviews.tsx"
      ],
      "file": "C:/Users/z8r90/Desktop/projects/TypeScript/GraphicMemo/Frontend/src/components/LatestReviews.tsx"
    },
    "_coverageSchema": "1a1c01bbd47fc00a2c39e90264f33305004495a9",
    "hash": "66e42d6c5ba788360db7849cdea29c1b6197c661"
  },
  "C:/Users/z8r90/Desktop/projects/TypeScript/GraphicMemo/Frontend/src/components/ListAllTable.tsx": {
    "path": "C:/Users/z8r90/Desktop/projects/TypeScript/GraphicMemo/Frontend/src/components/ListAllTable.tsx",
    "statementMap": {
      "0": {
        "start": {
          "line": 3,
          "column": 20
        },
        "end": {
          "line": 3,
          "column": 97
        }
      },
      "1": {
        "start": {
          "line": 6,
          "column": 0
        },
        "end": {
          "line": 16,
          "column": 1
        }
      },
      "2": {
        "start": {
          "line": 7,
          "column": 2
        },
        "end": {
          "line": 9,
          "column": 3
        }
      },
      "3": {
        "start": {
          "line": 8,
          "column": 4
        },
        "end": {
          "line": 8,
          "column": 165
        }
      },
      "4": {
        "start": {
          "line": 10,
          "column": 2
        },
        "end": {
          "line": 10,
          "column": 39
        }
      },
      "5": {
        "start": {
          "line": 11,
          "column": 2
        },
        "end": {
          "line": 11,
          "column": 39
        }
      },
      "6": {
        "start": {
          "line": 12,
          "column": 2
        },
        "end": {
          "line": 14,
          "column": 4
        }
      },
      "7": {
        "start": {
          "line": 13,
          "column": 4
        },
        "end": {
          "line": 13,
          "column": 139
        }
      },
      "8": {
        "start": {
          "line": 15,
          "column": 2
        },
        "end": {
          "line": 15,
          "column": 75
        }
      },
      "9": {
        "start": {
          "line": 19,
          "column": 2
        },
        "end": {
          "line": 55,
          "column": 11
        }
      },
      "10": {
        "start": {
          "line": 26,
          "column": 35
        },
        "end": {
          "line": 45,
          "column": 14
        }
      },
      "11": {
        "start": {
          "line": 57,
          "column": 0
        },
        "end": {
          "line": 57,
          "column": 18
        }
      },
      "12": {
        "start": {
          "line": 59,
          "column": 0
        },
        "end": {
          "line": 59,
          "column": 33
        }
      },
      "13": {
        "start": {
          "line": 60,
          "column": 0
        },
        "end": {
          "line": 63,
          "column": 1
        }
      },
      "14": {
        "start": {
          "line": 61,
          "column": 2
        },
        "end": {
          "line": 61,
          "column": 39
        }
      },
      "15": {
        "start": {
          "line": 62,
          "column": 2
        },
        "end": {
          "line": 62,
          "column": 39
        }
      },
      "16": {
        "start": {
          "line": 64,
          "column": 0
        },
        "end": {
          "line": 75,
          "column": 1
        }
      },
      "17": {
        "start": {
          "line": 65,
          "column": 2
        },
        "end": {
          "line": 74,
          "column": 5
        }
      },
      "18": {
        "start": {
          "line": 66,
          "column": 4
        },
        "end": {
          "line": 66,
          "column": 165
        }
      },
      "19": {
        "start": {
          "line": 67,
          "column": 4
        },
        "end": {
          "line": 73,
          "column": 7
        }
      },
      "20": {
        "start": {
          "line": 68,
          "column": 6
        },
        "end": {
          "line": 69,
          "column": 15
        }
      },
      "21": {
        "start": {
          "line": 69,
          "column": 8
        },
        "end": {
          "line": 69,
          "column": 15
        }
      },
      "22": {
        "start": {
          "line": 70,
          "column": 32
        },
        "end": {
          "line": 70,
          "column": 214
        }
      },
      "23": {
        "start": {
          "line": 71,
          "column": 6
        },
        "end": {
          "line": 72,
          "column": 54
        }
      },
      "24": {
        "start": {
          "line": 72,
          "column": 8
        },
        "end": {
          "line": 72,
          "column": 54
        }
      }
    },
    "fnMap": {
      "0": {
        "name": "(anonymous_0)",
        "decl": {
          "start": {
            "line": 12,
            "column": 24
          },
          "end": {
            "line": 12,
            "column": 25
          }
        },
        "loc": {
          "start": {
            "line": 12,
            "column": 38
          },
          "end": {
            "line": 14,
            "column": 3
          }
        },
        "line": 12
      },
      "1": {
        "name": "ListAllTable",
        "decl": {
          "start": {
            "line": 18,
            "column": 24
          },
          "end": {
            "line": 18,
            "column": 36
          }
        },
        "loc": {
          "start": {
            "line": 18,
            "column": 52
          },
          "end": {
            "line": 56,
            "column": 1
          }
        },
        "line": 18
      },
      "2": {
        "name": "(anonymous_2)",
        "decl": {
          "start": {
            "line": 26,
            "column": 6
          },
          "end": {
            "line": 26,
            "column": 7
          }
        },
        "loc": {
          "start": {
            "line": 26,
            "column": 35
          },
          "end": {
            "line": 45,
            "column": 14
          }
        },
        "line": 26
      },
      "3": {
        "name": "(anonymous_3)",
        "decl": {
          "start": {
            "line": 65,
            "column": 52
          },
          "end": {
            "line": 65,
            "column": 53
          }
        },
        "loc": {
          "start": {
            "line": 65,
            "column": 72
          },
          "end": {
            "line": 74,
            "column": 3
          }
        },
        "line": 65
      },
      "4": {
        "name": "(anonymous_4)",
        "decl": {
          "start": {
            "line": 67,
            "column": 27
          },
          "end": {
            "line": 67,
            "column": 28
          }
        },
        "loc": {
          "start": {
            "line": 67,
            "column": 44
          },
          "end": {
            "line": 73,
            "column": 5
          }
        },
        "line": 67
      }
    },
    "branchMap": {
      "0": {
        "loc": {
          "start": {
            "line": 3,
            "column": 20
          },
          "end": {
            "line": 3,
            "column": 97
          }
        },
        "type": "binary-expr",
        "locations": [
          {
            "start": {
              "line": 3,
              "column": 20
            },
            "end": {
              "line": 3,
              "column": 60
            }
          },
          {
            "start": {
              "line": 3,
              "column": 64
            },
            "end": {
              "line": 3,
              "column": 97
            }
          }
        ],
        "line": 3
      },
      "1": {
        "loc": {
          "start": {
            "line": 6,
            "column": 0
          },
          "end": {
            "line": 16,
            "column": 1
          }
        },
        "type": "if",
        "locations": [
          {
            "start": {
              "line": 6,
              "column": 0
            },
            "end": {
              "line": 16,
              "column": 1
            }
          },
          {
            "start": {},
            "end": {}
          }
        ],
        "line": 6
      },
      "2": {
        "loc": {
          "start": {
            "line": 6,
            "column": 4
          },
          "end": {
            "line": 6,
            "column": 35
          }
        },
        "type": "binary-expr",
        "locations": [
          {
            "start": {
              "line": 6,
              "column": 4
            },
            "end": {
              "line": 6,
              "column": 19
            }
          },
          {
            "start": {
              "line": 6,
              "column": 23
            },
            "end": {
              "line": 6,
              "column": 35
            }
          }
        ],
        "line": 6
      },
      "3": {
        "loc": {
          "start": {
            "line": 7,
            "column": 2
          },
          "end": {
            "line": 9,
            "column": 3
          }
        },
        "type": "if",
        "locations": [
          {
            "start": {
              "line": 7,
              "column": 2
            },
            "end": {
              "line": 9,
              "column": 3
            }
          },
          {
            "start": {},
            "end": {}
          }
        ],
        "line": 7
      },
      "4": {
        "loc": {
          "start": {
            "line": 60,
            "column": 0
          },
          "end": {
            "line": 63,
            "column": 1
          }
        },
        "type": "if",
        "locations": [
          {
            "start": {
              "line": 60,
              "column": 0
            },
            "end": {
              "line": 63,
              "column": 1
            }
          },
          {
            "start": {},
            "end": {}
          }
        ],
        "line": 60
      },
      "5": {
        "loc": {
          "start": {
            "line": 60,
            "column": 4
          },
          "end": {
            "line": 60,
            "column": 35
          }
        },
        "type": "binary-expr",
        "locations": [
          {
            "start": {
              "line": 60,
              "column": 4
            },
            "end": {
              "line": 60,
              "column": 19
            }
          },
          {
            "start": {
              "line": 60,
              "column": 23
            },
            "end": {
              "line": 60,
              "column": 35
            }
          }
        ],
        "line": 60
      },
      "6": {
        "loc": {
          "start": {
            "line": 64,
            "column": 0
          },
          "end": {
            "line": 75,
            "column": 1
          }
        },
        "type": "if",
        "locations": [
          {
            "start": {
              "line": 64,
              "column": 0
            },
            "end": {
              "line": 75,
              "column": 1
            }
          },
          {
            "start": {},
            "end": {}
          }
        ],
        "line": 64
      },
      "7": {
        "loc": {
          "start": {
            "line": 64,
            "column": 4
          },
          "end": {
            "line": 64,
            "column": 35
          }
        },
        "type": "binary-expr",
        "locations": [
          {
            "start": {
              "line": 64,
              "column": 4
            },
            "end": {
              "line": 64,
              "column": 19
            }
          },
          {
            "start": {
              "line": 64,
              "column": 23
            },
            "end": {
              "line": 64,
              "column": 35
            }
          }
        ],
        "line": 64
      },
      "8": {
        "loc": {
          "start": {
            "line": 68,
            "column": 6
          },
          "end": {
            "line": 69,
            "column": 15
          }
        },
        "type": "if",
        "locations": [
          {
            "start": {
              "line": 68,
              "column": 6
            },
            "end": {
              "line": 69,
              "column": 15
            }
          },
          {
            "start": {},
            "end": {}
          }
        ],
        "line": 68
      },
      "9": {
        "loc": {
          "start": {
            "line": 71,
            "column": 6
          },
          "end": {
            "line": 72,
            "column": 54
          }
        },
        "type": "if",
        "locations": [
          {
            "start": {
              "line": 71,
              "column": 6
            },
            "end": {
              "line": 72,
              "column": 54
            }
          },
          {
            "start": {},
            "end": {}
          }
        ],
        "line": 71
      }
    },
    "s": {
      "0": 15,
      "1": 15,
      "2": 15,
      "3": 0,
      "4": 15,
      "5": 15,
      "6": 15,
      "7": 15,
      "8": 15,
      "9": 72,
      "10": 112,
      "11": 15,
      "12": 15,
      "13": 15,
      "14": 15,
      "15": 15,
      "16": 15,
      "17": 15,
      "18": 15,
      "19": 15,
      "20": 0,
      "21": 0,
      "22": 0,
      "23": 0,
      "24": 0
    },
    "f": {
      "0": 15,
      "1": 72,
      "2": 112,
      "3": 15,
      "4": 0
    },
    "b": {
      "0": [
        15,
        0
      ],
      "1": [
        15,
        0
      ],
      "2": [
        15,
        15
      ],
      "3": [
        0,
        15
      ],
      "4": [
        15,
        0
      ],
      "5": [
        15,
        15
      ],
      "6": [
        15,
        0
      ],
      "7": [
        15,
        15
      ],
      "8": [
        0,
        0
      ],
      "9": [
        0,
        0
      ]
    },
    "inputSourceMap": {
      "version": 3,
      "mappings": "AASI,mBAEI,cAFJ;AATJ,2BAAqB;AAAkB;AAAA;AAAA;AAAA;AAAA;AAAA;AAAA;AAAA;AAAA;AAAA;AAAA;AAAA;AAAA;AAAA;AAAA;AAOvC,wBAAwBA,aAAa,EAAEC,UAAwB,GAAG;AAChE,SACE,mCACE,iCAAC,SAAI,WAAQ,mBACX;AAAA,2BAAC,OAAE,WAAU,gBAAe,WAAQ,2BAAyB,2BAA7D;AAAA;AAAA;AAAA;AAAA,WAEA;AAAA,IACCA,UAAUC;AAAAA,MAAI,CAACC,YACd,uBAAC,QAAK,WAAQ,yBAAwB,IAAI,WAAWA,QAAQC,EAAE,IAC7D,iCAAC,SACC;AAAA,+BAAC,OAAE,WAAU,mBAAmBD,kBAAQE,SAAxC;AAAA;AAAA;AAAA;AAAA,eAA8C;AAAA,QAC9C,uBAAC,OAAE,WAAU,cAAcF,kBAAQG,aAAnC;AAAA;AAAA;AAAA;AAAA,eAA6C;AAAA,WAF/C;AAAA;AAAA;AAAA;AAAA,aAGA,KAJF;AAAA;AAAA;AAAA;AAAA,aAKA;AAAA,IACD;AAAA,OAXH;AAAA;AAAA;AAAA;AAAA,SAYA,KAbF;AAAA;AAAA;AAAA;AAAA,SAcA;AAEJ;AAACC,KAlBuBP;AAAY,IAAAO;AAAAC,aAAAD,IAAA",
      "names": [
        "ListAllTable",
        "allComics",
        "map",
        "biglist",
        "id",
        "title",
        "publisher",
        "_c",
        "$RefreshReg$"
      ],
      "sources": [
        "C:/Users/z8r90/Desktop/projects/TypeScript/GraphicMemo/Frontend/src/components/ListAllTable.tsx"
      ],
      "file": "C:/Users/z8r90/Desktop/projects/TypeScript/GraphicMemo/Frontend/src/components/ListAllTable.tsx"
    },
    "_coverageSchema": "1a1c01bbd47fc00a2c39e90264f33305004495a9",
    "hash": "c582a46736bd50e28f652b8feb4f4cabba2f8a21"
  },
  "C:/Users/z8r90/Desktop/projects/TypeScript/GraphicMemo/Frontend/src/components/AllComicView.tsx": {
    "path": "C:/Users/z8r90/Desktop/projects/TypeScript/GraphicMemo/Frontend/src/components/AllComicView.tsx",
    "statementMap": {
      "0": {
        "start": {
          "line": 3,
          "column": 20
        },
        "end": {
          "line": 3,
          "column": 97
        }
      },
      "1": {
        "start": {
          "line": 6,
          "column": 0
        },
        "end": {
          "line": 16,
          "column": 1
        }
      },
      "2": {
        "start": {
          "line": 7,
          "column": 2
        },
        "end": {
          "line": 9,
          "column": 3
        }
      },
      "3": {
        "start": {
          "line": 8,
          "column": 4
        },
        "end": {
          "line": 8,
          "column": 165
        }
      },
      "4": {
        "start": {
          "line": 10,
          "column": 2
        },
        "end": {
          "line": 10,
          "column": 39
        }
      },
      "5": {
        "start": {
          "line": 11,
          "column": 2
        },
        "end": {
          "line": 11,
          "column": 39
        }
      },
      "6": {
        "start": {
          "line": 12,
          "column": 2
        },
        "end": {
          "line": 14,
          "column": 4
        }
      },
      "7": {
        "start": {
          "line": 13,
          "column": 4
        },
        "end": {
          "line": 13,
          "column": 139
        }
      },
      "8": {
        "start": {
          "line": 15,
          "column": 2
        },
        "end": {
          "line": 15,
          "column": 75
        }
      },
      "9": {
        "start": {
          "line": 17,
          "column": 9
        },
        "end": {
          "line": 17,
          "column": 23
        }
      },
      "10": {
        "start": {
          "line": 25,
          "column": 2
        },
        "end": {
          "line": 25,
          "column": 7
        }
      },
      "11": {
        "start": {
          "line": 26,
          "column": 36
        },
        "end": {
          "line": 26,
          "column": 48
        }
      },
      "12": {
        "start": {
          "line": 27,
          "column": 2
        },
        "end": {
          "line": 29,
          "column": 9
        }
      },
      "13": {
        "start": {
          "line": 28,
          "column": 4
        },
        "end": {
          "line": 28,
          "column": 111
        }
      },
      "14": {
        "start": {
          "line": 28,
          "column": 60
        },
        "end": {
          "line": 28,
          "column": 74
        }
      },
      "15": {
        "start": {
          "line": 28,
          "column": 91
        },
        "end": {
          "line": 28,
          "column": 109
        }
      },
      "16": {
        "start": {
          "line": 30,
          "column": 2
        },
        "end": {
          "line": 162,
          "column": 11
        }
      },
      "17": {
        "start": {
          "line": 46,
          "column": 35
        },
        "end": {
          "line": 102,
          "column": 11
        }
      },
      "18": {
        "start": {
          "line": 164,
          "column": 0
        },
        "end": {
          "line": 164,
          "column": 49
        }
      },
      "19": {
        "start": {
          "line": 165,
          "column": 0
        },
        "end": {
          "line": 165,
          "column": 18
        }
      },
      "20": {
        "start": {
          "line": 167,
          "column": 0
        },
        "end": {
          "line": 167,
          "column": 33
        }
      },
      "21": {
        "start": {
          "line": 168,
          "column": 0
        },
        "end": {
          "line": 171,
          "column": 1
        }
      },
      "22": {
        "start": {
          "line": 169,
          "column": 2
        },
        "end": {
          "line": 169,
          "column": 39
        }
      },
      "23": {
        "start": {
          "line": 170,
          "column": 2
        },
        "end": {
          "line": 170,
          "column": 39
        }
      },
      "24": {
        "start": {
          "line": 172,
          "column": 0
        },
        "end": {
          "line": 183,
          "column": 1
        }
      },
      "25": {
        "start": {
          "line": 173,
          "column": 2
        },
        "end": {
          "line": 182,
          "column": 5
        }
      },
      "26": {
        "start": {
          "line": 174,
          "column": 4
        },
        "end": {
          "line": 174,
          "column": 165
        }
      },
      "27": {
        "start": {
          "line": 175,
          "column": 4
        },
        "end": {
          "line": 181,
          "column": 7
        }
      },
      "28": {
        "start": {
          "line": 176,
          "column": 6
        },
        "end": {
          "line": 177,
          "column": 15
        }
      },
      "29": {
        "start": {
          "line": 177,
          "column": 8
        },
        "end": {
          "line": 177,
          "column": 15
        }
      },
      "30": {
        "start": {
          "line": 178,
          "column": 32
        },
        "end": {
          "line": 178,
          "column": 214
        }
      },
      "31": {
        "start": {
          "line": 179,
          "column": 6
        },
        "end": {
          "line": 180,
          "column": 54
        }
      },
      "32": {
        "start": {
          "line": 180,
          "column": 8
        },
        "end": {
          "line": 180,
          "column": 54
        }
      }
    },
    "fnMap": {
      "0": {
        "name": "(anonymous_0)",
        "decl": {
          "start": {
            "line": 12,
            "column": 24
          },
          "end": {
            "line": 12,
            "column": 25
          }
        },
        "loc": {
          "start": {
            "line": 12,
            "column": 38
          },
          "end": {
            "line": 14,
            "column": 3
          }
        },
        "line": 12
      },
      "1": {
        "name": "AllComicView",
        "decl": {
          "start": {
            "line": 24,
            "column": 24
          },
          "end": {
            "line": 24,
            "column": 36
          }
        },
        "loc": {
          "start": {
            "line": 24,
            "column": 39
          },
          "end": {
            "line": 163,
            "column": 1
          }
        },
        "line": 24
      },
      "2": {
        "name": "(anonymous_2)",
        "decl": {
          "start": {
            "line": 27,
            "column": 12
          },
          "end": {
            "line": 27,
            "column": 13
          }
        },
        "loc": {
          "start": {
            "line": 27,
            "column": 18
          },
          "end": {
            "line": 29,
            "column": 3
          }
        },
        "line": 27
      },
      "3": {
        "name": "(anonymous_3)",
        "decl": {
          "start": {
            "line": 28,
            "column": 47
          },
          "end": {
            "line": 28,
            "column": 48
          }
        },
        "loc": {
          "start": {
            "line": 28,
            "column": 60
          },
          "end": {
            "line": 28,
            "column": 74
          }
        },
        "line": 28
      },
      "4": {
        "name": "(anonymous_4)",
        "decl": {
          "start": {
            "line": 28,
            "column": 81
          },
          "end": {
            "line": 28,
            "column": 82
          }
        },
        "loc": {
          "start": {
            "line": 28,
            "column": 91
          },
          "end": {
            "line": 28,
            "column": 109
          }
        },
        "line": 28
      },
      "5": {
        "name": "(anonymous_5)",
        "decl": {
          "start": {
            "line": 46,
            "column": 10
          },
          "end": {
            "line": 46,
            "column": 11
          }
        },
        "loc": {
          "start": {
            "line": 46,
            "column": 35
          },
          "end": {
            "line": 102,
            "column": 11
          }
        },
        "line": 46
      },
      "6": {
        "name": "(anonymous_6)",
        "decl": {
          "start": {
            "line": 173,
            "column": 52
          },
          "end": {
            "line": 173,
            "column": 53
          }
        },
        "loc": {
          "start": {
            "line": 173,
            "column": 72
          },
          "end": {
            "line": 182,
            "column": 3
          }
        },
        "line": 173
      },
      "7": {
        "name": "(anonymous_7)",
        "decl": {
          "start": {
            "line": 175,
            "column": 27
          },
          "end": {
            "line": 175,
            "column": 28
          }
        },
        "loc": {
          "start": {
            "line": 175,
            "column": 44
          },
          "end": {
            "line": 181,
            "column": 5
          }
        },
        "line": 175
      }
    },
    "branchMap": {
      "0": {
        "loc": {
          "start": {
            "line": 3,
            "column": 20
          },
          "end": {
            "line": 3,
            "column": 97
          }
        },
        "type": "binary-expr",
        "locations": [
          {
            "start": {
              "line": 3,
              "column": 20
            },
            "end": {
              "line": 3,
              "column": 60
            }
          },
          {
            "start": {
              "line": 3,
              "column": 64
            },
            "end": {
              "line": 3,
              "column": 97
            }
          }
        ],
        "line": 3
      },
      "1": {
        "loc": {
          "start": {
            "line": 6,
            "column": 0
          },
          "end": {
            "line": 16,
            "column": 1
          }
        },
        "type": "if",
        "locations": [
          {
            "start": {
              "line": 6,
              "column": 0
            },
            "end": {
              "line": 16,
              "column": 1
            }
          },
          {
            "start": {},
            "end": {}
          }
        ],
        "line": 6
      },
      "2": {
        "loc": {
          "start": {
            "line": 6,
            "column": 4
          },
          "end": {
            "line": 6,
            "column": 35
          }
        },
        "type": "binary-expr",
        "locations": [
          {
            "start": {
              "line": 6,
              "column": 4
            },
            "end": {
              "line": 6,
              "column": 19
            }
          },
          {
            "start": {
              "line": 6,
              "column": 23
            },
            "end": {
              "line": 6,
              "column": 35
            }
          }
        ],
        "line": 6
      },
      "3": {
        "loc": {
          "start": {
            "line": 7,
            "column": 2
          },
          "end": {
            "line": 9,
            "column": 3
          }
        },
        "type": "if",
        "locations": [
          {
            "start": {
              "line": 7,
              "column": 2
            },
            "end": {
              "line": 9,
              "column": 3
            }
          },
          {
            "start": {},
            "end": {}
          }
        ],
        "line": 7
      },
      "4": {
        "loc": {
          "start": {
            "line": 45,
            "column": 104
          },
          "end": {
            "line": 107,
            "column": 16
          }
        },
        "type": "cond-expr",
        "locations": [
          {
            "start": {
              "line": 45,
              "column": 123
            },
            "end": {
              "line": 103,
              "column": 9
            }
          },
          {
            "start": {
              "line": 103,
              "column": 28
            },
            "end": {
              "line": 107,
              "column": 16
            }
          }
        ],
        "line": 45
      },
      "5": {
        "loc": {
          "start": {
            "line": 168,
            "column": 0
          },
          "end": {
            "line": 171,
            "column": 1
          }
        },
        "type": "if",
        "locations": [
          {
            "start": {
              "line": 168,
              "column": 0
            },
            "end": {
              "line": 171,
              "column": 1
            }
          },
          {
            "start": {},
            "end": {}
          }
        ],
        "line": 168
      },
      "6": {
        "loc": {
          "start": {
            "line": 168,
            "column": 4
          },
          "end": {
            "line": 168,
            "column": 35
          }
        },
        "type": "binary-expr",
        "locations": [
          {
            "start": {
              "line": 168,
              "column": 4
            },
            "end": {
              "line": 168,
              "column": 19
            }
          },
          {
            "start": {
              "line": 168,
              "column": 23
            },
            "end": {
              "line": 168,
              "column": 35
            }
          }
        ],
        "line": 168
      },
      "7": {
        "loc": {
          "start": {
            "line": 172,
            "column": 0
          },
          "end": {
            "line": 183,
            "column": 1
          }
        },
        "type": "if",
        "locations": [
          {
            "start": {
              "line": 172,
              "column": 0
            },
            "end": {
              "line": 183,
              "column": 1
            }
          },
          {
            "start": {},
            "end": {}
          }
        ],
        "line": 172
      },
      "8": {
        "loc": {
          "start": {
            "line": 172,
            "column": 4
          },
          "end": {
            "line": 172,
            "column": 35
          }
        },
        "type": "binary-expr",
        "locations": [
          {
            "start": {
              "line": 172,
              "column": 4
            },
            "end": {
              "line": 172,
              "column": 19
            }
          },
          {
            "start": {
              "line": 172,
              "column": 23
            },
            "end": {
              "line": 172,
              "column": 35
            }
          }
        ],
        "line": 172
      },
      "9": {
        "loc": {
          "start": {
            "line": 176,
            "column": 6
          },
          "end": {
            "line": 177,
            "column": 15
          }
        },
        "type": "if",
        "locations": [
          {
            "start": {
              "line": 176,
              "column": 6
            },
            "end": {
              "line": 177,
              "column": 15
            }
          },
          {
            "start": {},
            "end": {}
          }
        ],
        "line": 176
      },
      "10": {
        "loc": {
          "start": {
            "line": 179,
            "column": 6
          },
          "end": {
            "line": 180,
            "column": 54
          }
        },
        "type": "if",
        "locations": [
          {
            "start": {
              "line": 179,
              "column": 6
            },
            "end": {
              "line": 180,
              "column": 54
            }
          },
          {
            "start": {},
            "end": {}
          }
        ],
        "line": 179
      }
    },
    "s": {
      "0": 15,
      "1": 15,
      "2": 15,
      "3": 0,
      "4": 15,
      "5": 15,
      "6": 15,
      "7": 15,
      "8": 15,
      "9": 15,
      "10": 84,
      "11": 84,
      "12": 72,
      "13": 30,
      "14": 24,
      "15": 24,
      "16": 72,
      "17": 112,
      "18": 15,
      "19": 15,
      "20": 15,
      "21": 15,
      "22": 15,
      "23": 15,
      "24": 15,
      "25": 15,
      "26": 15,
      "27": 15,
      "28": 0,
      "29": 0,
      "30": 0,
      "31": 0,
      "32": 0
    },
    "f": {
      "0": 15,
      "1": 84,
      "2": 30,
      "3": 24,
      "4": 24,
      "5": 112,
      "6": 15,
      "7": 0
    },
    "b": {
      "0": [
        15,
        0
      ],
      "1": [
        15,
        0
      ],
      "2": [
        15,
        15
      ],
      "3": [
        0,
        15
      ],
      "4": [
        42,
        30
      ],
      "5": [
        15,
        0
      ],
      "6": [
        15,
        15
      ],
      "7": [
        15,
        0
      ],
      "8": [
        15,
        15
      ],
      "9": [
        0,
        0
      ],
      "10": [
        0,
        0
      ]
    },
    "inputSourceMap": {
      "version": 3,
      "mappings": "AAkBI,mBAOQ,cAPR;2BAlBJ;AAAmBA,oBAAiB,OAAO;AAAA;AAAA;AAAA;AAAA;AAAA;AAAA;AAAA;AAAA;AAAA;AAAA;AAAA;AAAA;AAAA;AAAA;AAAA;AAE3C,SAASC,YAAY;AACrB,OAAOC,QAAQ;AACf,OAAOC,YAAY;AACnB,OAAOC,mBAAmB;AAC1B,OAAOC,kBAAkB;AAEzB,wBAAwBC,eAAe;AAAAC,KAAA;AACrC,QAAM,CAACC,WAAWC,YAAY,IAAIC,SAAqB,EAAE;AAEzDV,YAAU,MAAM;AACdW,UAAM,8BAA8B,EACjCC,KAAK,CAACC,YAAYA,QAAQC,KAAK,CAAC,EAChCF,KAAK,CAACG,SAASN,aAAaM,IAAI,CAAC;AAAA,EACtC,GAAG,EAAE;AAEL,SACE,mCACE,iCAAC,SAAI,IAAG,UACN;AAAA,IAAC;AAAA;AAAA,MACC,IAAG;AAAA,MACH,WAAU;AAAA,MAEV;AAAA,+BAAC,SAAI,WAAU,qBACb,iCAAC,OAAE,WAAU,gBAAe,oCAA5B;AAAA;AAAA;AAAA;AAAA,eAAgD,KADlD;AAAA;AAAA;AAAA;AAAA,eAEA;AAAA,QACA,uBAAC,SAAI,WAAU,2CACZP,oBAAUQ,SACT,CAAC,GAAGR,SAAS,EACVS,QAAQ,EACRC,MAAM,GAAG,CAAC,EACVC;AAAAA,UAAI,CAACC,QACJ;AAAA,YAAC;AAAA;AAAA,cAEC,WAAU;AAAA,cAEV;AAAA,uCAAC,QAAK,IAAI,WAAWA,IAAIC,EAAE,IACzB;AAAA;AAAA,oBAAC;AAAA;AAAA,sBACC,KAAKD,IAAIE;AAAAA,sBACT,WAAU;AAAA,sBACV,KAAI;AAAA;AAAA,oBAHN;AAAA;AAAA;AAAA;AAAA;AAAA;AAAA;AAAA;AAAA,kBAGgB;AAAA,kBAEhB,uBAAC,QAAG,IAAG,aACJF;AAAAA,wBAAIG;AAAAA,oBAAU;AAAA,oBAAGH,IAAII;AAAAA,uBADxB;AAAA;AAAA;AAAA;AAAA,yBAEA;AAAA,qBARF;AAAA;AAAA;AAAA;AAAA,uBASA;AAAA,gBACA,uBAAC,SAAI,WAAU,yFACb,iCAAC,OAAE,mBAAH;AAAA;AAAA;AAAA;AAAA,uBAAM,KADR;AAAA;AAAA;AAAA;AAAA,uBAEA;AAAA,gBAAK;AAAA;AAAA;AAAA,YAfAJ,IAAIC;AAAAA,YADX;AAAA;AAAA;AAAA;AAAA;AAAA;AAAA;AAAA,UAkBA;AAAA,QACD,IAEH,uBAAC,OAAE,wCAAH;AAAA;AAAA;AAAA;AAAA,eAA2B,KA3B/B;AAAA;AAAA;AAAA;AAAA,eA6BA;AAAA,QACA,uBAAC,SAAI,WAAU,sEACb;AAAA,iCAAC,SAAI,WAAQ,UAAS,KAAKnB,IAAI,OAAO,EAAEuB,OAAO,QAAQ,KAAvD;AAAA;AAAA;AAAA;AAAA,iBAAyD;AAAA,UACzD,uBAAC,SAAI,WAAQ,cAAa,KAAKtB,QAAQ,OAAO,EAAEsB,OAAO,QAAQ,KAA/D;AAAA;AAAA;AAAA;AAAA,iBAAiE;AAAA,aAFnE;AAAA;AAAA;AAAA;AAAA,eAGA;AAAA,QACA,uBAAC,SAAI,WAAU,mCACb;AAAA,iCAAC,gBAAa,aAAd;AAAA;AAAA;AAAA;AAAA,iBAAmC;AAAA,UACnC,uBAAC,mBAAD;AAAA;AAAA;AAAA;AAAA,iBAAc;AAAA,aAFhB;AAAA;AAAA;AAAA;AAAA,eAGA;AAAA;AAAA;AAAA,IA5CF;AAAA;AAAA;AAAA;AAAA;AAAA;AAAA;AAAA;AAAA,EA6CA,KA9CF;AAAA;AAAA;AAAA;AAAA,SA+CA,KAhDF;AAAA;AAAA;AAAA;AAAA,SAiDA;AAEJ;AAAClB,GA7DuBD,cAAY;AAAAoB,KAAZpB;AAAY,IAAAoB;AAAAC,aAAAD,IAAA",
      "names": [
        "useEffect",
        "Link",
        "DC",
        "MARVEL",
        "LatestReviews",
        "ListAllTable",
        "AllComicView",
        "_s",
        "allComics",
        "setAllComics",
        "useState",
        "fetch",
        "then",
        "respone",
        "json",
        "data",
        "length",
        "reverse",
        "slice",
        "map",
        "com",
        "id",
        "imagecover",
        "character",
        "issue",
        "width",
        "_c",
        "$RefreshReg$"
      ],
      "sources": [
        "C:/Users/z8r90/Desktop/projects/TypeScript/GraphicMemo/Frontend/src/components/AllComicView.tsx"
      ],
      "file": "C:/Users/z8r90/Desktop/projects/TypeScript/GraphicMemo/Frontend/src/components/AllComicView.tsx"
    },
    "_coverageSchema": "1a1c01bbd47fc00a2c39e90264f33305004495a9",
    "hash": "e17f61da1d0663257f63ce721670f93eef73abe2"
  },
  "C:/Users/z8r90/Desktop/projects/TypeScript/GraphicMemo/Frontend/src/pages/Home.tsx": {
    "path": "C:/Users/z8r90/Desktop/projects/TypeScript/GraphicMemo/Frontend/src/pages/Home.tsx",
    "statementMap": {
      "0": {
        "start": {
          "line": 3,
          "column": 20
        },
        "end": {
          "line": 3,
          "column": 97
        }
      },
      "1": {
        "start": {
          "line": 6,
          "column": 0
        },
        "end": {
          "line": 16,
          "column": 1
        }
      },
      "2": {
        "start": {
          "line": 7,
          "column": 2
        },
        "end": {
          "line": 9,
          "column": 3
        }
      },
      "3": {
        "start": {
          "line": 8,
          "column": 4
        },
        "end": {
          "line": 8,
          "column": 165
        }
      },
      "4": {
        "start": {
          "line": 10,
          "column": 2
        },
        "end": {
          "line": 10,
          "column": 39
        }
      },
      "5": {
        "start": {
          "line": 11,
          "column": 2
        },
        "end": {
          "line": 11,
          "column": 39
        }
      },
      "6": {
        "start": {
          "line": 12,
          "column": 2
        },
        "end": {
          "line": 14,
          "column": 4
        }
      },
      "7": {
        "start": {
          "line": 13,
          "column": 4
        },
        "end": {
          "line": 13,
          "column": 126
        }
      },
      "8": {
        "start": {
          "line": 15,
          "column": 2
        },
        "end": {
          "line": 15,
          "column": 75
        }
      },
      "9": {
        "start": {
          "line": 20,
          "column": 2
        },
        "end": {
          "line": 28,
          "column": 11
        }
      },
      "10": {
        "start": {
          "line": 30,
          "column": 0
        },
        "end": {
          "line": 30,
          "column": 10
        }
      },
      "11": {
        "start": {
          "line": 32,
          "column": 0
        },
        "end": {
          "line": 32,
          "column": 25
        }
      },
      "12": {
        "start": {
          "line": 33,
          "column": 0
        },
        "end": {
          "line": 36,
          "column": 1
        }
      },
      "13": {
        "start": {
          "line": 34,
          "column": 2
        },
        "end": {
          "line": 34,
          "column": 39
        }
      },
      "14": {
        "start": {
          "line": 35,
          "column": 2
        },
        "end": {
          "line": 35,
          "column": 39
        }
      },
      "15": {
        "start": {
          "line": 37,
          "column": 0
        },
        "end": {
          "line": 48,
          "column": 1
        }
      },
      "16": {
        "start": {
          "line": 38,
          "column": 2
        },
        "end": {
          "line": 47,
          "column": 5
        }
      },
      "17": {
        "start": {
          "line": 39,
          "column": 4
        },
        "end": {
          "line": 39,
          "column": 152
        }
      },
      "18": {
        "start": {
          "line": 40,
          "column": 4
        },
        "end": {
          "line": 46,
          "column": 7
        }
      },
      "19": {
        "start": {
          "line": 41,
          "column": 6
        },
        "end": {
          "line": 42,
          "column": 15
        }
      },
      "20": {
        "start": {
          "line": 42,
          "column": 8
        },
        "end": {
          "line": 42,
          "column": 15
        }
      },
      "21": {
        "start": {
          "line": 43,
          "column": 32
        },
        "end": {
          "line": 43,
          "column": 201
        }
      },
      "22": {
        "start": {
          "line": 44,
          "column": 6
        },
        "end": {
          "line": 45,
          "column": 54
        }
      },
      "23": {
        "start": {
          "line": 45,
          "column": 8
        },
        "end": {
          "line": 45,
          "column": 54
        }
      }
    },
    "fnMap": {
      "0": {
        "name": "(anonymous_0)",
        "decl": {
          "start": {
            "line": 12,
            "column": 24
          },
          "end": {
            "line": 12,
            "column": 25
          }
        },
        "loc": {
          "start": {
            "line": 12,
            "column": 38
          },
          "end": {
            "line": 14,
            "column": 3
          }
        },
        "line": 12
      },
      "1": {
        "name": "Home",
        "decl": {
          "start": {
            "line": 19,
            "column": 24
          },
          "end": {
            "line": 19,
            "column": 28
          }
        },
        "loc": {
          "start": {
            "line": 19,
            "column": 31
          },
          "end": {
            "line": 29,
            "column": 1
          }
        },
        "line": 19
      },
      "2": {
        "name": "(anonymous_2)",
        "decl": {
          "start": {
            "line": 38,
            "column": 52
          },
          "end": {
            "line": 38,
            "column": 53
          }
        },
        "loc": {
          "start": {
            "line": 38,
            "column": 72
          },
          "end": {
            "line": 47,
            "column": 3
          }
        },
        "line": 38
      },
      "3": {
        "name": "(anonymous_3)",
        "decl": {
          "start": {
            "line": 40,
            "column": 27
          },
          "end": {
            "line": 40,
            "column": 28
          }
        },
        "loc": {
          "start": {
            "line": 40,
            "column": 44
          },
          "end": {
            "line": 46,
            "column": 5
          }
        },
        "line": 40
      }
    },
    "branchMap": {
      "0": {
        "loc": {
          "start": {
            "line": 3,
            "column": 20
          },
          "end": {
            "line": 3,
            "column": 97
          }
        },
        "type": "binary-expr",
        "locations": [
          {
            "start": {
              "line": 3,
              "column": 20
            },
            "end": {
              "line": 3,
              "column": 60
            }
          },
          {
            "start": {
              "line": 3,
              "column": 64
            },
            "end": {
              "line": 3,
              "column": 97
            }
          }
        ],
        "line": 3
      },
      "1": {
        "loc": {
          "start": {
            "line": 6,
            "column": 0
          },
          "end": {
            "line": 16,
            "column": 1
          }
        },
        "type": "if",
        "locations": [
          {
            "start": {
              "line": 6,
              "column": 0
            },
            "end": {
              "line": 16,
              "column": 1
            }
          },
          {
            "start": {},
            "end": {}
          }
        ],
        "line": 6
      },
      "2": {
        "loc": {
          "start": {
            "line": 6,
            "column": 4
          },
          "end": {
            "line": 6,
            "column": 35
          }
        },
        "type": "binary-expr",
        "locations": [
          {
            "start": {
              "line": 6,
              "column": 4
            },
            "end": {
              "line": 6,
              "column": 19
            }
          },
          {
            "start": {
              "line": 6,
              "column": 23
            },
            "end": {
              "line": 6,
              "column": 35
            }
          }
        ],
        "line": 6
      },
      "3": {
        "loc": {
          "start": {
            "line": 7,
            "column": 2
          },
          "end": {
            "line": 9,
            "column": 3
          }
        },
        "type": "if",
        "locations": [
          {
            "start": {
              "line": 7,
              "column": 2
            },
            "end": {
              "line": 9,
              "column": 3
            }
          },
          {
            "start": {},
            "end": {}
          }
        ],
        "line": 7
      },
      "4": {
        "loc": {
          "start": {
            "line": 33,
            "column": 0
          },
          "end": {
            "line": 36,
            "column": 1
          }
        },
        "type": "if",
        "locations": [
          {
            "start": {
              "line": 33,
              "column": 0
            },
            "end": {
              "line": 36,
              "column": 1
            }
          },
          {
            "start": {},
            "end": {}
          }
        ],
        "line": 33
      },
      "5": {
        "loc": {
          "start": {
            "line": 33,
            "column": 4
          },
          "end": {
            "line": 33,
            "column": 35
          }
        },
        "type": "binary-expr",
        "locations": [
          {
            "start": {
              "line": 33,
              "column": 4
            },
            "end": {
              "line": 33,
              "column": 19
            }
          },
          {
            "start": {
              "line": 33,
              "column": 23
            },
            "end": {
              "line": 33,
              "column": 35
            }
          }
        ],
        "line": 33
      },
      "6": {
        "loc": {
          "start": {
            "line": 37,
            "column": 0
          },
          "end": {
            "line": 48,
            "column": 1
          }
        },
        "type": "if",
        "locations": [
          {
            "start": {
              "line": 37,
              "column": 0
            },
            "end": {
              "line": 48,
              "column": 1
            }
          },
          {
            "start": {},
            "end": {}
          }
        ],
        "line": 37
      },
      "7": {
        "loc": {
          "start": {
            "line": 37,
            "column": 4
          },
          "end": {
            "line": 37,
            "column": 35
          }
        },
        "type": "binary-expr",
        "locations": [
          {
            "start": {
              "line": 37,
              "column": 4
            },
            "end": {
              "line": 37,
              "column": 19
            }
          },
          {
            "start": {
              "line": 37,
              "column": 23
            },
            "end": {
              "line": 37,
              "column": 35
            }
          }
        ],
        "line": 37
      },
      "8": {
        "loc": {
          "start": {
            "line": 41,
            "column": 6
          },
          "end": {
            "line": 42,
            "column": 15
          }
        },
        "type": "if",
        "locations": [
          {
            "start": {
              "line": 41,
              "column": 6
            },
            "end": {
              "line": 42,
              "column": 15
            }
          },
          {
            "start": {},
            "end": {}
          }
        ],
        "line": 41
      },
      "9": {
        "loc": {
          "start": {
            "line": 44,
            "column": 6
          },
          "end": {
            "line": 45,
            "column": 54
          }
        },
        "type": "if",
        "locations": [
          {
            "start": {
              "line": 44,
              "column": 6
            },
            "end": {
              "line": 45,
              "column": 54
            }
          },
          {
            "start": {},
            "end": {}
          }
        ],
        "line": 44
      }
    },
    "s": {
      "0": 15,
      "1": 15,
      "2": 15,
      "3": 0,
      "4": 15,
      "5": 15,
      "6": 15,
      "7": 15,
      "8": 15,
      "9": 42,
      "10": 15,
      "11": 15,
      "12": 15,
      "13": 15,
      "14": 15,
      "15": 15,
      "16": 15,
      "17": 15,
      "18": 15,
      "19": 0,
      "20": 0,
      "21": 0,
      "22": 0,
      "23": 0
    },
    "f": {
      "0": 15,
      "1": 42,
      "2": 15,
      "3": 0
    },
    "b": {
      "0": [
        15,
        0
      ],
      "1": [
        15,
        0
      ],
      "2": [
        15,
        15
      ],
      "3": [
        0,
        15
      ],
      "4": [
        15,
        0
      ],
      "5": [
        15,
        15
      ],
      "6": [
        15,
        0
      ],
      "7": [
        15,
        15
      ],
      "8": [
        0,
        0
      ],
      "9": [
        0,
        0
      ]
    },
    "inputSourceMap": {
      "version": 3,
      "mappings": "AAOM;AAPN,OAAOA,oBAAkB;AAAA,oBAA4B;AAAA;AAAA;AAAA;AAAA;AAAA;AAAA;AAAA;AAAA;AAAA;AAAA;AAAA;AAAA;AAAA;AAAA;AAErD,OAAO;AAEP,wBAAwBC,OAAO;AAC7B,SACE,uBAAC,SACC,iCAAC,kBAAD;AAAA;AAAA;AAAA;AAAA,SAAa,KADf;AAAA;AAAA;AAAA;AAAA,SAEA;AAEJ;AAACC,KANuBD;AAAI,IAAAC;AAAAC,aAAAD,IAAA",
      "names": [
        "AllComicView",
        "Home",
        "_c",
        "$RefreshReg$"
      ],
      "sources": [
        "C:/Users/z8r90/Desktop/projects/TypeScript/GraphicMemo/Frontend/src/pages/Home.tsx"
      ],
      "file": "C:/Users/z8r90/Desktop/projects/TypeScript/GraphicMemo/Frontend/src/pages/Home.tsx"
    },
    "_coverageSchema": "1a1c01bbd47fc00a2c39e90264f33305004495a9",
    "hash": "1305f61407c280d18e08d5c12bb3cce37abcce49"
  },
  "C:/Users/z8r90/Desktop/projects/TypeScript/GraphicMemo/Frontend/src/components/Footer.tsx": {
    "path": "C:/Users/z8r90/Desktop/projects/TypeScript/GraphicMemo/Frontend/src/components/Footer.tsx",
    "statementMap": {
      "0": {
        "start": {
          "line": 3,
          "column": 20
        },
        "end": {
          "line": 3,
          "column": 97
        }
      },
      "1": {
        "start": {
          "line": 6,
          "column": 0
        },
        "end": {
          "line": 16,
          "column": 1
        }
      },
      "2": {
        "start": {
          "line": 7,
          "column": 2
        },
        "end": {
          "line": 9,
          "column": 3
        }
      },
      "3": {
        "start": {
          "line": 8,
          "column": 4
        },
        "end": {
          "line": 8,
          "column": 165
        }
      },
      "4": {
        "start": {
          "line": 10,
          "column": 2
        },
        "end": {
          "line": 10,
          "column": 39
        }
      },
      "5": {
        "start": {
          "line": 11,
          "column": 2
        },
        "end": {
          "line": 11,
          "column": 39
        }
      },
      "6": {
        "start": {
          "line": 12,
          "column": 2
        },
        "end": {
          "line": 14,
          "column": 4
        }
      },
      "7": {
        "start": {
          "line": 13,
          "column": 4
        },
        "end": {
          "line": 13,
          "column": 133
        }
      },
      "8": {
        "start": {
          "line": 15,
          "column": 2
        },
        "end": {
          "line": 15,
          "column": 75
        }
      },
      "9": {
        "start": {
          "line": 18,
          "column": 2
        },
        "end": {
          "line": 30,
          "column": 11
        }
      },
      "10": {
        "start": {
          "line": 32,
          "column": 0
        },
        "end": {
          "line": 32,
          "column": 12
        }
      },
      "11": {
        "start": {
          "line": 34,
          "column": 0
        },
        "end": {
          "line": 34,
          "column": 27
        }
      },
      "12": {
        "start": {
          "line": 35,
          "column": 0
        },
        "end": {
          "line": 38,
          "column": 1
        }
      },
      "13": {
        "start": {
          "line": 36,
          "column": 2
        },
        "end": {
          "line": 36,
          "column": 39
        }
      },
      "14": {
        "start": {
          "line": 37,
          "column": 2
        },
        "end": {
          "line": 37,
          "column": 39
        }
      },
      "15": {
        "start": {
          "line": 39,
          "column": 0
        },
        "end": {
          "line": 50,
          "column": 1
        }
      },
      "16": {
        "start": {
          "line": 40,
          "column": 2
        },
        "end": {
          "line": 49,
          "column": 5
        }
      },
      "17": {
        "start": {
          "line": 41,
          "column": 4
        },
        "end": {
          "line": 41,
          "column": 159
        }
      },
      "18": {
        "start": {
          "line": 42,
          "column": 4
        },
        "end": {
          "line": 48,
          "column": 7
        }
      },
      "19": {
        "start": {
          "line": 43,
          "column": 6
        },
        "end": {
          "line": 44,
          "column": 15
        }
      },
      "20": {
        "start": {
          "line": 44,
          "column": 8
        },
        "end": {
          "line": 44,
          "column": 15
        }
      },
      "21": {
        "start": {
          "line": 45,
          "column": 32
        },
        "end": {
          "line": 45,
          "column": 208
        }
      },
      "22": {
        "start": {
          "line": 46,
          "column": 6
        },
        "end": {
          "line": 47,
          "column": 54
        }
      },
      "23": {
        "start": {
          "line": 47,
          "column": 8
        },
        "end": {
          "line": 47,
          "column": 54
        }
      }
    },
    "fnMap": {
      "0": {
        "name": "(anonymous_0)",
        "decl": {
          "start": {
            "line": 12,
            "column": 24
          },
          "end": {
            "line": 12,
            "column": 25
          }
        },
        "loc": {
          "start": {
            "line": 12,
            "column": 38
          },
          "end": {
            "line": 14,
            "column": 3
          }
        },
        "line": 12
      },
      "1": {
        "name": "Footer",
        "decl": {
          "start": {
            "line": 17,
            "column": 24
          },
          "end": {
            "line": 17,
            "column": 30
          }
        },
        "loc": {
          "start": {
            "line": 17,
            "column": 33
          },
          "end": {
            "line": 31,
            "column": 1
          }
        },
        "line": 17
      },
      "2": {
        "name": "(anonymous_2)",
        "decl": {
          "start": {
            "line": 40,
            "column": 52
          },
          "end": {
            "line": 40,
            "column": 53
          }
        },
        "loc": {
          "start": {
            "line": 40,
            "column": 72
          },
          "end": {
            "line": 49,
            "column": 3
          }
        },
        "line": 40
      },
      "3": {
        "name": "(anonymous_3)",
        "decl": {
          "start": {
            "line": 42,
            "column": 27
          },
          "end": {
            "line": 42,
            "column": 28
          }
        },
        "loc": {
          "start": {
            "line": 42,
            "column": 44
          },
          "end": {
            "line": 48,
            "column": 5
          }
        },
        "line": 42
      }
    },
    "branchMap": {
      "0": {
        "loc": {
          "start": {
            "line": 3,
            "column": 20
          },
          "end": {
            "line": 3,
            "column": 97
          }
        },
        "type": "binary-expr",
        "locations": [
          {
            "start": {
              "line": 3,
              "column": 20
            },
            "end": {
              "line": 3,
              "column": 60
            }
          },
          {
            "start": {
              "line": 3,
              "column": 64
            },
            "end": {
              "line": 3,
              "column": 97
            }
          }
        ],
        "line": 3
      },
      "1": {
        "loc": {
          "start": {
            "line": 6,
            "column": 0
          },
          "end": {
            "line": 16,
            "column": 1
          }
        },
        "type": "if",
        "locations": [
          {
            "start": {
              "line": 6,
              "column": 0
            },
            "end": {
              "line": 16,
              "column": 1
            }
          },
          {
            "start": {},
            "end": {}
          }
        ],
        "line": 6
      },
      "2": {
        "loc": {
          "start": {
            "line": 6,
            "column": 4
          },
          "end": {
            "line": 6,
            "column": 35
          }
        },
        "type": "binary-expr",
        "locations": [
          {
            "start": {
              "line": 6,
              "column": 4
            },
            "end": {
              "line": 6,
              "column": 19
            }
          },
          {
            "start": {
              "line": 6,
              "column": 23
            },
            "end": {
              "line": 6,
              "column": 35
            }
          }
        ],
        "line": 6
      },
      "3": {
        "loc": {
          "start": {
            "line": 7,
            "column": 2
          },
          "end": {
            "line": 9,
            "column": 3
          }
        },
        "type": "if",
        "locations": [
          {
            "start": {
              "line": 7,
              "column": 2
            },
            "end": {
              "line": 9,
              "column": 3
            }
          },
          {
            "start": {},
            "end": {}
          }
        ],
        "line": 7
      },
      "4": {
        "loc": {
          "start": {
            "line": 35,
            "column": 0
          },
          "end": {
            "line": 38,
            "column": 1
          }
        },
        "type": "if",
        "locations": [
          {
            "start": {
              "line": 35,
              "column": 0
            },
            "end": {
              "line": 38,
              "column": 1
            }
          },
          {
            "start": {},
            "end": {}
          }
        ],
        "line": 35
      },
      "5": {
        "loc": {
          "start": {
            "line": 35,
            "column": 4
          },
          "end": {
            "line": 35,
            "column": 35
          }
        },
        "type": "binary-expr",
        "locations": [
          {
            "start": {
              "line": 35,
              "column": 4
            },
            "end": {
              "line": 35,
              "column": 19
            }
          },
          {
            "start": {
              "line": 35,
              "column": 23
            },
            "end": {
              "line": 35,
              "column": 35
            }
          }
        ],
        "line": 35
      },
      "6": {
        "loc": {
          "start": {
            "line": 39,
            "column": 0
          },
          "end": {
            "line": 50,
            "column": 1
          }
        },
        "type": "if",
        "locations": [
          {
            "start": {
              "line": 39,
              "column": 0
            },
            "end": {
              "line": 50,
              "column": 1
            }
          },
          {
            "start": {},
            "end": {}
          }
        ],
        "line": 39
      },
      "7": {
        "loc": {
          "start": {
            "line": 39,
            "column": 4
          },
          "end": {
            "line": 39,
            "column": 35
          }
        },
        "type": "binary-expr",
        "locations": [
          {
            "start": {
              "line": 39,
              "column": 4
            },
            "end": {
              "line": 39,
              "column": 19
            }
          },
          {
            "start": {
              "line": 39,
              "column": 23
            },
            "end": {
              "line": 39,
              "column": 35
            }
          }
        ],
        "line": 39
      },
      "8": {
        "loc": {
          "start": {
            "line": 43,
            "column": 6
          },
          "end": {
            "line": 44,
            "column": 15
          }
        },
        "type": "if",
        "locations": [
          {
            "start": {
              "line": 43,
              "column": 6
            },
            "end": {
              "line": 44,
[...]
AE,WAAU,aAAY,yBAAzB;AAAA;AAAA;AAAA;AAAA,qBAAkC;AAAA,cAAK;AAAA,cACvC,uBAAC,OAAE,WAAU,QAAQL,cAAIM,YAAzB;AAAA;AAAA;AAAA;AAAA,qBAAkC;AAAA,iBAFpC;AAAA;AAAA;AAAA;AAAA,mBAGA;AAAA,YACA,uBAAC,SAAI,WAAU,QACb;AAAA,qCAAC,OAAE,WAAU,aAAY,+BAAzB;AAAA;AAAA;AAAA;AAAA,qBAAwC;AAAA,cAAK;AAAA,cAC7C,uBAAC,OAAE,WAAU,QAAQN,cAAIO,aAAzB;AAAA;AAAA;AAAA;AAAA,qBAAmC;AAAA,iBAFrC;AAAA;AAAA;AAAA;AAAA,mBAGA;AAAA,eAlBF;AAAA;AAAA;AAAA;AAAA,iBAmBA;AAAA,UACA,uBAAC,SACC,iCAAC,SAAI,WAAU,QACb;AAAA,mCAAC,OAAE,WAAU,aAAY,4BAAzB;AAAA;AAAA;AAAA;AAAA,mBAAqC;AAAA,YAAK;AAAA,YAC1C,uBAAC,OAAGP,cAAIQ,eAAR;AAAA;AAAA;AAAA;AAAA,mBAAoB;AAAA,eAFtB;AAAA;AAAA;AAAA;AAAA,iBAGA,KAJF;AAAA;AAAA;AAAA;AAAA,iBAKA;AAAA,aAlCF;AAAA;AAAA;AAAA;AAAA,eAmCA;AAAA,WA3CsBR,IAAItB,IAA5B;AAAA;AAAA;AAAA;AAAA,aA4CA;AAAA,IACD;AAAA,IACD,uBAAC,SAAI,WAAU,0DACb;AAAA,6BAAC,SAAI,WAAU,qBACb,iCAAC,QAAG,WAAU,oBAAmB,uBAAjC;AAAA;AAAA;AAAA;AAAA,aAAwC,KAD1C;AAAA;AAAA;AAAA;AAAA,aAEA;AAAA,MACA,uBAAC,SAAI,IAAG,mBAAkB,WAAU,SACjCF,gBAAMiC,SAAS,KACdjC,MAAM,CAAC,EAAEkC,QAAQX;AAAAA,QAAI,CAACY,WACpB,uBAAC,SAA2B,WAAU,sBACpC;AAAA,iCAAC,SAAI,WAAU,wBACb;AAAA,mCAAC,OAAE,WAAU,aAAaA,iBAAOC,eAAjC;AAAA;AAAA;AAAA;AAAA,mBAA6C;AAAA,YAC7C;AAAA,cAAC;AAAA;AAAA,gBACC,WAAU;AAAA,gBACV,SAAS,MAAMlB,qBAAqBiB,OAAOf,SAAS;AAAA,gBAEnD;AAAA,sBAAIiB,KAAKF,OAAOG,UAAU,EAAEC,mBAAmB;AAAA,kBAChD;AAAA,oBAAC;AAAA;AAAA,sBACC,MAAM3C;AAAAA,sBACN,MAAM;AAAA,sBACN,WAAU;AAAA;AAAA,oBAHZ;AAAA;AAAA;AAAA;AAAA;AAAA;AAAA;AAAA;AAAA,kBAGwB;AAAA;AAAA;AAAA,cAR1B;AAAA;AAAA;AAAA;AAAA;AAAA;AAAA;AAAA;AAAA,YAUA;AAAA,eAZF;AAAA;AAAA;AAAA;AAAA,iBAaA;AAAA,UACA,uBAAC,OAAE,WAAU,QAAQuC,iBAAOK,eAA5B;AAAA;AAAA;AAAA;AAAA,iBAAwC;AAAA,UACxC,uBAAC,OAAE,WAAU,sBAAoB;AAAA;AAAA,YACtBL,OAAOM;AAAAA,YAAc;AAAA,eADhC;AAAA;AAAA;AAAA;AAAA,iBAEA;AAAA,aAlBQN,OAAOf,WAAjB;AAAA;AAAA;AAAA;AAAA,eAmBA;AAAA,MACD,KAvBL;AAAA;AAAA;AAAA;AAAA,aAwBA;AAAA,SA5BF;AAAA;AAAA;AAAA;AAAA,WA6BA;AAAA,IACA,uBAAC,uBAAoB,IAAQ,aAAajB,eAA1C;AAAA;AAAA;AAAA;AAAA,WAAsD;AAAA,OA9ExD;AAAA;AAAA;AAAA;AAAA,SA+EA,KAhFF;AAAA;AAAA;AAAA;AAAA,SAiFA;AAEJ;AAACJ,GAzHuBD,aAAW;AAAA,UAElBL,SAAS;AAAA;AAAAiD,KAFF5C;AAAW,IAAA4C;AAAAC,aAAAD,IAAA",
      "names": [
        "useState",
        "useParams",
        "PostReviewComponent",
        "Icon",
        "mdiTrashCanOutline",
        "toast",
        "SingleComic",
        "_s",
        "comic",
        "setComic",
        "id",
        "FetchWithId",
        "response",
        "fetch",
        "data",
        "json",
        "DeleteComicFunction",
        "reviewId",
        "method",
        "headers",
        "body",
        "JSON",
        "stringify",
        "window",
        "location",
        "reload",
        "DeleteReviewFunction",
        "revId",
        "review_id",
        "success",
        "useEffect",
        "map",
        "com",
        "imagecover",
        "title",
        "issue",
        "author",
        "publisher",
        "released",
        "character",
        "description",
        "length",
        "reviews",
        "review",
        "review_user",
        "Date",
        "created_at",
        "toLocaleDateString",
        "review_text",
        "review_rating",
        "_c",
        "$RefreshReg$"
      ],
      "sources": [
        "C:/Users/z8r90/Desktop/projects/TypeScript/GraphicMemo/Frontend/src/pages/SingleComic.tsx"
      ],
      "file": "C:/Users/z8r90/Desktop/projects/TypeScript/GraphicMemo/Frontend/src/pages/SingleComic.tsx"
    },
    "_coverageSchema": "1a1c01bbd47fc00a2c39e90264f33305004495a9",
    "hash": "53146eef780d40fb09cea9cc138a4f9fabfe73c4"
  },
  "C:/Users/z8r90/Desktop/projects/TypeScript/GraphicMemo/Frontend/src/App.tsx": {
    "path": "C:/Users/z8r90/Desktop/projects/TypeScript/GraphicMemo/Frontend/src/App.tsx",
    "statementMap": {
      "0": {
        "start": {
          "line": 3,
          "column": 20
        },
        "end": {
          "line": 3,
          "column": 97
        }
      },
      "1": {
        "start": {
          "line": 6,
          "column": 0
        },
        "end": {
          "line": 16,
          "column": 1
        }
      },
      "2": {
        "start": {
          "line": 7,
          "column": 2
        },
        "end": {
          "line": 9,
          "column": 3
        }
      },
      "3": {
        "start": {
          "line": 8,
          "column": 4
        },
        "end": {
          "line": 8,
          "column": 165
        }
      },
      "4": {
        "start": {
          "line": 10,
          "column": 2
        },
        "end": {
          "line": 10,
          "column": 39
        }
      },
      "5": {
        "start": {
          "line": 11,
          "column": 2
        },
        "end": {
          "line": 11,
          "column": 39
        }
      },
      "6": {
        "start": {
          "line": 12,
          "column": 2
        },
        "end": {
          "line": 14,
          "column": 4
        }
      },
      "7": {
        "start": {
          "line": 13,
          "column": 4
        },
        "end": {
          "line": 13,
          "column": 119
        }
      },
      "8": {
        "start": {
          "line": 15,
          "column": 2
        },
        "end": {
          "line": 15,
          "column": 75
        }
      },
      "9": {
        "start": {
          "line": 24,
          "column": 17
        },
        "end": {
          "line": 93,
          "column": 3
        }
      },
      "10": {
        "start": {
          "line": 94,
          "column": 2
        },
        "end": {
          "line": 98,
          "column": 11
        }
      },
      "11": {
        "start": {
          "line": 100,
          "column": 0
        },
        "end": {
          "line": 100,
          "column": 9
        }
      },
      "12": {
        "start": {
          "line": 103,
          "column": 0
        },
        "end": {
          "line": 103,
          "column": 24
        }
      },
      "13": {
        "start": {
          "line": 104,
          "column": 0
        },
        "end": {
          "line": 107,
          "column": 1
        }
      },
      "14": {
        "start": {
          "line": 105,
          "column": 2
        },
        "end": {
          "line": 105,
          "column": 39
        }
      },
      "15": {
        "start": {
          "line": 106,
          "column": 2
        },
        "end": {
          "line": 106,
          "column": 39
        }
      },
      "16": {
        "start": {
          "line": 108,
          "column": 0
        },
        "end": {
          "line": 119,
          "column": 1
        }
      },
      "17": {
        "start": {
          "line": 109,
          "column": 2
        },
        "end": {
          "line": 118,
          "column": 5
        }
      },
      "18": {
        "start": {
          "line": 110,
          "column": 4
        },
        "end": {
          "line": 110,
          "column": 145
        }
      },
      "19": {
        "start": {
          "line": 111,
          "column": 4
        },
        "end": {
          "line": 117,
          "column": 7
        }
      },
      "20": {
        "start": {
          "line": 112,
          "column": 6
        },
        "end": {
          "line": 113,
          "column": 15
        }
      },
      "21": {
        "start": {
          "line": 113,
          "column": 8
        },
        "end": {
          "line": 113,
          "column": 15
        }
      },
      "22": {
        "start": {
          "line": 114,
          "column": 32
        },
        "end": {
          "line": 114,
          "column": 194
        }
      },
      "23": {
        "start": {
          "line": 115,
          "column": 6
        },
        "end": {
          "line": 116,
          "column": 54
        }
      },
      "24": {
        "start": {
          "line": 116,
          "column": 8
        },
        "end": {
          "line": 116,
          "column": 54
        }
      }
    },
    "fnMap": {
      "0": {
        "name": "(anonymous_0)",
        "decl": {
          "start": {
            "line": 12,
            "column": 24
          },
          "end": {
            "line": 12,
            "column": 25
          }
        },
        "loc": {
          "start": {
            "line": 12,
            "column": 38
          },
          "end": {
            "line": 14,
            "column": 3
          }
        },
        "line": 12
      },
      "1": {
        "name": "App",
        "decl": {
          "start": {
            "line": 23,
            "column": 9
          },
          "end": {
            "line": 23,
            "column": 12
          }
        },
        "loc": {
          "start": {
            "line": 23,
            "column": 15
          },
          "end": {
            "line": 99,
            "column": 1
          }
        },
        "line": 23
      },
      "2": {
        "name": "(anonymous_2)",
        "decl": {
          "start": {
            "line": 109,
            "column": 52
          },
          "end": {
            "line": 109,
            "column": 53
          }
        },
        "loc": {
          "start": {
            "line": 109,
            "column": 72
          },
          "end": {
            "line": 118,
            "column": 3
          }
        },
        "line": 109
      },
      "3": {
        "name": "(anonymous_3)",
        "decl": {
          "start": {
            "line": 111,
            "column": 27
          },
          "end": {
            "line": 111,
            "column": 28
          }
        },
        "loc": {
          "start": {
            "line": 111,
            "column": 44
          },
          "end": {
            "line": 117,
            "column": 5
          }
        },
        "line": 111
      }
    },
    "branchMap": {
      "0": {
        "loc": {
          "start": {
            "line": 3,
            "column": 20
          },
          "end": {
            "line": 3,
            "column": 97
          }
        },
        "type": "binary-expr",
        "locations": [
          {
            "start": {
              "line": 3,
              "column": 20
            },
            "end": {
              "line": 3,
              "column": 60
            }
          },
          {
            "start": {
              "line": 3,
              "column": 64
            },
            "end": {
              "line": 3,
              "column": 97
            }
          }
        ],
        "line": 3
      },
      "1": {
        "loc": {
          "start": {
            "line": 6,
            "column": 0
          },
          "end": {
            "line": 16,
            "column": 1
          }
        },
        "type": "if",
        "locations": [
          {
            "start": {
              "line": 6,
              "column": 0
            },
            "end": {
              "line": 16,
              "column": 1
            }
          },
          {
            "start": {},
            "end": {}
          }
        ],
        "line": 6
      },
      "2": {
        "loc": {
          "start": {
            "line": 6,
            "column": 4
          },
          "end": {
            "line": 6,
            "column": 35
          }
        },
        "type": "binary-expr",
        "locations": [
          {
            "start": {
              "line": 6,
              "column": 4
            },
            "end": {
              "line": 6,
              "column": 19
            }
          },
          {
            "start": {
              "line": 6,
              "column": 23
            },
            "end": {
              "line": 6,
              "column": 35
            }
          }
        ],
        "line": 6
      },
      "3": {
        "loc": {
          "start": {
            "line": 7,
            "column": 2
          },
          "end": {
            "line": 9,
            "column": 3
          }
        },
        "type": "if",
        "locations": [
          {
            "start": {
              "line": 7,
              "column": 2
            },
            "end": {
              "line": 9,
              "column": 3
            }
          },
          {
            "start": {},
            "end": {}
          }
        ],
        "line": 7
      },
      "4": {
        "loc": {
          "start": {
            "line": 104,
            "column": 0
          },
          "end": {
            "line": 107,
            "column": 1
          }
        },
        "type": "if",
        "locations": [
          {
            "start": {
              "line": 104,
              "column": 0
            },
            "end": {
              "line": 107,
              "column": 1
            }
          },
          {
            "start": {},
            "end": {}
          }
        ],
        "line": 104
      },
      "5": {
        "loc": {
          "start": {
            "line": 104,
            "column": 4
          },
          "end": {
            "line": 104,
            "column": 35
          }
        },
        "type": "binary-expr",
        "locations": [
          {
            "start": {
              "line": 104,
              "column": 4
            },
            "end": {
              "line": 104,
              "column": 19
            }
          },
          {
            "start": {
              "line": 104,
              "column": 23
            },
            "end": {
              "line": 104,
              "column": 35
            }
          }
        ],
        "line": 104
      },
      "6": {
        "loc": {
          "start": {
            "line": 108,
            "column": 0
          },
          "end": {
            "line": 119,
            "column": 1
          }
        },
        "type": "if",
        "locations": [
          {
            "start": {
              "line": 108,
              "column": 0
            },
            "end": {
              "line": 119,
              "column": 1
            }
          },
          {
            "start": {},
            "end": {}
          }
        ],
        "line": 108
      },
      "7": {
        "loc": {
          "start": {
            "line": 108,
            "column": 4
          },
          "end": {
            "line": 108,
            "column": 35
          }
        },
        "type": "binary-expr",
        "locations": [
          {
            "start": {
              "line": 108,
              "column": 4
            },
            "end": {
              "line": 108,
              "column": 19
            }
          },
          {
            "start": {
              "line": 108,
              "column": 23
            },
            "end": {
              "line": 108,
              "column": 35
            }
          }
        ],
        "line": 108
      },
      "8": {
        "loc": {
          "start": {
            "line": 112,
            "column": 6
          },
          "end": {
            "line": 113,
            "column": 15
          }
        },
        "type": "if",
        "locations": [
          {
            "start": {
              "line": 112,
              "column": 6
            },
            "end": {
              "line": 113,
              "column": 15
            }
          },
          {
            "start": {},
            "end": {}
          }
        ],
        "line": 112
      },
      "9": {
        "loc": {
          "start": {
            "line": 115,
            "column": 6
          },
          "end": {
            "line": 116,
            "column": 54
          }
        },
        "type": "if",
        "locations": [
          {
            "start": {
              "line": 115,
              "column": 6
            },
            "end": {
              "line": 116,
              "column": 54
            }
          },
          {
            "start": {},
            "end": {}
          }
        ],
        "line": 115
      }
    },
    "s": {
      "0": 15,
      "1": 15,
      "2": 15,
      "3": 0,
      "4": 15,
      "5": 15,
      "6": 15,
      "7": 15,
      "8": 15,
      "9": 42,
      "10": 42,
      "11": 15,
      "12": 15,
      "13": 15,
      "14": 15,
      "15": 15,
      "16": 15,
      "17": 15,
      "18": 15,
      "19": 15,
      "20": 0,
      "21": 0,
      "22": 0,
      "23": 0,
      "24": 0
    },
    "f": {
      "0": 15,
      "1": 42,
      "2": 15,
      "3": 0
    },
    "b": {
      "0": [
        15,
        0
      ],
      "1": [
        15,
        0
      ],
      "2": [
        15,
        15
      ],
      "3": [
        0,
        15
      ],
      "4": [
        15,
        0
      ],
      "5": [
        15,
        15
      ],
      "6": [
        15,
        0
      ],
      "7": [
        15,
        15
      ],
      "8": [
        0,
        0
      ],
      "9": [
        0,
        0
      ]
    },
    "inputSourceMap": {
      "version": 3,
      "mappings": "AAUmB,SAIX,UAJW;AAVnB,OAAOA,oBAAU;AAAc;AAAA;AAAA;AAAA;AAAA;AAAA;AAAA;AAAA;AAAA;AAAA;AAAA;AAAA;AAAA;AAAA;AAAA;AAC/B,OAAOC,YAAY;AACnB,OAAOC,YAAY;AACnB,OAAOC,iBAAiB;AACxB,SAASC,kBAAkBC,QAAQC,sBAAsB;AACzD,SAASC,sBAAsB;AAC/B,SAASC,MAAM;AACb,QAAMC,SAASL;AAAAA,IAAiB;AAAA,MAC9B;AAAA,QACEM,UAAU;AAAA,UACR,EAAEC,SAAS,uBAAC,UAAD;AAAA;AAAA;AAAA;AAAA,iBAAK,GAAKC,MAAM,IAAI;AAAA,UAC/B,EAAED,SAAS,uBAAC,iBAAD;AAAA;AAAA;AAAA;AAAA,iBAAY,GAAKC,MAAM,cAAc;AAAA,QAAC;AAAA,QAEnDD,SACE,mCACE,iCAAC,SAAI,WAAU,8BACb;AAAA,iCAAC,YAAD;AAAA;AAAA;AAAA;AAAA,iBAAO;AAAA,UACP,uBAAC,UAAK,WAAU,aACd;AAAA;AAAA,cAAC;AAAA;AAAA,gBACC,UAAS;AAAA,gBACT,WAAW;AAAA,gBACX,iBAAiB;AAAA,gBACjB,aAAa;AAAA,gBACb;AAAA,gBACA,KAAK;AAAA,gBACL,OAAM;AAAA,gBACN,WAAQ;AAAA;AAAA,cARV;AAAA;AAAA;AAAA;AAAA;AAAA;AAAA;AAAA;AAAA,YAQyB;AAAA,YAEzB,uBAAC,YAAD;AAAA;AAAA;AAAA;AAAA,mBAAO;AAAA,eAXT;AAAA;AAAA;AAAA;AAAA,iBAYA;AAAA,UACA,uBAAC,YAAD;AAAA;AAAA;AAAA;AAAA,iBAAO;AAAA,aAfT;AAAA;AAAA;AAAA;AAAA,eAgBA,KAjBF;AAAA;AAAA;AAAA;AAAA,eAkBA;AAAA,MAEJ;AAAA,IAAC;AAAA,EACF;AACD,SAAO,uBAAC,kBAAe,UAAhB;AAAA;AAAA;AAAA;AAAA,SAA+B;AACxC;AAACE,KA/BQL;AAiCT,eAAeA;AAAI,IAAAK;AAAAC,aAAAD,IAAA",
      "names": [
        "Home",
        "Footer",
        "NavBar",
        "SingleComic",
        "createHashRouter",
        "Outlet",
        "RouterProvider",
        "ToastContainer",
        "App",
        "router",
        "children",
        "element",
        "path",
        "_c",
        "$RefreshReg$"
      ],
      "sources": [
        "C:/Users/z8r90/Desktop/projects/TypeScript/GraphicMemo/Frontend/src/App.tsx"
      ],
      "file": "C:/Users/z8r90/Desktop/projects/TypeScript/GraphicMemo/Frontend/src/App.tsx"
    },
    "_coverageSchema": "1a1c01bbd47fc00a2c39e90264f33305004495a9",
    "hash": "566a4687ed0e80a93823dda924c6f7ed4892f99b"
  },
  "C:/Users/z8r90/Desktop/projects/TypeScript/GraphicMemo/Frontend/src/main.tsx": {
    "path": "C:/Users/z8r90/Desktop/projects/TypeScript/GraphicMemo/Frontend/src/main.tsx",
    "statementMap": {
      "0": {
        "start": {
          "line": 6,
          "column": 0
        },
        "end": {
          "line": 16,
          "column": 2
        }
      }
    },
    "fnMap": {},
    "branchMap": {},
    "s": {
      "0": 15
    },
    "f": {},
    "b": {},
    "inputSourceMap": {
      "version": 3,
      "mappings": "AAOI;AAPJ,OAAOA,WAAW;AAClB,OAAOC,cAAc;AACrB,OAAOC,SAAS;AAChB,OAAO;AAEPD,SAASE,WAAWC,SAASC,eAAe,MAAM,CAAE,EAAEC;AAAAA,EACpD,uBAAC,MAAM,YAAN,EACC,iCAAC,SAAD;AAAA;AAAA;AAAA;AAAA,SAAI,KADN;AAAA;AAAA;AAAA;AAAA,SAEA;AACF",
      "names": [
        "React",
        "ReactDOM",
        "App",
        "createRoot",
        "document",
        "getElementById",
        "render"
      ],
      "sources": [
        "C:/Users/z8r90/Desktop/projects/TypeScript/GraphicMemo/Frontend/src/main.tsx"
      ],
      "file": "C:/Users/z8r90/Desktop/projects/TypeScript/GraphicMemo/Frontend/src/main.tsx"
    },
    "_coverageSchema": "1a1c01bbd47fc00a2c39e90264f33305004495a9",
    "hash": "a1a8ed04dde044cae081f399eb9911722d02fce3"
  }
}